ASxxxx Assembler V02.00 + NoICE + SDCC mods  (Zilog Z80 / Hitachi HD64180), page 1.
Hexadecimal [16-Bits]



                              1 ;;
                              2 ;;Assets globals
                              3 ;;
                              4 
                              5 .globl _cannons_sp_00
                              6 .globl _cannons_sp_01
                              7 .globl _cannons_sp_02
                              8 .globl _cannons_sp_03
                              9 .globl _cannons_sp_04
                             10 .globl _cannons_sp_05
                             11 .globl _cannons_sp_06
                             12 .globl _cannons_sp_07
                             13 .globl _cannons_sp_08
                             14 .globl _cannons_sp_09
                             15 .globl _cannons_sp_10
                             16 .globl _cannons_sp_11
                             17 .globl _cannons_sp_12
                             18 .globl _cannons_sp_13
                             19 .globl _cannons_sp_14
                             20 .globl _cannons_sp_15
                             21 .globl _cannons_sp_16
                             22 .globl _cannons_sp_17
                             23 .globl _cannons_sp_18
                             24 .globl _cannons_sp_19
                             25 .globl _player_sp
                             26 .globl _spr2
                             27 .globl _spr3
                             28 .globl _spr4
                             29 .globl _mapa1
                             30 .globl _mapa2
                             31 .globl _mapa3
                             32 .globl _mapa4
                             33 .globl _mapa5
                             34 .globl _mapa6
                             35 .globl _single_mapa1
                             36 .globl _single_mapa2
                             37 .globl _single_mapa3
                             38 .globl _single_mapa4
                             39 .globl _single_mapa5
                             40 .globl _single_mapa6
                             41 .globl _plant_sp
                             42 
                             43 .globl _tileset_00
                             44 .globl _bala_sp
