ASxxxx Assembler V02.00 + NoICE + SDCC mods  (Zilog Z80 / Hitachi HD64180), page 1.
Hexadecimal [16-Bits]



                              1 ;;
                              2 ;;sys create bullet h
                              3 ;;
                              4 
                              5 .globl sys_create_bullet_init
                              6 .globl create_bullets_array
                              7 .globl hacer_disparo
                              8 
                              9 
                             10 
                     0001    11 _nivel_1x=1
                     0004    12 _nivel_1y=4
                     0002    13 _nivel_2x=2
                     0008    14 _nivel_2y=8
                             15 
                     FFFFFFFF    16 _nivel_1x_n=-1
                     FFFFFFFC    17 _nivel_1y_n=-4
                     FFFFFFFE    18 _nivel_2x_n=-2
                     FFFFFFF8    19 _nivel_2y_n=-8
                             20 
                             21 
                             22 .globl velocidad_balas
