ASxxxx Assembler V02.00 + NoICE + SDCC mods  (Zilog Z80 / Hitachi HD64180), page 1.
Hexadecimal [16-Bits]



                              1 ;;
                              2 ;; File src/mapas/source/single_mapa2.tmx converted to csv using cpct_tmx2data [Sun Oct 27 21:10:54 2019]
                              3 ;;   * Visible Layers:  1
                              4 ;;   * Layer Width:     20
                              5 ;;   * Layer Height:    25
                              6 ;;   * Bits per tile:   8
                              7 ;;   * Layer Bytes:     500 (20 x 25 items, 8 bits per item)
                              8 ;;   * Total Bytes:     500 (500 x 1, bytes per layer times layers)
                              9 ;;
                             10 
                             11 ;;#### Converted layer tilemaps ####
                             12 ;;   Visible layers: 1
                             13 ;;
                             14 ;;   Array 'single_mapa2' size: 500
   0000                      15 _single_mapa2::
   0000 11 11 11 11 11 11    16   .db 17,17,17,17,17,17,17,17,17,17,17,17,17,17,17,17,17,17,17,17
        11 11 11 11 11 11
        11 11 11 11 11 11
        11 11
   0014 15 15 15 15 15 15    17   .db 21,21,21,21,21,21,21,21,21,21,21,21,21,21,21,21,21,21,21,21
        15 15 15 15 15 15
        15 15 15 15 15 15
        15 15
   0028 11 01 01 01 01 01    18   .db 17, 1, 1, 1, 1, 1, 1, 1, 1, 1, 1, 1, 1, 1, 1, 1, 1, 1, 1,17
        01 01 01 01 01 01
        01 01 01 01 01 01
        01 11
   003C 15 01 01 01 01 01    19   .db 21, 1, 1, 1, 1, 1, 1, 1, 1, 1, 1, 1, 1, 1, 1, 1, 1, 1, 1,21
        01 01 01 01 01 01
        01 01 01 01 01 01
        01 15
   0050 11 01 01 01 01 01    20   .db 17, 1, 1, 1, 1, 1, 1, 1, 1, 1, 1, 1, 1, 1, 1, 1, 1, 1, 1,17
        01 01 01 01 01 01
        01 01 01 01 01 01
        01 11
   0064 15 01 01 01 01 01    21   .db 21, 1, 1, 1, 1, 1, 1, 1, 1, 1, 1, 1, 1, 1, 1, 1, 1, 1, 1,21
        01 01 01 01 01 01
        01 01 01 01 01 01
        01 15
   0078 11 01 01 10 10 10    22   .db 17, 1, 1,16,16,16,16,16,16,16,16,16,16,16,16,16,16,16,16,17
        10 10 10 10 10 10
        10 10 10 10 10 10
        10 11
   008C 15 01 01 14 14 14    23   .db 21, 1, 1,20,20,20,20,20,20,20,20,20,20,20,20,20,20,20,20,21
        14 14 14 14 14 14
        14 14 14 14 14 14
        14 15
   00A0 11 01 01 11 01 01    24   .db 17, 1, 1,17, 1, 1, 1, 1, 1,17, 1, 1, 1, 1, 1,17,17,17,17,17
        01 01 01 11 01 01
        01 01 01 11 11 11
        11 11
   00B4 15 01 01 15 01 01    25   .db 21, 1, 1,21, 1, 1, 1, 1, 1,21, 1, 1, 1, 1, 1,17,17,17,17,21
        01 01 01 15 01 01
        01 01 01 11 11 11
        11 15
ASxxxx Assembler V02.00 + NoICE + SDCC mods  (Zilog Z80 / Hitachi HD64180), page 2.
Hexadecimal [16-Bits]



   00C8 11 01 01 01 01 01    26   .db 17, 1, 1, 1, 1, 1, 1, 1, 1, 1, 1, 1, 1, 1, 1,21,21,21,21,17
        01 01 01 01 01 01
        01 01 01 15 15 15
        15 11
   00DC 15 01 01 01 01 01    27   .db 21, 1, 1, 1, 1, 1,16, 1, 1, 1, 1, 1,16, 1, 1, 1, 1, 1, 1,21
        10 01 01 01 01 01
        10 01 01 01 01 01
        01 15
   00F0 11 01 01 01 01 01    28   .db 17, 1, 1, 1, 1, 1,20, 1, 1, 1, 1, 1,20, 1, 1, 1, 1, 1, 1,17
        14 01 01 01 01 01
        14 01 01 01 01 01
        01 11
   0104 15 10 10 10 10 10    29   .db 21,16,16,16,16,16,17,16,16,16,16,16,17,16,16,16,16, 1, 1,21
        11 10 10 10 10 10
        11 10 10 10 10 01
        01 15
   0118 11 14 14 14 14 14    30   .db 17,20,20,20,20,20,21,20,20,20,20,20,21,20,20,20,20, 1, 1,17
        15 14 14 14 14 14
        15 14 14 14 14 01
        01 11
   012C 15 15 01 01 11 01    31   .db 21,21, 1, 1,17, 1, 1, 1, 1, 1,17, 1, 1, 1, 1, 1,17, 1, 1,21
        01 01 01 01 11 01
        01 01 01 01 11 01
        01 15
   0140 11 11 01 01 15 01    32   .db 17,17, 1, 1,21, 1, 1, 1, 1, 1,21, 1, 1, 1, 1, 1,21, 1, 1,17
        01 01 01 01 15 01
        01 01 01 01 15 01
        01 11
   0154 15 15 01 01 01 01    33   .db 21,21, 1, 1, 1, 1, 1, 1, 1, 1, 1, 1, 1, 1, 1, 1, 1, 1, 1,21
        01 01 01 01 01 01
        01 01 01 01 01 01
        01 15
   0168 11 11 01 01 01 01    34   .db 17,17, 1, 1, 1, 1, 1,16, 1, 1, 1, 1, 1,16, 1, 1, 1, 1, 1,17
        01 10 01 01 01 01
        01 10 01 01 01 01
        01 11
   017C 15 15 01 01 01 01    35   .db 21,21, 1, 1, 1, 1, 1,20, 1, 1, 1, 1, 1,20, 1, 1, 1, 1, 1,21
        01 14 01 01 01 01
        01 14 01 01 01 01
        01 15
   0190 11 11 10 10 10 10    36   .db 17,17,16,16,16,16,16,17,16,16,16,16,16,17,16,16,16,16,16,17
        10 11 10 10 10 10
        10 11 10 10 10 10
        10 11
   01A4 15 15 14 14 14 14    37   .db 21,21,20,20,20,20,20,21,20,20,20,20,20,21,20,20,20,20,20,21
        14 15 14 14 14 14
        14 15 14 14 14 14
        14 15
   01B8 08 09 09 09 09 09    38   .db  8, 9, 9, 9, 9, 9, 9, 9, 9, 9, 9, 9, 9, 9, 9, 9, 9, 9, 9,10
        09 09 09 09 09 09
        09 09 09 09 09 09
        09 0A
   01CC 0F 01 01 01 01 01    39   .db 15, 1, 1, 1, 1, 1, 1, 1, 1, 1, 1, 1, 1, 1, 1, 1, 1, 1, 1,11
        01 01 01 01 01 01
        01 01 01 01 01 01
ASxxxx Assembler V02.00 + NoICE + SDCC mods  (Zilog Z80 / Hitachi HD64180), page 3.
Hexadecimal [16-Bits]



        01 0B
   01E0 0C 0D 0D 0D 0D 0D    40   .db 12,13,13,13,13,13,13,13,13,13,13,13,13,13,13,13,13,13,13,14
        0D 0D 0D 0D 0D 0D
        0D 0D 0D 0D 0D 0D
        0D 0E
