                              1 ;--------------------------------------------------------
                              2 ; File Created by SDCC : free open source ANSI-C Compiler
                              3 ; Version 3.6.8 #9946 (Linux)
                              4 ;--------------------------------------------------------
                              5 	.module tiles32_32
                              6 	.optsdcc -mz80
                              7 	
                              8 ;--------------------------------------------------------
                              9 ; Public variables in this module
                             10 ;--------------------------------------------------------
                             11 	.globl _tileset_31
                             12 	.globl _tileset_30
                             13 	.globl _tileset_29
                             14 	.globl _tileset_28
                             15 	.globl _tileset_27
                             16 	.globl _tileset_26
                             17 	.globl _tileset_25
                             18 	.globl _tileset_24
                             19 	.globl _tileset_23
                             20 	.globl _tileset_22
                             21 	.globl _tileset_21
                             22 	.globl _tileset_20
                             23 	.globl _tileset_19
                             24 	.globl _tileset_18
                             25 	.globl _tileset_17
                             26 	.globl _tileset_16
                             27 	.globl _tileset_15
                             28 	.globl _tileset_14
                             29 	.globl _tileset_13
                             30 	.globl _tileset_12
                             31 	.globl _tileset_11
                             32 	.globl _tileset_10
                             33 	.globl _tileset_09
                             34 	.globl _tileset_08
                             35 	.globl _tileset_07
                             36 	.globl _tileset_06
                             37 	.globl _tileset_05
                             38 	.globl _tileset_04
                             39 	.globl _tileset_03
                             40 	.globl _tileset_02
                             41 	.globl _tileset_01
                             42 	.globl _tileset_00
                             43 ;--------------------------------------------------------
                             44 ; special function registers
                             45 ;--------------------------------------------------------
                             46 ;--------------------------------------------------------
                             47 ; ram data
                             48 ;--------------------------------------------------------
                             49 	.area _DATA
                             50 ;--------------------------------------------------------
                             51 ; ram data
                             52 ;--------------------------------------------------------
                             53 	.area _INITIALIZED
                             54 ;--------------------------------------------------------
                             55 ; absolute external ram data
                             56 ;--------------------------------------------------------
                             57 	.area _DABS (ABS)
                             58 ;--------------------------------------------------------
                             59 ; global & static initialisations
                             60 ;--------------------------------------------------------
                             61 	.area _HOME
                             62 	.area _GSINIT
                             63 	.area _GSFINAL
                             64 	.area _GSINIT
                             65 ;--------------------------------------------------------
                             66 ; Home
                             67 ;--------------------------------------------------------
                             68 	.area _HOME
                             69 	.area _HOME
                             70 ;--------------------------------------------------------
                             71 ; code
                             72 ;--------------------------------------------------------
                             73 	.area _CODE
                             74 	.area _CODE
   0000                      75 _tileset_00:
   0000 00                   76 	.db #0x00	; 0
   0001 00                   77 	.db #0x00	; 0
   0002 00                   78 	.db #0x00	; 0
   0003 00                   79 	.db #0x00	; 0
   0004 00                   80 	.db #0x00	; 0
   0005 00                   81 	.db #0x00	; 0
   0006 00                   82 	.db #0x00	; 0
   0007 00                   83 	.db #0x00	; 0
   0008 00                   84 	.db #0x00	; 0
   0009 00                   85 	.db #0x00	; 0
   000A 00                   86 	.db #0x00	; 0
   000B 00                   87 	.db #0x00	; 0
   000C 00                   88 	.db #0x00	; 0
   000D 00                   89 	.db #0x00	; 0
   000E 00                   90 	.db #0x00	; 0
   000F 00                   91 	.db #0x00	; 0
   0010 00                   92 	.db #0x00	; 0
   0011 00                   93 	.db #0x00	; 0
   0012 00                   94 	.db #0x00	; 0
   0013 00                   95 	.db #0x00	; 0
   0014 00                   96 	.db #0x00	; 0
   0015 00                   97 	.db #0x00	; 0
   0016 00                   98 	.db #0x00	; 0
   0017 00                   99 	.db #0x00	; 0
   0018 00                  100 	.db #0x00	; 0
   0019 00                  101 	.db #0x00	; 0
   001A 00                  102 	.db #0x00	; 0
   001B 00                  103 	.db #0x00	; 0
   001C 00                  104 	.db #0x00	; 0
   001D 00                  105 	.db #0x00	; 0
   001E 00                  106 	.db #0x00	; 0
   001F 00                  107 	.db #0x00	; 0
   0020                     108 _tileset_01:
   0020 00                  109 	.db #0x00	; 0
   0021 00                  110 	.db #0x00	; 0
   0022 00                  111 	.db #0x00	; 0
   0023 00                  112 	.db #0x00	; 0
   0024 00                  113 	.db #0x00	; 0
   0025 00                  114 	.db #0x00	; 0
   0026 00                  115 	.db #0x00	; 0
   0027 00                  116 	.db #0x00	; 0
   0028 00                  117 	.db #0x00	; 0
   0029 00                  118 	.db #0x00	; 0
   002A 00                  119 	.db #0x00	; 0
   002B 00                  120 	.db #0x00	; 0
   002C 00                  121 	.db #0x00	; 0
   002D 00                  122 	.db #0x00	; 0
   002E 00                  123 	.db #0x00	; 0
   002F 00                  124 	.db #0x00	; 0
   0030 00                  125 	.db #0x00	; 0
   0031 00                  126 	.db #0x00	; 0
   0032 00                  127 	.db #0x00	; 0
   0033 00                  128 	.db #0x00	; 0
   0034 00                  129 	.db #0x00	; 0
   0035 00                  130 	.db #0x00	; 0
   0036 00                  131 	.db #0x00	; 0
   0037 00                  132 	.db #0x00	; 0
   0038 00                  133 	.db #0x00	; 0
   0039 00                  134 	.db #0x00	; 0
   003A 00                  135 	.db #0x00	; 0
   003B 00                  136 	.db #0x00	; 0
   003C 00                  137 	.db #0x00	; 0
   003D 00                  138 	.db #0x00	; 0
   003E 00                  139 	.db #0x00	; 0
   003F 00                  140 	.db #0x00	; 0
   0040                     141 _tileset_02:
   0040 00                  142 	.db #0x00	; 0
   0041 00                  143 	.db #0x00	; 0
   0042 00                  144 	.db #0x00	; 0
   0043 00                  145 	.db #0x00	; 0
   0044 00                  146 	.db #0x00	; 0
   0045 00                  147 	.db #0x00	; 0
   0046 00                  148 	.db #0x00	; 0
   0047 00                  149 	.db #0x00	; 0
   0048 00                  150 	.db #0x00	; 0
   0049 00                  151 	.db #0x00	; 0
   004A 00                  152 	.db #0x00	; 0
   004B 00                  153 	.db #0x00	; 0
   004C 00                  154 	.db #0x00	; 0
   004D 00                  155 	.db #0x00	; 0
   004E 00                  156 	.db #0x00	; 0
   004F 00                  157 	.db #0x00	; 0
   0050 00                  158 	.db #0x00	; 0
   0051 00                  159 	.db #0x00	; 0
   0052 00                  160 	.db #0x00	; 0
   0053 00                  161 	.db #0x00	; 0
   0054 00                  162 	.db #0x00	; 0
   0055 00                  163 	.db #0x00	; 0
   0056 00                  164 	.db #0x00	; 0
   0057 00                  165 	.db #0x00	; 0
   0058 00                  166 	.db #0x00	; 0
   0059 00                  167 	.db #0x00	; 0
   005A 00                  168 	.db #0x00	; 0
   005B 00                  169 	.db #0x00	; 0
   005C 00                  170 	.db #0x00	; 0
   005D 00                  171 	.db #0x00	; 0
   005E 00                  172 	.db #0x00	; 0
   005F 00                  173 	.db #0x00	; 0
   0060                     174 _tileset_03:
   0060 00                  175 	.db #0x00	; 0
   0061 00                  176 	.db #0x00	; 0
   0062 00                  177 	.db #0x00	; 0
   0063 00                  178 	.db #0x00	; 0
   0064 00                  179 	.db #0x00	; 0
   0065 00                  180 	.db #0x00	; 0
   0066 00                  181 	.db #0x00	; 0
   0067 00                  182 	.db #0x00	; 0
   0068 00                  183 	.db #0x00	; 0
   0069 00                  184 	.db #0x00	; 0
   006A 00                  185 	.db #0x00	; 0
   006B 00                  186 	.db #0x00	; 0
   006C 00                  187 	.db #0x00	; 0
   006D 00                  188 	.db #0x00	; 0
   006E 00                  189 	.db #0x00	; 0
   006F 00                  190 	.db #0x00	; 0
   0070 00                  191 	.db #0x00	; 0
   0071 00                  192 	.db #0x00	; 0
   0072 00                  193 	.db #0x00	; 0
   0073 00                  194 	.db #0x00	; 0
   0074 00                  195 	.db #0x00	; 0
   0075 00                  196 	.db #0x00	; 0
   0076 00                  197 	.db #0x00	; 0
   0077 00                  198 	.db #0x00	; 0
   0078 00                  199 	.db #0x00	; 0
   0079 00                  200 	.db #0x00	; 0
   007A 00                  201 	.db #0x00	; 0
   007B 00                  202 	.db #0x00	; 0
   007C 00                  203 	.db #0x00	; 0
   007D 00                  204 	.db #0x00	; 0
   007E 00                  205 	.db #0x00	; 0
   007F 00                  206 	.db #0x00	; 0
   0080                     207 _tileset_04:
   0080 00                  208 	.db #0x00	; 0
   0081 00                  209 	.db #0x00	; 0
   0082 00                  210 	.db #0x00	; 0
   0083 00                  211 	.db #0x00	; 0
   0084 00                  212 	.db #0x00	; 0
   0085 00                  213 	.db #0x00	; 0
   0086 00                  214 	.db #0x00	; 0
   0087 00                  215 	.db #0x00	; 0
   0088 00                  216 	.db #0x00	; 0
   0089 00                  217 	.db #0x00	; 0
   008A 00                  218 	.db #0x00	; 0
   008B 00                  219 	.db #0x00	; 0
   008C 00                  220 	.db #0x00	; 0
   008D 00                  221 	.db #0x00	; 0
   008E 00                  222 	.db #0x00	; 0
   008F 00                  223 	.db #0x00	; 0
   0090 00                  224 	.db #0x00	; 0
   0091 00                  225 	.db #0x00	; 0
   0092 00                  226 	.db #0x00	; 0
   0093 00                  227 	.db #0x00	; 0
   0094 00                  228 	.db #0x00	; 0
   0095 00                  229 	.db #0x00	; 0
   0096 00                  230 	.db #0x00	; 0
   0097 00                  231 	.db #0x00	; 0
   0098 00                  232 	.db #0x00	; 0
   0099 00                  233 	.db #0x00	; 0
   009A 00                  234 	.db #0x00	; 0
   009B 00                  235 	.db #0x00	; 0
   009C 00                  236 	.db #0x00	; 0
   009D 00                  237 	.db #0x00	; 0
   009E 00                  238 	.db #0x00	; 0
   009F 00                  239 	.db #0x00	; 0
   00A0                     240 _tileset_05:
   00A0 00                  241 	.db #0x00	; 0
   00A1 00                  242 	.db #0x00	; 0
   00A2 00                  243 	.db #0x00	; 0
   00A3 00                  244 	.db #0x00	; 0
   00A4 00                  245 	.db #0x00	; 0
   00A5 00                  246 	.db #0x00	; 0
   00A6 00                  247 	.db #0x00	; 0
   00A7 00                  248 	.db #0x00	; 0
   00A8 00                  249 	.db #0x00	; 0
   00A9 00                  250 	.db #0x00	; 0
   00AA 00                  251 	.db #0x00	; 0
   00AB 00                  252 	.db #0x00	; 0
   00AC 00                  253 	.db #0x00	; 0
   00AD 00                  254 	.db #0x00	; 0
   00AE 00                  255 	.db #0x00	; 0
   00AF 00                  256 	.db #0x00	; 0
   00B0 00                  257 	.db #0x00	; 0
   00B1 00                  258 	.db #0x00	; 0
   00B2 00                  259 	.db #0x00	; 0
   00B3 00                  260 	.db #0x00	; 0
   00B4 00                  261 	.db #0x00	; 0
   00B5 00                  262 	.db #0x00	; 0
   00B6 00                  263 	.db #0x00	; 0
   00B7 00                  264 	.db #0x00	; 0
   00B8 00                  265 	.db #0x00	; 0
   00B9 00                  266 	.db #0x00	; 0
   00BA 00                  267 	.db #0x00	; 0
   00BB 00                  268 	.db #0x00	; 0
   00BC 00                  269 	.db #0x00	; 0
   00BD 00                  270 	.db #0x00	; 0
   00BE 00                  271 	.db #0x00	; 0
   00BF 00                  272 	.db #0x00	; 0
   00C0                     273 _tileset_06:
   00C0 00                  274 	.db #0x00	; 0
   00C1 00                  275 	.db #0x00	; 0
   00C2 00                  276 	.db #0x00	; 0
   00C3 00                  277 	.db #0x00	; 0
   00C4 00                  278 	.db #0x00	; 0
   00C5 00                  279 	.db #0x00	; 0
   00C6 00                  280 	.db #0x00	; 0
   00C7 00                  281 	.db #0x00	; 0
   00C8 00                  282 	.db #0x00	; 0
   00C9 00                  283 	.db #0x00	; 0
   00CA 00                  284 	.db #0x00	; 0
   00CB 00                  285 	.db #0x00	; 0
   00CC 00                  286 	.db #0x00	; 0
   00CD 00                  287 	.db #0x00	; 0
   00CE 00                  288 	.db #0x00	; 0
   00CF 00                  289 	.db #0x00	; 0
   00D0 00                  290 	.db #0x00	; 0
   00D1 00                  291 	.db #0x00	; 0
   00D2 00                  292 	.db #0x00	; 0
   00D3 00                  293 	.db #0x00	; 0
   00D4 00                  294 	.db #0x00	; 0
   00D5 00                  295 	.db #0x00	; 0
   00D6 00                  296 	.db #0x00	; 0
   00D7 00                  297 	.db #0x00	; 0
   00D8 00                  298 	.db #0x00	; 0
   00D9 00                  299 	.db #0x00	; 0
   00DA 00                  300 	.db #0x00	; 0
   00DB 00                  301 	.db #0x00	; 0
   00DC 00                  302 	.db #0x00	; 0
   00DD 00                  303 	.db #0x00	; 0
   00DE 00                  304 	.db #0x00	; 0
   00DF 00                  305 	.db #0x00	; 0
   00E0                     306 _tileset_07:
   00E0 00                  307 	.db #0x00	; 0
   00E1 00                  308 	.db #0x00	; 0
   00E2 00                  309 	.db #0x00	; 0
   00E3 00                  310 	.db #0x00	; 0
   00E4 00                  311 	.db #0x00	; 0
   00E5 00                  312 	.db #0x00	; 0
   00E6 00                  313 	.db #0x00	; 0
   00E7 00                  314 	.db #0x00	; 0
   00E8 00                  315 	.db #0x00	; 0
   00E9 00                  316 	.db #0x00	; 0
   00EA 00                  317 	.db #0x00	; 0
   00EB 00                  318 	.db #0x00	; 0
   00EC 00                  319 	.db #0x00	; 0
   00ED 00                  320 	.db #0x00	; 0
   00EE 00                  321 	.db #0x00	; 0
   00EF 00                  322 	.db #0x00	; 0
   00F0 00                  323 	.db #0x00	; 0
   00F1 00                  324 	.db #0x00	; 0
   00F2 00                  325 	.db #0x00	; 0
   00F3 00                  326 	.db #0x00	; 0
   00F4 00                  327 	.db #0x00	; 0
   00F5 00                  328 	.db #0x00	; 0
   00F6 00                  329 	.db #0x00	; 0
   00F7 00                  330 	.db #0x00	; 0
   00F8 00                  331 	.db #0x00	; 0
   00F9 00                  332 	.db #0x00	; 0
   00FA 00                  333 	.db #0x00	; 0
   00FB 00                  334 	.db #0x00	; 0
   00FC 00                  335 	.db #0x00	; 0
   00FD 00                  336 	.db #0x00	; 0
   00FE 00                  337 	.db #0x00	; 0
   00FF 00                  338 	.db #0x00	; 0
   0100                     339 _tileset_08:
   0100 C0                  340 	.db #0xc0	; 192
   0101 C0                  341 	.db #0xc0	; 192
   0102 C0                  342 	.db #0xc0	; 192
   0103 C0                  343 	.db #0xc0	; 192
   0104 C0                  344 	.db #0xc0	; 192
   0105 C0                  345 	.db #0xc0	; 192
   0106 C0                  346 	.db #0xc0	; 192
   0107 C0                  347 	.db #0xc0	; 192
   0108 80                  348 	.db #0x80	; 128
   0109 00                  349 	.db #0x00	; 0
   010A 00                  350 	.db #0x00	; 0
   010B 00                  351 	.db #0x00	; 0
   010C 00                  352 	.db #0x00	; 0
   010D 00                  353 	.db #0x00	; 0
   010E 00                  354 	.db #0x00	; 0
   010F C0                  355 	.db #0xc0	; 192
   0110 80                  356 	.db #0x80	; 128
   0111 00                  357 	.db #0x00	; 0
   0112 00                  358 	.db #0x00	; 0
   0113 00                  359 	.db #0x00	; 0
   0114 00                  360 	.db #0x00	; 0
   0115 00                  361 	.db #0x00	; 0
   0116 00                  362 	.db #0x00	; 0
   0117 80                  363 	.db #0x80	; 128
   0118 80                  364 	.db #0x80	; 128
   0119 00                  365 	.db #0x00	; 0
   011A 00                  366 	.db #0x00	; 0
   011B 00                  367 	.db #0x00	; 0
   011C 00                  368 	.db #0x00	; 0
   011D 00                  369 	.db #0x00	; 0
   011E 00                  370 	.db #0x00	; 0
   011F 80                  371 	.db #0x80	; 128
   0120                     372 _tileset_09:
   0120 C0                  373 	.db #0xc0	; 192
   0121 C0                  374 	.db #0xc0	; 192
   0122 C0                  375 	.db #0xc0	; 192
   0123 C0                  376 	.db #0xc0	; 192
   0124 C0                  377 	.db #0xc0	; 192
   0125 C0                  378 	.db #0xc0	; 192
   0126 C0                  379 	.db #0xc0	; 192
   0127 C0                  380 	.db #0xc0	; 192
   0128 00                  381 	.db #0x00	; 0
   0129 00                  382 	.db #0x00	; 0
   012A 00                  383 	.db #0x00	; 0
   012B 00                  384 	.db #0x00	; 0
   012C 00                  385 	.db #0x00	; 0
   012D 00                  386 	.db #0x00	; 0
   012E 00                  387 	.db #0x00	; 0
   012F 00                  388 	.db #0x00	; 0
   0130 00                  389 	.db #0x00	; 0
   0131 00                  390 	.db #0x00	; 0
   0132 00                  391 	.db #0x00	; 0
   0133 00                  392 	.db #0x00	; 0
   0134 00                  393 	.db #0x00	; 0
   0135 00                  394 	.db #0x00	; 0
   0136 00                  395 	.db #0x00	; 0
   0137 00                  396 	.db #0x00	; 0
   0138 00                  397 	.db #0x00	; 0
   0139 00                  398 	.db #0x00	; 0
   013A 00                  399 	.db #0x00	; 0
   013B 00                  400 	.db #0x00	; 0
   013C 00                  401 	.db #0x00	; 0
   013D 00                  402 	.db #0x00	; 0
   013E 00                  403 	.db #0x00	; 0
   013F 00                  404 	.db #0x00	; 0
   0140                     405 _tileset_10:
   0140 C0                  406 	.db #0xc0	; 192
   0141 C0                  407 	.db #0xc0	; 192
   0142 C0                  408 	.db #0xc0	; 192
   0143 C0                  409 	.db #0xc0	; 192
   0144 C0                  410 	.db #0xc0	; 192
   0145 C0                  411 	.db #0xc0	; 192
   0146 C0                  412 	.db #0xc0	; 192
   0147 C0                  413 	.db #0xc0	; 192
   0148 00                  414 	.db #0x00	; 0
   0149 00                  415 	.db #0x00	; 0
   014A 00                  416 	.db #0x00	; 0
   014B 40                  417 	.db #0x40	; 64
   014C C0                  418 	.db #0xc0	; 192
   014D 00                  419 	.db #0x00	; 0
   014E 00                  420 	.db #0x00	; 0
   014F 00                  421 	.db #0x00	; 0
   0150 00                  422 	.db #0x00	; 0
   0151 00                  423 	.db #0x00	; 0
   0152 00                  424 	.db #0x00	; 0
   0153 40                  425 	.db #0x40	; 64
   0154 40                  426 	.db #0x40	; 64
   0155 00                  427 	.db #0x00	; 0
   0156 00                  428 	.db #0x00	; 0
   0157 00                  429 	.db #0x00	; 0
   0158 00                  430 	.db #0x00	; 0
   0159 00                  431 	.db #0x00	; 0
   015A 00                  432 	.db #0x00	; 0
   015B 40                  433 	.db #0x40	; 64
   015C 40                  434 	.db #0x40	; 64
   015D 00                  435 	.db #0x00	; 0
   015E 00                  436 	.db #0x00	; 0
   015F 00                  437 	.db #0x00	; 0
   0160                     438 _tileset_11:
   0160 00                  439 	.db #0x00	; 0
   0161 00                  440 	.db #0x00	; 0
   0162 00                  441 	.db #0x00	; 0
   0163 40                  442 	.db #0x40	; 64
   0164 40                  443 	.db #0x40	; 64
   0165 00                  444 	.db #0x00	; 0
   0166 00                  445 	.db #0x00	; 0
   0167 00                  446 	.db #0x00	; 0
   0168 00                  447 	.db #0x00	; 0
   0169 00                  448 	.db #0x00	; 0
   016A 00                  449 	.db #0x00	; 0
   016B 40                  450 	.db #0x40	; 64
   016C 40                  451 	.db #0x40	; 64
   016D 00                  452 	.db #0x00	; 0
   016E 00                  453 	.db #0x00	; 0
   016F 00                  454 	.db #0x00	; 0
   0170 00                  455 	.db #0x00	; 0
   0171 00                  456 	.db #0x00	; 0
   0172 00                  457 	.db #0x00	; 0
   0173 40                  458 	.db #0x40	; 64
   0174 40                  459 	.db #0x40	; 64
   0175 00                  460 	.db #0x00	; 0
   0176 00                  461 	.db #0x00	; 0
   0177 00                  462 	.db #0x00	; 0
   0178 00                  463 	.db #0x00	; 0
   0179 00                  464 	.db #0x00	; 0
   017A 00                  465 	.db #0x00	; 0
   017B 40                  466 	.db #0x40	; 64
   017C 40                  467 	.db #0x40	; 64
   017D 00                  468 	.db #0x00	; 0
   017E 00                  469 	.db #0x00	; 0
   017F 00                  470 	.db #0x00	; 0
   0180                     471 _tileset_12:
   0180 80                  472 	.db #0x80	; 128
   0181 00                  473 	.db #0x00	; 0
   0182 00                  474 	.db #0x00	; 0
   0183 00                  475 	.db #0x00	; 0
   0184 00                  476 	.db #0x00	; 0
   0185 00                  477 	.db #0x00	; 0
   0186 00                  478 	.db #0x00	; 0
   0187 80                  479 	.db #0x80	; 128
   0188 80                  480 	.db #0x80	; 128
   0189 00                  481 	.db #0x00	; 0
   018A 00                  482 	.db #0x00	; 0
   018B 00                  483 	.db #0x00	; 0
   018C 00                  484 	.db #0x00	; 0
   018D 00                  485 	.db #0x00	; 0
   018E 00                  486 	.db #0x00	; 0
   018F 80                  487 	.db #0x80	; 128
   0190 C0                  488 	.db #0xc0	; 192
   0191 C0                  489 	.db #0xc0	; 192
   0192 C0                  490 	.db #0xc0	; 192
   0193 C0                  491 	.db #0xc0	; 192
   0194 C0                  492 	.db #0xc0	; 192
   0195 C0                  493 	.db #0xc0	; 192
   0196 C0                  494 	.db #0xc0	; 192
   0197 C0                  495 	.db #0xc0	; 192
   0198 C0                  496 	.db #0xc0	; 192
   0199 00                  497 	.db #0x00	; 0
   019A 00                  498 	.db #0x00	; 0
   019B 00                  499 	.db #0x00	; 0
   019C 00                  500 	.db #0x00	; 0
   019D 00                  501 	.db #0x00	; 0
   019E 00                  502 	.db #0x00	; 0
   019F 80                  503 	.db #0x80	; 128
   01A0                     504 _tileset_13:
   01A0 00                  505 	.db #0x00	; 0
   01A1 00                  506 	.db #0x00	; 0
   01A2 00                  507 	.db #0x00	; 0
   01A3 00                  508 	.db #0x00	; 0
   01A4 00                  509 	.db #0x00	; 0
   01A5 00                  510 	.db #0x00	; 0
   01A6 00                  511 	.db #0x00	; 0
   01A7 00                  512 	.db #0x00	; 0
   01A8 00                  513 	.db #0x00	; 0
   01A9 00                  514 	.db #0x00	; 0
   01AA 00                  515 	.db #0x00	; 0
   01AB 00                  516 	.db #0x00	; 0
   01AC 00                  517 	.db #0x00	; 0
   01AD 00                  518 	.db #0x00	; 0
   01AE 00                  519 	.db #0x00	; 0
   01AF 00                  520 	.db #0x00	; 0
   01B0 C0                  521 	.db #0xc0	; 192
   01B1 C0                  522 	.db #0xc0	; 192
   01B2 C0                  523 	.db #0xc0	; 192
   01B3 C0                  524 	.db #0xc0	; 192
   01B4 C0                  525 	.db #0xc0	; 192
   01B5 C0                  526 	.db #0xc0	; 192
   01B6 C0                  527 	.db #0xc0	; 192
   01B7 C0                  528 	.db #0xc0	; 192
   01B8 00                  529 	.db #0x00	; 0
   01B9 00                  530 	.db #0x00	; 0
   01BA 00                  531 	.db #0x00	; 0
   01BB 00                  532 	.db #0x00	; 0
   01BC 00                  533 	.db #0x00	; 0
   01BD 00                  534 	.db #0x00	; 0
   01BE 00                  535 	.db #0x00	; 0
   01BF 00                  536 	.db #0x00	; 0
   01C0                     537 _tileset_14:
   01C0 00                  538 	.db #0x00	; 0
   01C1 00                  539 	.db #0x00	; 0
   01C2 00                  540 	.db #0x00	; 0
   01C3 40                  541 	.db #0x40	; 64
   01C4 40                  542 	.db #0x40	; 64
   01C5 00                  543 	.db #0x00	; 0
   01C6 00                  544 	.db #0x00	; 0
   01C7 00                  545 	.db #0x00	; 0
   01C8 00                  546 	.db #0x00	; 0
   01C9 00                  547 	.db #0x00	; 0
   01CA 00                  548 	.db #0x00	; 0
   01CB 40                  549 	.db #0x40	; 64
   01CC 40                  550 	.db #0x40	; 64
   01CD 00                  551 	.db #0x00	; 0
   01CE 00                  552 	.db #0x00	; 0
   01CF 00                  553 	.db #0x00	; 0
   01D0 C0                  554 	.db #0xc0	; 192
   01D1 C0                  555 	.db #0xc0	; 192
   01D2 C0                  556 	.db #0xc0	; 192
   01D3 C0                  557 	.db #0xc0	; 192
   01D4 C0                  558 	.db #0xc0	; 192
   01D5 C0                  559 	.db #0xc0	; 192
   01D6 C0                  560 	.db #0xc0	; 192
   01D7 C0                  561 	.db #0xc0	; 192
   01D8 00                  562 	.db #0x00	; 0
   01D9 00                  563 	.db #0x00	; 0
   01DA 00                  564 	.db #0x00	; 0
   01DB C0                  565 	.db #0xc0	; 192
   01DC 40                  566 	.db #0x40	; 64
   01DD 00                  567 	.db #0x00	; 0
   01DE 00                  568 	.db #0x00	; 0
   01DF 00                  569 	.db #0x00	; 0
   01E0                     570 _tileset_15:
   01E0 80                  571 	.db #0x80	; 128
   01E1 00                  572 	.db #0x00	; 0
   01E2 00                  573 	.db #0x00	; 0
   01E3 00                  574 	.db #0x00	; 0
   01E4 00                  575 	.db #0x00	; 0
   01E5 00                  576 	.db #0x00	; 0
   01E6 00                  577 	.db #0x00	; 0
   01E7 80                  578 	.db #0x80	; 128
   01E8 80                  579 	.db #0x80	; 128
   01E9 00                  580 	.db #0x00	; 0
   01EA 00                  581 	.db #0x00	; 0
   01EB 00                  582 	.db #0x00	; 0
   01EC 00                  583 	.db #0x00	; 0
   01ED 00                  584 	.db #0x00	; 0
   01EE 00                  585 	.db #0x00	; 0
   01EF 80                  586 	.db #0x80	; 128
   01F0 80                  587 	.db #0x80	; 128
   01F1 00                  588 	.db #0x00	; 0
   01F2 00                  589 	.db #0x00	; 0
   01F3 00                  590 	.db #0x00	; 0
   01F4 00                  591 	.db #0x00	; 0
   01F5 00                  592 	.db #0x00	; 0
   01F6 00                  593 	.db #0x00	; 0
   01F7 80                  594 	.db #0x80	; 128
   01F8 80                  595 	.db #0x80	; 128
   01F9 00                  596 	.db #0x00	; 0
   01FA 00                  597 	.db #0x00	; 0
   01FB 00                  598 	.db #0x00	; 0
   01FC 00                  599 	.db #0x00	; 0
   01FD 00                  600 	.db #0x00	; 0
   01FE 00                  601 	.db #0x00	; 0
   01FF 80                  602 	.db #0x80	; 128
   0200                     603 _tileset_16:
   0200 C0                  604 	.db #0xc0	; 192
   0201 C0                  605 	.db #0xc0	; 192
   0202 C0                  606 	.db #0xc0	; 192
   0203 C0                  607 	.db #0xc0	; 192
   0204 C0                  608 	.db #0xc0	; 192
   0205 C0                  609 	.db #0xc0	; 192
   0206 C0                  610 	.db #0xc0	; 192
   0207 C0                  611 	.db #0xc0	; 192
   0208 D2                  612 	.db #0xd2	; 210
   0209 C3                  613 	.db #0xc3	; 195
   020A D2                  614 	.db #0xd2	; 210
   020B C3                  615 	.db #0xc3	; 195
   020C F0                  616 	.db #0xf0	; 240
   020D F0                  617 	.db #0xf0	; 240
   020E F0                  618 	.db #0xf0	; 240
   020F F0                  619 	.db #0xf0	; 240
   0210 C2                  620 	.db #0xc2	; 194
   0211 E1                  621 	.db #0xe1	; 225
   0212 C2                  622 	.db #0xc2	; 194
   0213 E1                  623 	.db #0xe1	; 225
   0214 F0                  624 	.db #0xf0	; 240
   0215 D2                  625 	.db #0xd2	; 210
   0216 F0                  626 	.db #0xf0	; 240
   0217 D2                  627 	.db #0xd2	; 210
   0218 C2                  628 	.db #0xc2	; 194
   0219 C3                  629 	.db #0xc3	; 195
   021A C2                  630 	.db #0xc2	; 194
   021B C3                  631 	.db #0xc3	; 195
   021C C3                  632 	.db #0xc3	; 195
   021D D2                  633 	.db #0xd2	; 210
   021E C3                  634 	.db #0xc3	; 195
   021F D2                  635 	.db #0xd2	; 210
   0220                     636 _tileset_17:
   0220 C3                  637 	.db #0xc3	; 195
   0221 D2                  638 	.db #0xd2	; 210
   0222 C3                  639 	.db #0xc3	; 195
   0223 D2                  640 	.db #0xd2	; 210
   0224 C2                  641 	.db #0xc2	; 194
   0225 C3                  642 	.db #0xc3	; 195
   0226 C2                  643 	.db #0xc2	; 194
   0227 C3                  644 	.db #0xc3	; 195
   0228 D2                  645 	.db #0xd2	; 210
   0229 D2                  646 	.db #0xd2	; 210
   022A F0                  647 	.db #0xf0	; 240
   022B D2                  648 	.db #0xd2	; 210
   022C C2                  649 	.db #0xc2	; 194
   022D E1                  650 	.db #0xe1	; 225
   022E C2                  651 	.db #0xc2	; 194
   022F C3                  652 	.db #0xc3	; 195
   0230 C2                  653 	.db #0xc2	; 194
   0231 E1                  654 	.db #0xe1	; 225
   0232 C2                  655 	.db #0xc2	; 194
   0233 E1                  656 	.db #0xe1	; 225
   0234 F0                  657 	.db #0xf0	; 240
   0235 D2                  658 	.db #0xd2	; 210
   0236 F0                  659 	.db #0xf0	; 240
   0237 D2                  660 	.db #0xd2	; 210
   0238 D2                  661 	.db #0xd2	; 210
   0239 C3                  662 	.db #0xc3	; 195
   023A C2                  663 	.db #0xc2	; 194
   023B C3                  664 	.db #0xc3	; 195
   023C C3                  665 	.db #0xc3	; 195
   023D D2                  666 	.db #0xd2	; 210
   023E C3                  667 	.db #0xc3	; 195
   023F D2                  668 	.db #0xd2	; 210
   0240                     669 _tileset_18:
   0240 C7                  670 	.db #0xc7	; 199
   0241 CF                  671 	.db #0xcf	; 207
   0242 CF                  672 	.db #0xcf	; 207
   0243 CB                  673 	.db #0xcb	; 203
   0244 CB                  674 	.db #0xcb	; 203
   0245 C3                  675 	.db #0xc3	; 195
   0246 C3                  676 	.db #0xc3	; 195
   0247 C7                  677 	.db #0xc7	; 199
   0248 C3                  678 	.db #0xc3	; 195
   0249 C0                  679 	.db #0xc0	; 192
   024A C0                  680 	.db #0xc0	; 192
   024B CB                  681 	.db #0xcb	; 203
   024C CB                  682 	.db #0xcb	; 203
   024D F0                  683 	.db #0xf0	; 240
   024E F0                  684 	.db #0xf0	; 240
   024F C7                  685 	.db #0xc7	; 199
   0250 C3                  686 	.db #0xc3	; 195
   0251 C3                  687 	.db #0xc3	; 195
   0252 C3                  688 	.db #0xc3	; 195
   0253 D2                  689 	.db #0xd2	; 210
   0254 C3                  690 	.db #0xc3	; 195
   0255 C3                  691 	.db #0xc3	; 195
   0256 C3                  692 	.db #0xc3	; 195
   0257 E5                  693 	.db #0xe5	; 229
   0258 C3                  694 	.db #0xc3	; 195
   0259 D0                  695 	.db #0xd0	; 208
   025A E0                  696 	.db #0xe0	; 224
   025B CB                  697 	.db #0xcb	; 203
   025C CB                  698 	.db #0xcb	; 203
   025D C0                  699 	.db #0xc0	; 192
   025E C0                  700 	.db #0xc0	; 192
   025F C3                  701 	.db #0xc3	; 195
   0260                     702 _tileset_19:
   0260 00                  703 	.db #0x00	; 0
   0261 C3                  704 	.db #0xc3	; 195
   0262 C3                  705 	.db #0xc3	; 195
   0263 00                  706 	.db #0x00	; 0
   0264 82                  707 	.db #0x82	; 130
   0265 CF                  708 	.db #0xcf	; 207
   0266 E1                  709 	.db #0xe1	; 225
   0267 41                  710 	.db #0x41	; 65	'A'
   0268 C3                  711 	.db #0xc3	; 195
   0269 C3                  712 	.db #0xc3	; 195
   026A C3                  713 	.db #0xc3	; 195
   026B 82                  714 	.db #0x82	; 130
   026C 82                  715 	.db #0x82	; 130
   026D C3                  716 	.db #0xc3	; 195
   026E C3                  717 	.db #0xc3	; 195
   026F 41                  718 	.db #0x41	; 65	'A'
   0270 C3                  719 	.db #0xc3	; 195
   0271 CB                  720 	.db #0xcb	; 203
   0272 C3                  721 	.db #0xc3	; 195
   0273 C3                  722 	.db #0xc3	; 195
   0274 E1                  723 	.db #0xe1	; 225
   0275 C3                  724 	.db #0xc3	; 195
   0276 CF                  725 	.db #0xcf	; 207
   0277 C3                  726 	.db #0xc3	; 195
   0278 D2                  727 	.db #0xd2	; 210
   0279 CB                  728 	.db #0xcb	; 203
   027A C3                  729 	.db #0xc3	; 195
   027B CB                  730 	.db #0xcb	; 203
   027C C3                  731 	.db #0xc3	; 195
   027D C3                  732 	.db #0xc3	; 195
   027E C3                  733 	.db #0xc3	; 195
   027F D2                  734 	.db #0xd2	; 210
   0280                     735 _tileset_20:
   0280 C3                  736 	.db #0xc3	; 195
   0281 D2                  737 	.db #0xd2	; 210
   0282 C3                  738 	.db #0xc3	; 195
   0283 C2                  739 	.db #0xc2	; 194
   0284 C2                  740 	.db #0xc2	; 194
   0285 C3                  741 	.db #0xc3	; 195
   0286 C2                  742 	.db #0xc2	; 194
   0287 C3                  743 	.db #0xc3	; 195
   0288 D2                  744 	.db #0xd2	; 210
   0289 D2                  745 	.db #0xd2	; 210
   028A F0                  746 	.db #0xf0	; 240
   028B D2                  747 	.db #0xd2	; 210
   028C C2                  748 	.db #0xc2	; 194
   028D E1                  749 	.db #0xe1	; 225
   028E C2                  750 	.db #0xc2	; 194
   028F C3                  751 	.db #0xc3	; 195
   0290 C2                  752 	.db #0xc2	; 194
   0291 E1                  753 	.db #0xe1	; 225
   0292 C2                  754 	.db #0xc2	; 194
   0293 F0                  755 	.db #0xf0	; 240
   0294 F0                  756 	.db #0xf0	; 240
   0295 D2                  757 	.db #0xd2	; 210
   0296 F0                  758 	.db #0xf0	; 240
   0297 F0                  759 	.db #0xf0	; 240
   0298 D2                  760 	.db #0xd2	; 210
   0299 C3                  761 	.db #0xc3	; 195
   029A D2                  762 	.db #0xd2	; 210
   029B C3                  763 	.db #0xc3	; 195
   029C C3                  764 	.db #0xc3	; 195
   029D D2                  765 	.db #0xd2	; 210
   029E C3                  766 	.db #0xc3	; 195
   029F D2                  767 	.db #0xd2	; 210
   02A0                     768 _tileset_21:
   02A0 C3                  769 	.db #0xc3	; 195
   02A1 D2                  770 	.db #0xd2	; 210
   02A2 C3                  771 	.db #0xc3	; 195
   02A3 D2                  772 	.db #0xd2	; 210
   02A4 D2                  773 	.db #0xd2	; 210
   02A5 C3                  774 	.db #0xc3	; 195
   02A6 C2                  775 	.db #0xc2	; 194
   02A7 C3                  776 	.db #0xc3	; 195
   02A8 D2                  777 	.db #0xd2	; 210
   02A9 D2                  778 	.db #0xd2	; 210
   02AA F0                  779 	.db #0xf0	; 240
   02AB D2                  780 	.db #0xd2	; 210
   02AC C2                  781 	.db #0xc2	; 194
   02AD E1                  782 	.db #0xe1	; 225
   02AE C2                  783 	.db #0xc2	; 194
   02AF C3                  784 	.db #0xc3	; 195
   02B0 D2                  785 	.db #0xd2	; 210
   02B1 C3                  786 	.db #0xc3	; 195
   02B2 D2                  787 	.db #0xd2	; 210
   02B3 C3                  788 	.db #0xc3	; 195
   02B4 E1                  789 	.db #0xe1	; 225
   02B5 C2                  790 	.db #0xc2	; 194
   02B6 E1                  791 	.db #0xe1	; 225
   02B7 C2                  792 	.db #0xc2	; 194
   02B8 D2                  793 	.db #0xd2	; 210
   02B9 C3                  794 	.db #0xc3	; 195
   02BA D2                  795 	.db #0xd2	; 210
   02BB C3                  796 	.db #0xc3	; 195
   02BC C3                  797 	.db #0xc3	; 195
   02BD D2                  798 	.db #0xd2	; 210
   02BE C3                  799 	.db #0xc3	; 195
   02BF D2                  800 	.db #0xd2	; 210
   02C0                     801 _tileset_22:
   02C0 E5                  802 	.db #0xe5	; 229
   02C1 CF                  803 	.db #0xcf	; 207
   02C2 CB                  804 	.db #0xcb	; 203
   02C3 C3                  805 	.db #0xc3	; 195
   02C4 C3                  806 	.db #0xc3	; 195
   02C5 CB                  807 	.db #0xcb	; 203
   02C6 CF                  808 	.db #0xcf	; 207
   02C7 E5                  809 	.db #0xe5	; 229
   02C8 C3                  810 	.db #0xc3	; 195
   02C9 CF                  811 	.db #0xcf	; 207
   02CA CB                  812 	.db #0xcb	; 203
   02CB C3                  813 	.db #0xc3	; 195
   02CC C3                  814 	.db #0xc3	; 195
   02CD CB                  815 	.db #0xcb	; 203
   02CE CF                  816 	.db #0xcf	; 207
   02CF C3                  817 	.db #0xc3	; 195
   02D0 E5                  818 	.db #0xe5	; 229
   02D1 CF                  819 	.db #0xcf	; 207
   02D2 CF                  820 	.db #0xcf	; 207
   02D3 CB                  821 	.db #0xcb	; 203
   02D4 CB                  822 	.db #0xcb	; 203
   02D5 C3                  823 	.db #0xc3	; 195
   02D6 CB                  824 	.db #0xcb	; 203
   02D7 C7                  825 	.db #0xc7	; 199
   02D8 C3                  826 	.db #0xc3	; 195
   02D9 CF                  827 	.db #0xcf	; 207
   02DA CF                  828 	.db #0xcf	; 207
   02DB DA                  829 	.db #0xda	; 218
   02DC D2                  830 	.db #0xd2	; 210
   02DD CF                  831 	.db #0xcf	; 207
   02DE CF                  832 	.db #0xcf	; 207
   02DF C3                  833 	.db #0xc3	; 195
   02E0                     834 _tileset_23:
   02E0 C7                  835 	.db #0xc7	; 199
   02E1 CF                  836 	.db #0xcf	; 207
   02E2 C3                  837 	.db #0xc3	; 195
   02E3 C3                  838 	.db #0xc3	; 195
   02E4 C1                  839 	.db #0xc1	; 193
   02E5 CF                  840 	.db #0xcf	; 207
   02E6 CF                  841 	.db #0xcf	; 207
   02E7 C7                  842 	.db #0xc7	; 199
   02E8 F0                  843 	.db #0xf0	; 240
   02E9 CB                  844 	.db #0xcb	; 203
   02EA E5                  845 	.db #0xe5	; 229
   02EB E1                  846 	.db #0xe1	; 225
   02EC E1                  847 	.db #0xe1	; 225
   02ED C7                  848 	.db #0xc7	; 199
   02EE CB                  849 	.db #0xcb	; 203
   02EF C3                  850 	.db #0xc3	; 195
   02F0 50                  851 	.db #0x50	; 80	'P'
   02F1 C3                  852 	.db #0xc3	; 195
   02F2 E1                  853 	.db #0xe1	; 225
   02F3 82                  854 	.db #0x82	; 130
   02F4 00                  855 	.db #0x00	; 0
   02F5 E1                  856 	.db #0xe1	; 225
   02F6 C3                  857 	.db #0xc3	; 195
   02F7 00                  858 	.db #0x00	; 0
   02F8 50                  859 	.db #0x50	; 80	'P'
   02F9 C3                  860 	.db #0xc3	; 195
   02FA C3                  861 	.db #0xc3	; 195
   02FB D2                  862 	.db #0xd2	; 210
   02FC D2                  863 	.db #0xd2	; 210
   02FD C3                  864 	.db #0xc3	; 195
   02FE C3                  865 	.db #0xc3	; 195
   02FF D2                  866 	.db #0xd2	; 210
   0300                     867 _tileset_24:
   0300 C0                  868 	.db #0xc0	; 192
   0301 C0                  869 	.db #0xc0	; 192
   0302 C0                  870 	.db #0xc0	; 192
   0303 C0                  871 	.db #0xc0	; 192
   0304 C0                  872 	.db #0xc0	; 192
   0305 C0                  873 	.db #0xc0	; 192
   0306 C0                  874 	.db #0xc0	; 192
   0307 C0                  875 	.db #0xc0	; 192
   0308 F0                  876 	.db #0xf0	; 240
   0309 F0                  877 	.db #0xf0	; 240
   030A F0                  878 	.db #0xf0	; 240
   030B F0                  879 	.db #0xf0	; 240
   030C F0                  880 	.db #0xf0	; 240
   030D F0                  881 	.db #0xf0	; 240
   030E F0                  882 	.db #0xf0	; 240
   030F F0                  883 	.db #0xf0	; 240
   0310 E0                  884 	.db #0xe0	; 224
   0311 F0                  885 	.db #0xf0	; 240
   0312 E0                  886 	.db #0xe0	; 224
   0313 F0                  887 	.db #0xf0	; 240
   0314 F0                  888 	.db #0xf0	; 240
   0315 F0                  889 	.db #0xf0	; 240
   0316 F0                  890 	.db #0xf0	; 240
   0317 F0                  891 	.db #0xf0	; 240
   0318 E0                  892 	.db #0xe0	; 224
   0319 F0                  893 	.db #0xf0	; 240
   031A E0                  894 	.db #0xe0	; 224
   031B F0                  895 	.db #0xf0	; 240
   031C F0                  896 	.db #0xf0	; 240
   031D F0                  897 	.db #0xf0	; 240
   031E F0                  898 	.db #0xf0	; 240
   031F F0                  899 	.db #0xf0	; 240
   0320                     900 _tileset_25:
   0320 F0                  901 	.db #0xf0	; 240
   0321 F0                  902 	.db #0xf0	; 240
   0322 F0                  903 	.db #0xf0	; 240
   0323 F0                  904 	.db #0xf0	; 240
   0324 F0                  905 	.db #0xf0	; 240
   0325 F0                  906 	.db #0xf0	; 240
   0326 F0                  907 	.db #0xf0	; 240
   0327 F0                  908 	.db #0xf0	; 240
   0328 F0                  909 	.db #0xf0	; 240
   0329 F0                  910 	.db #0xf0	; 240
   032A F0                  911 	.db #0xf0	; 240
   032B F0                  912 	.db #0xf0	; 240
   032C E0                  913 	.db #0xe0	; 224
   032D F0                  914 	.db #0xf0	; 240
   032E E0                  915 	.db #0xe0	; 224
   032F F0                  916 	.db #0xf0	; 240
   0330 E0                  917 	.db #0xe0	; 224
   0331 F0                  918 	.db #0xf0	; 240
   0332 E0                  919 	.db #0xe0	; 224
   0333 F0                  920 	.db #0xf0	; 240
   0334 F0                  921 	.db #0xf0	; 240
   0335 F0                  922 	.db #0xf0	; 240
   0336 F0                  923 	.db #0xf0	; 240
   0337 F0                  924 	.db #0xf0	; 240
   0338 F0                  925 	.db #0xf0	; 240
   0339 F0                  926 	.db #0xf0	; 240
   033A F0                  927 	.db #0xf0	; 240
   033B F0                  928 	.db #0xf0	; 240
   033C F0                  929 	.db #0xf0	; 240
   033D F0                  930 	.db #0xf0	; 240
   033E F0                  931 	.db #0xf0	; 240
   033F F0                  932 	.db #0xf0	; 240
   0340                     933 _tileset_26:
   0340 C0                  934 	.db #0xc0	; 192
   0341 C0                  935 	.db #0xc0	; 192
   0342 C0                  936 	.db #0xc0	; 192
   0343 C0                  937 	.db #0xc0	; 192
   0344 C0                  938 	.db #0xc0	; 192
   0345 C0                  939 	.db #0xc0	; 192
   0346 C0                  940 	.db #0xc0	; 192
   0347 C0                  941 	.db #0xc0	; 192
   0348 CC                  942 	.db #0xcc	; 204
   0349 CC                  943 	.db #0xcc	; 204
   034A CC                  944 	.db #0xcc	; 204
   034B CC                  945 	.db #0xcc	; 204
   034C C0                  946 	.db #0xc0	; 192
   034D C0                  947 	.db #0xc0	; 192
   034E C0                  948 	.db #0xc0	; 192
   034F C0                  949 	.db #0xc0	; 192
   0350 C8                  950 	.db #0xc8	; 200
   0351 C4                  951 	.db #0xc4	; 196
   0352 C8                  952 	.db #0xc8	; 200
   0353 C4                  953 	.db #0xc4	; 196
   0354 C8                  954 	.db #0xc8	; 200
   0355 C8                  955 	.db #0xc8	; 200
   0356 C8                  956 	.db #0xc8	; 200
   0357 C8                  957 	.db #0xc8	; 200
   0358 C8                  958 	.db #0xc8	; 200
   0359 CC                  959 	.db #0xcc	; 204
   035A C8                  960 	.db #0xc8	; 200
   035B CC                  961 	.db #0xcc	; 204
   035C CC                  962 	.db #0xcc	; 204
   035D C8                  963 	.db #0xc8	; 200
   035E CC                  964 	.db #0xcc	; 204
   035F C8                  965 	.db #0xc8	; 200
   0360                     966 _tileset_27:
   0360 CC                  967 	.db #0xcc	; 204
   0361 CC                  968 	.db #0xcc	; 204
   0362 CC                  969 	.db #0xcc	; 204
   0363 CC                  970 	.db #0xcc	; 204
   0364 C8                  971 	.db #0xc8	; 200
   0365 CC                  972 	.db #0xcc	; 204
   0366 C8                  973 	.db #0xc8	; 200
   0367 CC                  974 	.db #0xcc	; 204
   0368 C8                  975 	.db #0xc8	; 200
   0369 C8                  976 	.db #0xc8	; 200
   036A C8                  977 	.db #0xc8	; 200
   036B C8                  978 	.db #0xc8	; 200
   036C C8                  979 	.db #0xc8	; 200
   036D C4                  980 	.db #0xc4	; 196
   036E C8                  981 	.db #0xc8	; 200
   036F CC                  982 	.db #0xcc	; 204
   0370 C8                  983 	.db #0xc8	; 200
   0371 C4                  984 	.db #0xc4	; 196
   0372 C8                  985 	.db #0xc8	; 200
   0373 C4                  986 	.db #0xc4	; 196
   0374 C8                  987 	.db #0xc8	; 200
   0375 C8                  988 	.db #0xc8	; 200
   0376 C8                  989 	.db #0xc8	; 200
   0377 C8                  990 	.db #0xc8	; 200
   0378 C8                  991 	.db #0xc8	; 200
   0379 CC                  992 	.db #0xcc	; 204
   037A C8                  993 	.db #0xc8	; 200
   037B CC                  994 	.db #0xcc	; 204
   037C CC                  995 	.db #0xcc	; 204
   037D C8                  996 	.db #0xc8	; 200
   037E CC                  997 	.db #0xcc	; 204
   037F C8                  998 	.db #0xc8	; 200
   0380                     999 _tileset_28:
   0380 F0                 1000 	.db #0xf0	; 240
   0381 F0                 1001 	.db #0xf0	; 240
   0382 F0                 1002 	.db #0xf0	; 240
   0383 E0                 1003 	.db #0xe0	; 224
   0384 E0                 1004 	.db #0xe0	; 224
   0385 F0                 1005 	.db #0xf0	; 240
   0386 F0                 1006 	.db #0xf0	; 240
   0387 F0                 1007 	.db #0xf0	; 240
   0388 F0                 1008 	.db #0xf0	; 240
   0389 F0                 1009 	.db #0xf0	; 240
   038A F0                 1010 	.db #0xf0	; 240
   038B F0                 1011 	.db #0xf0	; 240
   038C E0                 1012 	.db #0xe0	; 224
   038D F0                 1013 	.db #0xf0	; 240
   038E E0                 1014 	.db #0xe0	; 224
   038F F0                 1015 	.db #0xf0	; 240
   0390 F0                 1016 	.db #0xf0	; 240
   0391 F0                 1017 	.db #0xf0	; 240
   0392 F0                 1018 	.db #0xf0	; 240
   0393 F0                 1019 	.db #0xf0	; 240
   0394 F0                 1020 	.db #0xf0	; 240
   0395 F0                 1021 	.db #0xf0	; 240
   0396 F0                 1022 	.db #0xf0	; 240
   0397 F0                 1023 	.db #0xf0	; 240
   0398 F0                 1024 	.db #0xf0	; 240
   0399 F0                 1025 	.db #0xf0	; 240
   039A F0                 1026 	.db #0xf0	; 240
   039B F0                 1027 	.db #0xf0	; 240
   039C F0                 1028 	.db #0xf0	; 240
   039D F0                 1029 	.db #0xf0	; 240
   039E F0                 1030 	.db #0xf0	; 240
   039F F0                 1031 	.db #0xf0	; 240
   03A0                    1032 _tileset_29:
   03A0 F0                 1033 	.db #0xf0	; 240
   03A1 F0                 1034 	.db #0xf0	; 240
   03A2 F0                 1035 	.db #0xf0	; 240
   03A3 F0                 1036 	.db #0xf0	; 240
   03A4 F0                 1037 	.db #0xf0	; 240
   03A5 F0                 1038 	.db #0xf0	; 240
   03A6 F0                 1039 	.db #0xf0	; 240
   03A7 F0                 1040 	.db #0xf0	; 240
   03A8 F0                 1041 	.db #0xf0	; 240
   03A9 F0                 1042 	.db #0xf0	; 240
   03AA F0                 1043 	.db #0xf0	; 240
   03AB F0                 1044 	.db #0xf0	; 240
   03AC E0                 1045 	.db #0xe0	; 224
   03AD F0                 1046 	.db #0xf0	; 240
   03AE E0                 1047 	.db #0xe0	; 224
   03AF F0                 1048 	.db #0xf0	; 240
   03B0 F0                 1049 	.db #0xf0	; 240
   03B1 F0                 1050 	.db #0xf0	; 240
   03B2 F0                 1051 	.db #0xf0	; 240
   03B3 F0                 1052 	.db #0xf0	; 240
   03B4 F0                 1053 	.db #0xf0	; 240
   03B5 E0                 1054 	.db #0xe0	; 224
   03B6 F0                 1055 	.db #0xf0	; 240
   03B7 E0                 1056 	.db #0xe0	; 224
   03B8 F0                 1057 	.db #0xf0	; 240
   03B9 F0                 1058 	.db #0xf0	; 240
   03BA F0                 1059 	.db #0xf0	; 240
   03BB F0                 1060 	.db #0xf0	; 240
   03BC F0                 1061 	.db #0xf0	; 240
   03BD F0                 1062 	.db #0xf0	; 240
   03BE F0                 1063 	.db #0xf0	; 240
   03BF F0                 1064 	.db #0xf0	; 240
   03C0                    1065 _tileset_30:
   03C0 CC                 1066 	.db #0xcc	; 204
   03C1 C8                 1067 	.db #0xc8	; 200
   03C2 CC                 1068 	.db #0xcc	; 204
   03C3 C8                 1069 	.db #0xc8	; 200
   03C4 C8                 1070 	.db #0xc8	; 200
   03C5 CC                 1071 	.db #0xcc	; 204
   03C6 C8                 1072 	.db #0xc8	; 200
   03C7 CC                 1073 	.db #0xcc	; 204
   03C8 C8                 1074 	.db #0xc8	; 200
   03C9 C8                 1075 	.db #0xc8	; 200
   03CA C8                 1076 	.db #0xc8	; 200
   03CB CC                 1077 	.db #0xcc	; 204
   03CC C8                 1078 	.db #0xc8	; 200
   03CD C4                 1079 	.db #0xc4	; 196
   03CE C8                 1080 	.db #0xc8	; 200
   03CF CC                 1081 	.db #0xcc	; 204
   03D0 C8                 1082 	.db #0xc8	; 200
   03D1 C4                 1083 	.db #0xc4	; 196
   03D2 C8                 1084 	.db #0xc8	; 200
   03D3 C4                 1085 	.db #0xc4	; 196
   03D4 C8                 1086 	.db #0xc8	; 200
   03D5 C8                 1087 	.db #0xc8	; 200
   03D6 CC                 1088 	.db #0xcc	; 204
   03D7 C8                 1089 	.db #0xc8	; 200
   03D8 C8                 1090 	.db #0xc8	; 200
   03D9 CC                 1091 	.db #0xcc	; 204
   03DA C8                 1092 	.db #0xc8	; 200
   03DB CC                 1093 	.db #0xcc	; 204
   03DC CC                 1094 	.db #0xcc	; 204
   03DD C8                 1095 	.db #0xc8	; 200
   03DE CC                 1096 	.db #0xcc	; 204
   03DF C8                 1097 	.db #0xc8	; 200
   03E0                    1098 _tileset_31:
   03E0 CC                 1099 	.db #0xcc	; 204
   03E1 C8                 1100 	.db #0xc8	; 200
   03E2 CC                 1101 	.db #0xcc	; 204
   03E3 C8                 1102 	.db #0xc8	; 200
   03E4 C8                 1103 	.db #0xc8	; 200
   03E5 CC                 1104 	.db #0xcc	; 204
   03E6 C8                 1105 	.db #0xc8	; 200
   03E7 CC                 1106 	.db #0xcc	; 204
   03E8 C8                 1107 	.db #0xc8	; 200
   03E9 C8                 1108 	.db #0xc8	; 200
   03EA C8                 1109 	.db #0xc8	; 200
   03EB CC                 1110 	.db #0xcc	; 204
   03EC C8                 1111 	.db #0xc8	; 200
   03ED C4                 1112 	.db #0xc4	; 196
   03EE C8                 1113 	.db #0xc8	; 200
   03EF CC                 1114 	.db #0xcc	; 204
   03F0 C8                 1115 	.db #0xc8	; 200
   03F1 CC                 1116 	.db #0xcc	; 204
   03F2 C8                 1117 	.db #0xc8	; 200
   03F3 CC                 1118 	.db #0xcc	; 204
   03F4 CC                 1119 	.db #0xcc	; 204
   03F5 C8                 1120 	.db #0xc8	; 200
   03F6 CC                 1121 	.db #0xcc	; 204
   03F7 C8                 1122 	.db #0xc8	; 200
   03F8 C8                 1123 	.db #0xc8	; 200
   03F9 CC                 1124 	.db #0xcc	; 204
   03FA C8                 1125 	.db #0xc8	; 200
   03FB CC                 1126 	.db #0xcc	; 204
   03FC CC                 1127 	.db #0xcc	; 204
   03FD C8                 1128 	.db #0xc8	; 200
   03FE CC                 1129 	.db #0xcc	; 204
   03FF C8                 1130 	.db #0xc8	; 200
                           1131 	.area _INITIALIZER
                           1132 	.area _CABS (ABS)
