ASxxxx Assembler V02.00 + NoICE + SDCC mods  (Zilog Z80 / Hitachi HD64180), page 1.
Hexadecimal [16-Bits]



                              1 ;;;
                              2 ;;; File generated by cpct_aks2c CPCtelera script
                              3 ;;; Souce file of this conversion: assets/cancion1.aks
                              4 ;;; Generation time: dom oct 27 21:10:53 CET 2019
                              5 ;;;
                              6 
                              7 ;;; Set absolute memory addressing
                              8 .area __song (ABS)
   0040                       9 .org 0x0040
                             10 
                             11 ;;; Music data start (382 bytes)
                             12 ;;;
   0040                      13 _song::
   0040 41 54 31 30 01 40    14 .db 0x41, 0x54, 0x31, 0x30, 0x01, 0x40, 0x42, 0x0f, 0x02, 0x06, 0x76, 0x00, 0x56, 0x00, 0x5f, 0x00
        42 0F 02 06 76 00
        56 00 5F 00
   0050 73 00 85 00 A4 00    15 .db 0x73, 0x00, 0x85, 0x00, 0xa4, 0x00, 0x00, 0x00, 0x00, 0x00, 0x00, 0x00, 0x0d, 0x58, 0x00, 0x01
        00 00 00 00 00 00
        0D 58 00 01
   0060 FE 3C 38 34 30 2C    16 .db 0xfe, 0x3c, 0x38, 0x34, 0x30, 0x2c, 0x28, 0x24, 0x20, 0x1c, 0x18, 0x14, 0x10, 0x0c, 0x08, 0x04
        28 24 20 1C 18 14
        10 0C 08 04
   0070 0D 58 00 01 00 3C    17 .db 0x0d, 0x58, 0x00, 0x01, 0x00, 0x3c, 0x38, 0x3c, 0x38, 0x3c, 0x38, 0x34, 0x2c, 0x24, 0x18, 0x10
        38 3C 38 3C 38 34
        2C 24 18 10
   0080 02 20 0D 58 00 01    18 .db 0x02, 0x20, 0x0d, 0x58, 0x00, 0x01, 0x00, 0x3c, 0x38, 0x3c, 0x38, 0x3c, 0x38, 0x3c, 0x38, 0x3c
        00 3C 38 3C 38 3C
        38 3C 38 3C
   0090 38 3C 38 3C 38 3C    19 .db 0x38, 0x3c, 0x38, 0x3c, 0x38, 0x3c, 0x38, 0x3c, 0x38, 0x3c, 0x38, 0x3c, 0x38, 0x3c, 0x38, 0x3c
        38 3C 38 3C 38 3C
        38 3C 38 3C
   00A0 38 0D 58 00 01 00    20 .db 0x38, 0x0d, 0x58, 0x00, 0x01, 0x00, 0x3c, 0x3c, 0x3c, 0x3c, 0x3c, 0x3c, 0x3c, 0x3c, 0x3c, 0x3c
        3C 3C 3C 3C 3C 3C
        3C 3C 3C 3C
   00B0 2C 20 10 02 20 02    21 .db 0x2c, 0x20, 0x10, 0x02, 0x20, 0x02, 0x20, 0x02, 0x20, 0x02, 0x20, 0x02, 0x20, 0x02, 0x20, 0x0d
        20 02 20 02 20 02
        20 02 20 0D
   00C0 58 00 40 00 00 00    22 .db 0x58, 0x00, 0x40, 0x00, 0x00, 0x00, 0xe7, 0x00, 0x00, 0xe8, 0x00, 0xe8, 0x00, 0xed, 0x00, 0x00
        E7 00 00 E8 00 E8
        00 ED 00 00
   00D0 E8 00 E8 00 ED 00    23 .db 0xe8, 0x00, 0xe8, 0x00, 0xed, 0x00, 0x00, 0x6f, 0x01, 0xe8, 0x00, 0xed, 0x00, 0x00, 0x6f, 0x01
        00 6F 01 E8 00 ED
        00 00 6F 01
   00E0 E8 00 ED 00 01 C8    24 .db 0xe8, 0x00, 0xed, 0x00, 0x01, 0xc8, 0x00, 0x00, 0x42, 0x80, 0x00, 0x00, 0x00, 0x8a, 0xe0, 0x00
        00 00 42 80 00 00
        00 8A E0 00
   00F0 00 01 4B 94 60 02    25 .db 0x00, 0x01, 0x4b, 0x94, 0x60, 0x02, 0x02, 0x8a, 0x60, 0x01, 0x4b, 0x98, 0x60, 0x02, 0x02, 0x8a
        02 8A 60 01 4B 98
        60 02 02 8A
   0100 60 01 4B 9A 60 02    26 .db 0x60, 0x01, 0x4b, 0x9a, 0x60, 0x02, 0x02, 0x8a, 0x60, 0x01, 0x4b, 0x9e, 0x60, 0x02, 0x02, 0x8a
        02 8A 60 01 4B 9E
        60 02 02 8A
   0110 60 01 4B 94 60 02    27 .db 0x60, 0x01, 0x4b, 0x94, 0x60, 0x02, 0x02, 0x8a, 0x60, 0x01, 0x4b, 0x98, 0x60, 0x02, 0x02, 0x8a
        02 8A 60 01 4B 98
        60 02 02 8A
ASxxxx Assembler V02.00 + NoICE + SDCC mods  (Zilog Z80 / Hitachi HD64180), page 2.
Hexadecimal [16-Bits]



   0120 60 01 4B 9A 60 02    28 .db 0x60, 0x01, 0x4b, 0x9a, 0x60, 0x02, 0x02, 0x8a, 0x60, 0x01, 0x4b, 0x9e, 0x60, 0x02, 0x02, 0x8a
        02 8A 60 01 4B 9E
        60 02 02 8A
   0130 60 01 4B 94 60 02    29 .db 0x60, 0x01, 0x4b, 0x94, 0x60, 0x02, 0x02, 0x8a, 0x60, 0x01, 0x4b, 0x98, 0x60, 0x02, 0x02, 0x8a
        02 8A 60 01 4B 98
        60 02 02 8A
   0140 60 01 4B 9A 60 02    30 .db 0x60, 0x01, 0x4b, 0x9a, 0x60, 0x02, 0x02, 0x8a, 0x60, 0x01, 0x4b, 0x9e, 0x60, 0x02, 0x02, 0x8a
        02 8A 60 01 4B 9E
        60 02 02 8A
   0150 60 01 4B 94 60 02    31 .db 0x60, 0x01, 0x4b, 0x94, 0x60, 0x02, 0x02, 0x8a, 0x60, 0x01, 0x4b, 0x98, 0x60, 0x02, 0x02, 0x8a
        02 8A 60 01 4B 98
        60 02 02 8A
   0160 60 01 4B 9A 60 02    32 .db 0x60, 0x01, 0x4b, 0x9a, 0x60, 0x02, 0x02, 0x8a, 0x60, 0x01, 0x4b, 0x9e, 0x60, 0x02, 0x00, 0x94
        02 8A 60 01 4B 9E
        60 02 00 94
   0170 E0 00 00 03 06 9A    33 .db 0xe0, 0x00, 0x00, 0x03, 0x06, 0x9a, 0x60, 0x04, 0x02, 0x5f, 0x02, 0xa2, 0x60, 0x03, 0x06, 0x9e
        60 04 02 5F 02 A2
        60 03 06 9E
   0180 60 04 02 5B 02 5F    34 .db 0x60, 0x04, 0x02, 0x5b, 0x02, 0x5f, 0x06, 0x5f, 0x02, 0x5b, 0x02, 0x5f, 0x02, 0x5b, 0x02, 0x55
        06 5F 02 5B 02 5F
        02 5B 02 55
   0190 4F 94 60 03 0A 9A    35 .db 0x4f, 0x94, 0x60, 0x03, 0x0a, 0x9a, 0x60, 0x04, 0x02, 0x5f, 0x02, 0xa8, 0x60, 0x03, 0x02, 0x42
        60 04 02 5F 02 A8
        60 03 02 42
   01A0 00 02 9E 60 04 02    36 .db 0x00, 0x02, 0x9e, 0x60, 0x04, 0x02, 0x5b, 0x02, 0xa2, 0x60, 0x03, 0x02, 0x42, 0x00, 0x02, 0x9e
        5B 02 A2 60 03 02
        42 00 02 9E
   01B0 60 04 02 5B 02 5F    37 .db 0x60, 0x04, 0x02, 0x5b, 0x02, 0x5f, 0x02, 0x5b, 0x42, 0x00, 0x63, 0x5b, 0x55, 0x00
        02 5B 42 00 63 5B
        55 00
