ASxxxx Assembler V02.00 + NoICE + SDCC mods  (Zilog Z80 / Hitachi HD64180), page 1.
Hexadecimal [16-Bits]



                              1 ;;;
                              2 ;;; File generated by cpct_aks2c CPCtelera script
                              3 ;;; Souce file of this conversion: assets/cancion3.aks
                              4 ;;; Generation time: dom oct 27 21:10:52 CET 2019
                              5 ;;;
                              6 
                              7 ;;; Set absolute memory addressing
                              8 .area __song3 (ABS)
   029E                       9 .org 0x029e
                             10 
                             11 ;;; Music data start (372 bytes)
                             12 ;;;
   029E                      13 _song3::
   029E 41 54 31 30 01 40    14 .db 0x41, 0x54, 0x31, 0x30, 0x01, 0x40, 0x42, 0x0f, 0x02, 0x06, 0x66, 0x00, 0xb2, 0x02, 0xbb, 0x02
        42 0F 02 06 66 00
        B2 02 BB 02
   02AE D2 02 EE 02 00 00    15 .db 0xd2, 0x02, 0xee, 0x02, 0x00, 0x00, 0x00, 0x00, 0x00, 0x00, 0x0d, 0xb4, 0x02, 0x01, 0x00, 0x7c
        00 00 00 00 0D B4
        02 01 00 7C
   02BE 05 38 3C 70 05 6C    16 .db 0x05, 0x38, 0x3c, 0x70, 0x05, 0x6c, 0x05, 0x28, 0x24, 0x20, 0x1c, 0x18, 0x14, 0x10, 0x0c, 0x08
        05 28 24 20 1C 18
        14 10 0C 08
   02CE 04 0D B4 02 01 00    17 .db 0x04, 0x0d, 0xb4, 0x02, 0x01, 0x00, 0x3c, 0x38, 0x3c, 0x38, 0x30, 0x24, 0x18, 0x0c, 0x02, 0x20
        3C 38 3C 38 30 24
        18 0C 02 20
   02DE 02 20 02 20 02 20    18 .db 0x02, 0x20, 0x02, 0x20, 0x02, 0x20, 0x02, 0x20, 0x02, 0x20, 0x02, 0x20, 0x04, 0x0d, 0xb4, 0x02
        02 20 02 20 02 20
        04 0D B4 02
   02EE 01 00 3C 78 0C 3C    19 .db 0x01, 0x00, 0x3c, 0x78, 0x0c, 0x3c, 0x38, 0x3c, 0x38, 0x3c, 0x38, 0x3c, 0x38, 0x3c, 0x38, 0x24
        38 3C 38 3C 38 3C
        38 3C 38 24
   02FE 20 1C 14 0C 04 02    20 .db 0x20, 0x1c, 0x14, 0x0c, 0x04, 0x02, 0x20, 0x02, 0x20, 0x02, 0x20, 0x02, 0x20, 0x02, 0x20, 0x0d
        20 02 20 02 20 02
        20 02 20 0D
   030E B4 02 40 00 00 00    21 .db 0xb4, 0x02, 0x40, 0x00, 0x00, 0x00, 0x2e, 0x03, 0x00, 0x2f, 0x03, 0x2f, 0x03, 0x34, 0x03, 0x00
        2E 03 00 2F 03 2F
        03 34 03 00
   031E D6 03 2F 03 34 03    22 .db 0xd6, 0x03, 0x2f, 0x03, 0x34, 0x03, 0x00, 0xd6, 0x03, 0x2f, 0x03, 0x34, 0x03, 0x01, 0x16, 0x03
        00 D6 03 2F 03 34
        03 01 16 03
   032E 00 42 80 00 00 00    23 .db 0x00, 0x42, 0x80, 0x00, 0x00, 0x00, 0x92, 0xe0, 0x00, 0x00, 0x01, 0x92, 0x60, 0x02, 0x53, 0x92
        92 E0 00 00 01 92
        60 02 53 92
   033E 60 01 92 60 02 53    24 .db 0x60, 0x01, 0x92, 0x60, 0x02, 0x53, 0x92, 0x60, 0x01, 0x92, 0x60, 0x02, 0x92, 0x60, 0x01, 0x92
        92 60 01 92 60 02
        92 60 01 92
   034E 60 02 53 92 60 01    25 .db 0x60, 0x02, 0x53, 0x92, 0x60, 0x01, 0x92, 0x60, 0x02, 0x53, 0x92, 0x60, 0x01, 0x92, 0x60, 0x02
        92 60 02 53 92 60
        01 92 60 02
   035E 94 60 01 94 60 02    26 .db 0x94, 0x60, 0x01, 0x94, 0x60, 0x02, 0x55, 0x94, 0x60, 0x01, 0x94, 0x60, 0x02, 0x55, 0x94, 0x60
        55 94 60 01 94 60
        02 55 94 60
   036E 01 94 60 02 94 60    27 .db 0x01, 0x94, 0x60, 0x02, 0x94, 0x60, 0x01, 0x94, 0x60, 0x02, 0x55, 0x94, 0x60, 0x01, 0x94, 0x60
        01 94 60 02 55 94
        60 01 94 60
ASxxxx Assembler V02.00 + NoICE + SDCC mods  (Zilog Z80 / Hitachi HD64180), page 2.
Hexadecimal [16-Bits]



   037E 02 55 94 60 01 94    28 .db 0x02, 0x55, 0x94, 0x60, 0x01, 0x94, 0x60, 0x02, 0x92, 0x60, 0x01, 0x92, 0x60, 0x02, 0x53, 0x92
        60 02 92 60 01 92
        60 02 53 92
   038E 60 01 92 60 02 53    29 .db 0x60, 0x01, 0x92, 0x60, 0x02, 0x53, 0x92, 0x60, 0x01, 0x92, 0x60, 0x02, 0x92, 0x60, 0x01, 0x92
        92 60 01 92 60 02
        92 60 01 92
   039E 60 02 53 92 60 01    30 .db 0x60, 0x02, 0x53, 0x92, 0x60, 0x01, 0x92, 0x60, 0x02, 0x53, 0x92, 0x60, 0x01, 0x92, 0x60, 0x02
        92 60 02 53 92 60
        01 92 60 02
   03AE 94 60 01 94 60 02    31 .db 0x94, 0x60, 0x01, 0x94, 0x60, 0x02, 0x55, 0x94, 0x60, 0x01, 0x94, 0x60, 0x02, 0x55, 0x94, 0x60
        55 94 60 01 94 60
        02 55 94 60
   03BE 01 94 60 02 94 60    32 .db 0x01, 0x94, 0x60, 0x02, 0x94, 0x60, 0x01, 0x94, 0x60, 0x02, 0x55, 0x94, 0x60, 0x01, 0x94, 0x60
        01 94 60 02 55 94
        60 01 94 60
   03CE 02 55 94 60 01 94    33 .db 0x02, 0x55, 0x94, 0x60, 0x01, 0x94, 0x60, 0x02, 0xb4, 0xe0, 0x00, 0x00, 0x03, 0x02, 0x7b, 0x75
        60 02 B4 E0 00 00
        03 02 7B 75
   03DE 04 75 02 7B 02 75    34 .db 0x04, 0x75, 0x02, 0x7b, 0x02, 0x75, 0x02, 0x7f, 0x04, 0x7b, 0x75, 0x02, 0x7b, 0x75, 0x06, 0x7b
        02 7F 04 7B 75 02
        7B 75 06 7B
   03EE 02 79 02 75 04 75    35 .db 0x02, 0x79, 0x02, 0x75, 0x04, 0x75, 0x7b, 0x75, 0x02, 0x7b, 0x75, 0x04, 0x7b, 0x7f, 0x02, 0x7b
        7B 75 02 7B 75 04
        7B 7F 02 7B
   03FE 42 00 83 02 7F 04    36 .db 0x42, 0x00, 0x83, 0x02, 0x7f, 0x04, 0x75, 0x02, 0x7b, 0x75, 0x04, 0x83, 0x7f, 0x02, 0x7b, 0x02
        75 02 7B 75 04 83
        7F 02 7B 02
   040E 7F 02 79 00          37 .db 0x7f, 0x02, 0x79, 0x00
