ASxxxx Assembler V02.00 + NoICE + SDCC mods  (Zilog Z80 / Hitachi HD64180), page 1.
Hexadecimal [16-Bits]



                              1 ;;;
                              2 ;;; File generated by cpct_aks2c CPCtelera script
                              3 ;;; Souce file of this conversion: assets/cancion4.aks
                              4 ;;; Generation time: dom oct 27 21:10:51 CET 2019
                              5 ;;;
                              6 
                              7 ;;; Set absolute memory addressing
                              8 .area __song4 (ABS)
   0411                       9 .org 0x0411
                             10 
                             11 ;;; Music data start (305 bytes)
                             12 ;;;
   0411                      13 _song4::
   0411 41 54 31 30 01 40    14 .db 0x41, 0x54, 0x31, 0x30, 0x01, 0x40, 0x42, 0x0f, 0x02, 0x06, 0x4e, 0x00, 0x25, 0x04, 0x2e, 0x04
        42 0F 02 06 4E 00
        25 04 2E 04
   0421 42 04 56 04 00 00    15 .db 0x42, 0x04, 0x56, 0x04, 0x00, 0x00, 0x00, 0x00, 0x00, 0x00, 0x0d, 0x27, 0x04, 0x01, 0x00, 0x3c
        00 00 00 00 0D 27
        04 01 00 3C
   0431 38 3C 38 3C 38 3C    16 .db 0x38, 0x3c, 0x38, 0x3c, 0x38, 0x3c, 0x24, 0x1c, 0x18, 0x18, 0x10, 0x04, 0x02, 0x20, 0x0d, 0x27
        24 1C 18 18 10 04
        02 20 0D 27
   0441 04 01 00 3C 38 34    17 .db 0x04, 0x01, 0x00, 0x3c, 0x38, 0x34, 0x30, 0x2c, 0x28, 0x24, 0x20, 0x1c, 0x18, 0x14, 0x10, 0x0c
        30 2C 28 24 20 1C
        18 14 10 0C
   0451 08 04 0D 27 04 01    18 .db 0x08, 0x04, 0x0d, 0x27, 0x04, 0x01, 0x00, 0x3c, 0x78, 0x0c, 0x34, 0x30, 0x2c, 0x28, 0x24, 0x20
        00 3C 78 0C 34 30
        2C 28 24 20
   0461 1C 18 14 10 0C 08    19 .db 0x1c, 0x18, 0x14, 0x10, 0x0c, 0x08, 0x04, 0x0d, 0x27, 0x04, 0x40, 0x00, 0x00, 0x00, 0x90, 0x04
        04 0D 27 04 40 00
        00 00 90 04
   0471 00 91 04 91 04 96    20 .db 0x00, 0x91, 0x04, 0x91, 0x04, 0x96, 0x04, 0x00, 0xd6, 0x04, 0x91, 0x04, 0x96, 0x04, 0x00, 0x0c
        04 00 D6 04 91 04
        96 04 00 0C
   0481 05 91 04 96 04 00    21 .db 0x05, 0x91, 0x04, 0x96, 0x04, 0x00, 0x0c, 0x05, 0x91, 0x04, 0x96, 0x04, 0x01, 0x71, 0x04, 0x00
        0C 05 91 04 96 04
        01 71 04 00
   0491 42 80 00 00 00 94    22 .db 0x42, 0x80, 0x00, 0x00, 0x00, 0x94, 0xe0, 0x00, 0x00, 0x01, 0x04, 0x4b, 0x4f, 0x4b, 0x02, 0x55
        E0 00 00 01 04 4B
        4F 4B 02 55
   04A1 42 00 55 02 4B 4F    23 .db 0x42, 0x00, 0x55, 0x02, 0x4b, 0x4f, 0x02, 0x4b, 0x02, 0x59, 0x04, 0x4f, 0x55, 0x5d, 0x02, 0x59
        02 4B 02 59 04 4F
        55 5D 02 59
   04B1 02 59 02 5D 55 02    24 .db 0x02, 0x59, 0x02, 0x5d, 0x55, 0x02, 0x59, 0x02, 0x55, 0x04, 0x4b, 0x4f, 0x4b, 0x02, 0x55, 0x02
        59 02 55 04 4B 4F
        4B 02 55 02
   04C1 55 02 4F 55 02 4F    25 .db 0x55, 0x02, 0x4f, 0x55, 0x02, 0x4f, 0x02, 0x59, 0x02, 0x5d, 0x59, 0x06, 0x55, 0x59, 0x02, 0x5d
        02 59 02 5D 59 06
        55 59 02 5D
   04D1 02 55 02 59 00 AC    26 .db 0x02, 0x55, 0x02, 0x59, 0x00, 0xac, 0xe0, 0x00, 0x00, 0x02, 0x02, 0x71, 0x02, 0x75, 0x0a, 0x75
        E0 00 00 02 02 71
        02 75 0A 75
   04E1 02 71 02 6D 02 71    27 .db 0x02, 0x71, 0x02, 0x6d, 0x02, 0x71, 0x02, 0x75, 0x6d, 0x0c, 0x67, 0x02, 0x75, 0x02, 0x6d, 0x02
        02 75 6D 0C 67 02
        75 02 6D 02
ASxxxx Assembler V02.00 + NoICE + SDCC mods  (Zilog Z80 / Hitachi HD64180), page 2.
Hexadecimal [16-Bits]



   04F1 6D 02 71 02 75 0A    28 .db 0x6d, 0x02, 0x71, 0x02, 0x75, 0x0a, 0x75, 0x02, 0x71, 0x02, 0x6d, 0x02, 0x7b, 0x02, 0x75, 0x02
        75 02 71 02 6D 02
        7B 02 75 02
   0501 71 04 7B 02 7B 75    29 .db 0x71, 0x04, 0x7b, 0x02, 0x7b, 0x75, 0x02, 0x71, 0x02, 0x6d, 0x00, 0xac, 0xe0, 0x00, 0x00, 0x03
        02 71 02 6D 00 AC
        E0 00 00 03
   0511 02 71 02 75 0A 75    30 .db 0x02, 0x71, 0x02, 0x75, 0x0a, 0x75, 0x02, 0x71, 0x02, 0x6d, 0x02, 0x71, 0x02, 0x75, 0x6d, 0x0c
        02 71 02 6D 02 71
        02 75 6D 0C
   0521 67 02 75 02 6D 02    31 .db 0x67, 0x02, 0x75, 0x02, 0x6d, 0x02, 0x6d, 0x02, 0x71, 0x02, 0x75, 0x0a, 0x75, 0x02, 0x71, 0x02
        6D 02 71 02 75 0A
        75 02 71 02
   0531 6D 02 7B 02 75 02    32 .db 0x6d, 0x02, 0x7b, 0x02, 0x75, 0x02, 0x71, 0x04, 0x7b, 0x02, 0x7b, 0x75, 0x02, 0x71, 0x02, 0x6d
        71 04 7B 02 7B 75
        02 71 02 6D
   0541 00                   33 .db 0x00
