ASxxxx Assembler V02.00 + NoICE + SDCC mods  (Zilog Z80 / Hitachi HD64180), page 1.
Hexadecimal [16-Bits]



                              1 ;;
                              2 ;;man create nivel h
                              3 ;;
                              4 
                              5 
                     0000     6 sin_nivel=0
                     0001     7 siguiente_nivel=1
                     0002     8 partida_terminada=2
                              9 
                             10 ;; EN VELOCIDAD DE LA IA MAXIMO DIFICULTAD 2
                             11 ;; EN VELOCIDAD DE LA BALA MAXIMO DIFICULTAD 2
                             12 ;; EN NIVEL IA MAXIMO DIFICULTAD 4
                     0001    13 dificultad1=1
                     0002    14 dificultad2=2
                     0003    15 dificultad3=3
                     0004    16 dificultad4=4
                             17 
                     0001    18 mapa_1=1
                     0002    19 mapa_2=2
                     0003    20 mapa_3=3
                     0004    21 mapa_4=4
                     0005    22 mapa_5=5
                     0006    23 mapa_6=6
                     0007    24 mapa_single_1=7
                     0008    25 mapa_single_2=8
                     0009    26 mapa_single_3=9
                     000A    27 mapa_single_4=10
                     000B    28 mapa_single_5=11
                     000C    29 mapa_single_6=12
                             30 
                             31 
                             32 .globl crear_nivel_single
                             33 .globl crear_nivel_multi
                             34 .globl sistema_reiniciar_niveles
                             35 .globl estado_nivel_single
