ASxxxx Assembler V02.00 + NoICE + SDCC mods  (Zilog Z80 / Hitachi HD64180), page 1.
Hexadecimal [16-Bits]



                              1 ;;
                              2 ;;shot manager h
                              3 ;;
                              4 
                              5 ;; MACROS
                              6 
                              7 .macro DefineBalesArray _nameb,_N
                              8 _nameb::
                              9 	.rept _N
                             10 DefineBalesAnnonimous -1,00,00,00,00,00,00,00,00,00,00,0x00
                             11 	.endm 
                             12 .endm
                             13 
                             14 .macro DefineBalesAnnonimous _bx,_by,_bxl,_byl,_bxll,_byll,_bvx,_bvy,_bsta,_bwidth,_bheight,_bcolor
                             15 .db _bx           ;; posicion de la bala x          
                             16 .db _by		;; posicion de la bala y
                             17 .db _bxl		;; posicion anterior x
                             18 .db _byl		;; posicion anterior y
                             19 .db _bxll		;; posicion 2 veces anterior x
                             20 .db _byll		;; posicion 2 veces anterior y
                             21 .db _bvx 		;; velocidad bala en x
                             22 .db _bvy		;; belocidad bala en y
                             23 .db _bsta		;; estado de la bala   ¡¡¡¡¡YA NO SIRVEE¡¡¡¡¡¡
                             24 .db _bwidth       ;; anchura de la bala
                             25 .db _bheight      ;; altura de la bala
                             26 .db _bcolor       ;; color de la bala
                             27 .db 0x00 ,0x00    ;; posicion de memoria del canon
                             28  
                             29 .endm
                             30 
                             31 ;; CONSTANTES QUE REFERENCIAN LOS ATRIBUTOS DE LAS BALAS (USADOS POR LOS REGISTROS IX E IY, RESPECTIVAMENTE)
                             32 
                     0000    33 b_x       = 0
                     0001    34 b_y       = 1
                     0002    35 b_xl      = 2
                     0003    36 b_yl      = 3
                     0004    37 b_xll     = 4
                     0005    38 b_yll     = 5
                     0006    39 b_vx      = 6      ;; velocidad bala eje x
                     0007    40 b_vy      = 7      ;; velocidad bala eje y
                     0008    41 b_sta     = 8      ;; estado de la bala
                     0009    42 b_h       = 9      ;; altura de la bala
                     000A    43 b_w       = 10     ;; anchura de la bala
                     000B    44 b_color   = 11     ;; color de la bala (sustituible por puntero a sprite)
                     000C    45 b_canon_l = 12     ;; posicion de memoria del canon en l
                     000D    46 b_canon_h = 13	 ;; posicion de memoria del canon en h
                     000E    47 siceof_b  = 14
                             48 
                             49 
                             50 ;; GLOBAL FUNCTIONS
                             51 
                             52 
                             53 .globl entityman_getArray_Bales
                             54 .globl entityman_num_Bales
                             55 
ASxxxx Assembler V02.00 + NoICE + SDCC mods  (Zilog Z80 / Hitachi HD64180), page 2.
Hexadecimal [16-Bits]



                             56 
                             57 ;; CONSTANTES:
                             58 
                             59 ;; Numero maximo de balas
                             60 
                     0005    61 max_bales == 5
                             62 
                             63 ;; Posicionar centralmente la bala con respecto al sprite
                             64 
                     0002    65 b_inc_pos_x = 2
                     0006    66 b_inc_pos_y = 6
                             67 
                             68 ;; DIMENSIONES POSIBLES DE LA BALA
                             69 
                             70 ;; Cuando va en horizontal
                             71 
                     0002    72 b_width      = 2   ;; anchura de la bala
                     0008    73 b_height     = 8   ;; altura de la bala
                             74 
                             75 ;; Cuando va en vertical
                             76 
                             77 
                             78 
                             79 
                             80 
                             81 ;; Color por defecto de la bala
                             82 
                     00C0    83 reset_bullet_color = 0xC0   ;; Color negro
                             84 
                             85 ;; Velocidades posibles de la bala
                             86 
                     0001    87 pos_vel_h = 1
                     FFFFFFFF    88 neg_vel_h = -1
                     0004    89 pos_vel_v = 4
                     FFFFFFFC    90 neg_vel_v = -4
                     0000    91 sin_vel = 0
                             92 
                             93 ;; Estados de la bala
                             94 
                     0000    95 b_no_shoot  = 0    ;; bala no disparada (estado por defecto)
                     0001    96 b_shoot     = 1    ;; bala disparada
