                              1 ;--------------------------------------------------------
                              2 ; File Created by SDCC : free open source ANSI-C Compiler
                              3 ; Version 3.6.8 #9946 (Linux)
                              4 ;--------------------------------------------------------
                              5 	.module balaExp
                              6 	.optsdcc -mz80
                              7 	
                              8 ;--------------------------------------------------------
                              9 ; Public variables in this module
                             10 ;--------------------------------------------------------
                             11 	.globl _balaExpl_sp_3
                             12 	.globl _balaExpl_sp_2
                             13 	.globl _balaExpl_sp_1
                             14 	.globl _balaExpl_sp_0
                             15 ;--------------------------------------------------------
                             16 ; special function registers
                             17 ;--------------------------------------------------------
                             18 ;--------------------------------------------------------
                             19 ; ram data
                             20 ;--------------------------------------------------------
                             21 	.area _DATA
                             22 ;--------------------------------------------------------
                             23 ; ram data
                             24 ;--------------------------------------------------------
                             25 	.area _INITIALIZED
                             26 ;--------------------------------------------------------
                             27 ; absolute external ram data
                             28 ;--------------------------------------------------------
                             29 	.area _DABS (ABS)
                             30 ;--------------------------------------------------------
                             31 ; global & static initialisations
                             32 ;--------------------------------------------------------
                             33 	.area _HOME
                             34 	.area _GSINIT
                             35 	.area _GSFINAL
                             36 	.area _GSINIT
                             37 ;--------------------------------------------------------
                             38 ; Home
                             39 ;--------------------------------------------------------
                             40 	.area _HOME
                             41 	.area _HOME
                             42 ;--------------------------------------------------------
                             43 ; code
                             44 ;--------------------------------------------------------
                             45 	.area _CODE
                             46 	.area _CODE
   0000                      47 _balaExpl_sp_0:
   0000 14                   48 	.db #0x14	; 20
   0001 28                   49 	.db #0x28	; 40
   0002 14                   50 	.db #0x14	; 20
   0003 28                   51 	.db #0x28	; 40
   0004 69                   52 	.db #0x69	; 105	'i'
   0005 96                   53 	.db #0x96	; 150
   0006 69                   54 	.db #0x69	; 105	'i'
   0007 96                   55 	.db #0x96	; 150
   0008 69                   56 	.db #0x69	; 105	'i'
   0009 96                   57 	.db #0x96	; 150
   000A 69                   58 	.db #0x69	; 105	'i'
   000B 96                   59 	.db #0x96	; 150
   000C 14                   60 	.db #0x14	; 20
   000D 28                   61 	.db #0x28	; 40
   000E 14                   62 	.db #0x14	; 20
   000F 28                   63 	.db #0x28	; 40
   0010                      64 _balaExpl_sp_1:
   0010 41                   65 	.db #0x41	; 65	'A'
   0011 82                   66 	.db #0x82	; 130
   0012 41                   67 	.db #0x41	; 65	'A'
   0013 82                   68 	.db #0x82	; 130
   0014 96                   69 	.db #0x96	; 150
   0015 69                   70 	.db #0x69	; 105	'i'
   0016 96                   71 	.db #0x96	; 150
   0017 69                   72 	.db #0x69	; 105	'i'
   0018 96                   73 	.db #0x96	; 150
   0019 69                   74 	.db #0x69	; 105	'i'
   001A 96                   75 	.db #0x96	; 150
   001B 69                   76 	.db #0x69	; 105	'i'
   001C 41                   77 	.db #0x41	; 65	'A'
   001D 82                   78 	.db #0x82	; 130
   001E 41                   79 	.db #0x41	; 65	'A'
   001F 82                   80 	.db #0x82	; 130
   0020                      81 _balaExpl_sp_2:
   0020 15                   82 	.db #0x15	; 21
   0021 2A                   83 	.db #0x2a	; 42
   0022 15                   84 	.db #0x15	; 21
   0023 2A                   85 	.db #0x2a	; 42
   0024 6B                   86 	.db #0x6b	; 107	'k'
   0025 97                   87 	.db #0x97	; 151
   0026 6B                   88 	.db #0x6b	; 107	'k'
   0027 97                   89 	.db #0x97	; 151
   0028 6B                   90 	.db #0x6b	; 107	'k'
   0029 97                   91 	.db #0x97	; 151
   002A 6B                   92 	.db #0x6b	; 107	'k'
   002B 97                   93 	.db #0x97	; 151
   002C 15                   94 	.db #0x15	; 21
   002D 2A                   95 	.db #0x2a	; 42
   002E 15                   96 	.db #0x15	; 21
   002F 2A                   97 	.db #0x2a	; 42
   0030                      98 _balaExpl_sp_3:
   0030 00                   99 	.db #0x00	; 0
   0031 00                  100 	.db #0x00	; 0
   0032 00                  101 	.db #0x00	; 0
   0033 00                  102 	.db #0x00	; 0
   0034 15                  103 	.db #0x15	; 21
   0035 2A                  104 	.db #0x2a	; 42
   0036 15                  105 	.db #0x15	; 21
   0037 2A                  106 	.db #0x2a	; 42
   0038 15                  107 	.db #0x15	; 21
   0039 2A                  108 	.db #0x2a	; 42
   003A 15                  109 	.db #0x15	; 21
   003B 2A                  110 	.db #0x2a	; 42
   003C 00                  111 	.db #0x00	; 0
   003D 00                  112 	.db #0x00	; 0
   003E 00                  113 	.db #0x00	; 0
   003F 00                  114 	.db #0x00	; 0
                            115 	.area _INITIALIZER
                            116 	.area _CABS (ABS)
