                              1 ;--------------------------------------------------------
                              2 ; File Created by SDCC : free open source ANSI-C Compiler
                              3 ; Version 3.6.8 #9946 (Linux)
                              4 ;--------------------------------------------------------
                              5 	.module bala
                              6 	.optsdcc -mz80
                              7 	
                              8 ;--------------------------------------------------------
                              9 ; Public variables in this module
                             10 ;--------------------------------------------------------
                             11 	.globl _bala_sp
                             12 ;--------------------------------------------------------
                             13 ; special function registers
                             14 ;--------------------------------------------------------
                             15 ;--------------------------------------------------------
                             16 ; ram data
                             17 ;--------------------------------------------------------
                             18 	.area _DATA
                             19 ;--------------------------------------------------------
                             20 ; ram data
                             21 ;--------------------------------------------------------
                             22 	.area _INITIALIZED
                             23 ;--------------------------------------------------------
                             24 ; absolute external ram data
                             25 ;--------------------------------------------------------
                             26 	.area _DABS (ABS)
                             27 ;--------------------------------------------------------
                             28 ; global & static initialisations
                             29 ;--------------------------------------------------------
                             30 	.area _HOME
                             31 	.area _GSINIT
                             32 	.area _GSFINAL
                             33 	.area _GSINIT
                             34 ;--------------------------------------------------------
                             35 ; Home
                             36 ;--------------------------------------------------------
                             37 	.area _HOME
                             38 	.area _HOME
                             39 ;--------------------------------------------------------
                             40 ; code
                             41 ;--------------------------------------------------------
                             42 	.area _CODE
                             43 	.area _CODE
   0000                      44 _bala_sp:
   0000 14                   45 	.db #0x14	; 20
   0001 28                   46 	.db #0x28	; 40
   0002 14                   47 	.db #0x14	; 20
   0003 28                   48 	.db #0x28	; 40
   0004 69                   49 	.db #0x69	; 105	'i'
   0005 96                   50 	.db #0x96	; 150
   0006 69                   51 	.db #0x69	; 105	'i'
   0007 96                   52 	.db #0x96	; 150
   0008 69                   53 	.db #0x69	; 105	'i'
   0009 96                   54 	.db #0x96	; 150
   000A 69                   55 	.db #0x69	; 105	'i'
   000B 96                   56 	.db #0x96	; 150
   000C 14                   57 	.db #0x14	; 20
   000D 28                   58 	.db #0x28	; 40
   000E 14                   59 	.db #0x14	; 20
   000F 28                   60 	.db #0x28	; 40
                             61 	.area _INITIALIZER
                             62 	.area _CABS (ABS)
