                              1 ;--------------------------------------------------------
                              2 ; File Created by SDCC : free open source ANSI-C Compiler
                              3 ; Version 3.6.8 #9946 (Linux)
                              4 ;--------------------------------------------------------
                              5 	.module explosionTanque
                              6 	.optsdcc -mz80
                              7 	
                              8 ;--------------------------------------------------------
                              9 ; Public variables in this module
                             10 ;--------------------------------------------------------
                             11 	.globl _canonExpl_3
                             12 	.globl _canonExpl_2
                             13 	.globl _canonExpl_1
                             14 	.globl _canonExpl_0
                             15 ;--------------------------------------------------------
                             16 ; special function registers
                             17 ;--------------------------------------------------------
                             18 ;--------------------------------------------------------
                             19 ; ram data
                             20 ;--------------------------------------------------------
                             21 	.area _DATA
                             22 ;--------------------------------------------------------
                             23 ; ram data
                             24 ;--------------------------------------------------------
                             25 	.area _INITIALIZED
                             26 ;--------------------------------------------------------
                             27 ; absolute external ram data
                             28 ;--------------------------------------------------------
                             29 	.area _DABS (ABS)
                             30 ;--------------------------------------------------------
                             31 ; global & static initialisations
                             32 ;--------------------------------------------------------
                             33 	.area _HOME
                             34 	.area _GSINIT
                             35 	.area _GSFINAL
                             36 	.area _GSINIT
                             37 ;--------------------------------------------------------
                             38 ; Home
                             39 ;--------------------------------------------------------
                             40 	.area _HOME
                             41 	.area _HOME
                             42 ;--------------------------------------------------------
                             43 ; code
                             44 ;--------------------------------------------------------
                             45 	.area _CODE
                             46 	.area _CODE
   0000                      47 _canonExpl_0:
   0000 00                   48 	.db #0x00	; 0
   0001 00                   49 	.db #0x00	; 0
   0002 00                   50 	.db #0x00	; 0
   0003 00                   51 	.db #0x00	; 0
   0004 00                   52 	.db #0x00	; 0
   0005 00                   53 	.db #0x00	; 0
   0006 00                   54 	.db #0x00	; 0
   0007 28                   55 	.db #0x28	; 40
   0008 00                   56 	.db #0x00	; 0
   0009 00                   57 	.db #0x00	; 0
   000A 00                   58 	.db #0x00	; 0
   000B 00                   59 	.db #0x00	; 0
   000C 00                   60 	.db #0x00	; 0
   000D 00                   61 	.db #0x00	; 0
   000E 00                   62 	.db #0x00	; 0
   000F 00                   63 	.db #0x00	; 0
   0010 00                   64 	.db #0x00	; 0
   0011 00                   65 	.db #0x00	; 0
   0012 00                   66 	.db #0x00	; 0
   0013 00                   67 	.db #0x00	; 0
   0014 00                   68 	.db #0x00	; 0
   0015 00                   69 	.db #0x00	; 0
   0016 00                   70 	.db #0x00	; 0
   0017 00                   71 	.db #0x00	; 0
   0018 14                   72 	.db #0x14	; 20
   0019 00                   73 	.db #0x00	; 0
   001A 00                   74 	.db #0x00	; 0
   001B 00                   75 	.db #0x00	; 0
   001C 3C                   76 	.db #0x3c	; 60
   001D 00                   77 	.db #0x00	; 0
   001E 28                   78 	.db #0x28	; 40
   001F 14                   79 	.db #0x14	; 20
   0020 3C                   80 	.db #0x3c	; 60
   0021 28                   81 	.db #0x28	; 40
   0022 28                   82 	.db #0x28	; 40
   0023 3C                   83 	.db #0x3c	; 60
   0024 3C                   84 	.db #0x3c	; 60
   0025 3C                   85 	.db #0x3c	; 60
   0026 3C                   86 	.db #0x3c	; 60
   0027 3C                   87 	.db #0x3c	; 60
   0028 3C                   88 	.db #0x3c	; 60
   0029 3C                   89 	.db #0x3c	; 60
   002A 3E                   90 	.db #0x3e	; 62
   002B 3C                   91 	.db #0x3c	; 60
   002C 3D                   92 	.db #0x3d	; 61
   002D 3C                   93 	.db #0x3c	; 60
   002E 3E                   94 	.db #0x3e	; 62
   002F 3C                   95 	.db #0x3c	; 60
   0030 3D                   96 	.db #0x3d	; 61
   0031 3C                   97 	.db #0x3c	; 60
   0032 3F                   98 	.db #0x3f	; 63
   0033 3C                   99 	.db #0x3c	; 60
   0034 3D                  100 	.db #0x3d	; 61
   0035 3E                  101 	.db #0x3e	; 62
   0036 3F                  102 	.db #0x3f	; 63
   0037 3E                  103 	.db #0x3e	; 62
   0038 3D                  104 	.db #0x3d	; 61
   0039 3F                  105 	.db #0x3f	; 63
   003A 3F                  106 	.db #0x3f	; 63
   003B 3E                  107 	.db #0x3e	; 62
   003C 3D                  108 	.db #0x3d	; 61
   003D 3F                  109 	.db #0x3f	; 63
   003E 3F                  110 	.db #0x3f	; 63
   003F 3E                  111 	.db #0x3e	; 62
   0040                     112 _canonExpl_1:
   0040 00                  113 	.db #0x00	; 0
   0041 28                  114 	.db #0x28	; 40
   0042 00                  115 	.db #0x00	; 0
   0043 00                  116 	.db #0x00	; 0
   0044 14                  117 	.db #0x14	; 20
   0045 28                  118 	.db #0x28	; 40
   0046 14                  119 	.db #0x14	; 20
   0047 00                  120 	.db #0x00	; 0
   0048 3C                  121 	.db #0x3c	; 60
   0049 28                  122 	.db #0x28	; 40
   004A 14                  123 	.db #0x14	; 20
   004B 28                  124 	.db #0x28	; 40
   004C 3C                  125 	.db #0x3c	; 60
   004D 3C                  126 	.db #0x3c	; 60
   004E 14                  127 	.db #0x14	; 20
   004F 3C                  128 	.db #0x3c	; 60
   0050 3C                  129 	.db #0x3c	; 60
   0051 3C                  130 	.db #0x3c	; 60
   0052 3C                  131 	.db #0x3c	; 60
   0053 3C                  132 	.db #0x3c	; 60
   0054 3C                  133 	.db #0x3c	; 60
   0055 3C                  134 	.db #0x3c	; 60
   0056 3C                  135 	.db #0x3c	; 60
   0057 3C                  136 	.db #0x3c	; 60
   0058 3C                  137 	.db #0x3c	; 60
   0059 3C                  138 	.db #0x3c	; 60
   005A 3E                  139 	.db #0x3e	; 62
   005B 3C                  140 	.db #0x3c	; 60
   005C 3D                  141 	.db #0x3d	; 61
   005D 3C                  142 	.db #0x3c	; 60
   005E 3E                  143 	.db #0x3e	; 62
   005F 3C                  144 	.db #0x3c	; 60
   0060 3D                  145 	.db #0x3d	; 61
   0061 3C                  146 	.db #0x3c	; 60
   0062 3F                  147 	.db #0x3f	; 63
   0063 3C                  148 	.db #0x3c	; 60
   0064 3D                  149 	.db #0x3d	; 61
   0065 3E                  150 	.db #0x3e	; 62
   0066 3F                  151 	.db #0x3f	; 63
   0067 3E                  152 	.db #0x3e	; 62
   0068 3D                  153 	.db #0x3d	; 61
   0069 3F                  154 	.db #0x3f	; 63
   006A 3F                  155 	.db #0x3f	; 63
   006B 3E                  156 	.db #0x3e	; 62
   006C 3D                  157 	.db #0x3d	; 61
   006D 3F                  158 	.db #0x3f	; 63
   006E 3F                  159 	.db #0x3f	; 63
   006F 3E                  160 	.db #0x3e	; 62
   0070 3D                  161 	.db #0x3d	; 61
   0071 3F                  162 	.db #0x3f	; 63
   0072 3F                  163 	.db #0x3f	; 63
   0073 3E                  164 	.db #0x3e	; 62
   0074 3D                  165 	.db #0x3d	; 61
   0075 3F                  166 	.db #0x3f	; 63
   0076 3F                  167 	.db #0x3f	; 63
   0077 3E                  168 	.db #0x3e	; 62
   0078 3D                  169 	.db #0x3d	; 61
   0079 3F                  170 	.db #0x3f	; 63
   007A 3F                  171 	.db #0x3f	; 63
   007B 3E                  172 	.db #0x3e	; 62
   007C 3D                  173 	.db #0x3d	; 61
   007D 3F                  174 	.db #0x3f	; 63
   007E 3F                  175 	.db #0x3f	; 63
   007F 3E                  176 	.db #0x3e	; 62
   0080                     177 _canonExpl_2:
   0080 00                  178 	.db #0x00	; 0
   0081 00                  179 	.db #0x00	; 0
   0082 00                  180 	.db #0x00	; 0
   0083 00                  181 	.db #0x00	; 0
   0084 00                  182 	.db #0x00	; 0
   0085 00                  183 	.db #0x00	; 0
   0086 00                  184 	.db #0x00	; 0
   0087 00                  185 	.db #0x00	; 0
   0088 00                  186 	.db #0x00	; 0
   0089 00                  187 	.db #0x00	; 0
   008A 00                  188 	.db #0x00	; 0
   008B 00                  189 	.db #0x00	; 0
   008C 14                  190 	.db #0x14	; 20
   008D 00                  191 	.db #0x00	; 0
   008E 00                  192 	.db #0x00	; 0
   008F 00                  193 	.db #0x00	; 0
   0090 00                  194 	.db #0x00	; 0
   0091 00                  195 	.db #0x00	; 0
   0092 00                  196 	.db #0x00	; 0
   0093 00                  197 	.db #0x00	; 0
   0094 00                  198 	.db #0x00	; 0
   0095 00                  199 	.db #0x00	; 0
   0096 00                  200 	.db #0x00	; 0
   0097 00                  201 	.db #0x00	; 0
   0098 14                  202 	.db #0x14	; 20
   0099 00                  203 	.db #0x00	; 0
   009A 00                  204 	.db #0x00	; 0
   009B 00                  205 	.db #0x00	; 0
   009C 3C                  206 	.db #0x3c	; 60
   009D 00                  207 	.db #0x00	; 0
   009E 28                  208 	.db #0x28	; 40
   009F 14                  209 	.db #0x14	; 20
   00A0 3C                  210 	.db #0x3c	; 60
   00A1 28                  211 	.db #0x28	; 40
   00A2 28                  212 	.db #0x28	; 40
   00A3 3C                  213 	.db #0x3c	; 60
   00A4 3C                  214 	.db #0x3c	; 60
   00A5 3C                  215 	.db #0x3c	; 60
   00A6 3C                  216 	.db #0x3c	; 60
   00A7 3C                  217 	.db #0x3c	; 60
   00A8 3C                  218 	.db #0x3c	; 60
   00A9 3C                  219 	.db #0x3c	; 60
   00AA 3E                  220 	.db #0x3e	; 62
   00AB 3C                  221 	.db #0x3c	; 60
   00AC 3D                  222 	.db #0x3d	; 61
   00AD 3C                  223 	.db #0x3c	; 60
   00AE 3E                  224 	.db #0x3e	; 62
   00AF 3C                  225 	.db #0x3c	; 60
   00B0 3D                  226 	.db #0x3d	; 61
   00B1 3C                  227 	.db #0x3c	; 60
   00B2 3F                  228 	.db #0x3f	; 63
   00B3 3C                  229 	.db #0x3c	; 60
   00B4 3D                  230 	.db #0x3d	; 61
   00B5 3E                  231 	.db #0x3e	; 62
   00B6 3F                  232 	.db #0x3f	; 63
   00B7 3E                  233 	.db #0x3e	; 62
   00B8 3D                  234 	.db #0x3d	; 61
   00B9 3F                  235 	.db #0x3f	; 63
   00BA 3F                  236 	.db #0x3f	; 63
   00BB 3E                  237 	.db #0x3e	; 62
   00BC 3D                  238 	.db #0x3d	; 61
   00BD 3F                  239 	.db #0x3f	; 63
   00BE 3F                  240 	.db #0x3f	; 63
   00BF 3E                  241 	.db #0x3e	; 62
   00C0                     242 _canonExpl_3:
   00C0 00                  243 	.db #0x00	; 0
   00C1 00                  244 	.db #0x00	; 0
   00C2 00                  245 	.db #0x00	; 0
   00C3 00                  246 	.db #0x00	; 0
   00C4 00                  247 	.db #0x00	; 0
   00C5 00                  248 	.db #0x00	; 0
   00C6 00                  249 	.db #0x00	; 0
   00C7 00                  250 	.db #0x00	; 0
   00C8 00                  251 	.db #0x00	; 0
   00C9 00                  252 	.db #0x00	; 0
   00CA 00                  253 	.db #0x00	; 0
   00CB 00                  254 	.db #0x00	; 0
   00CC 00                  255 	.db #0x00	; 0
   00CD 00                  256 	.db #0x00	; 0
   00CE 00                  257 	.db #0x00	; 0
   00CF 00                  258 	.db #0x00	; 0
   00D0 00                  259 	.db #0x00	; 0
   00D1 00                  260 	.db #0x00	; 0
   00D2 00                  261 	.db #0x00	; 0
   00D3 00                  262 	.db #0x00	; 0
   00D4 00                  263 	.db #0x00	; 0
   00D5 00                  264 	.db #0x00	; 0
   00D6 00                  265 	.db #0x00	; 0
   00D7 00                  266 	.db #0x00	; 0
   00D8 00                  267 	.db #0x00	; 0
   00D9 00                  268 	.db #0x00	; 0
   00DA 00                  269 	.db #0x00	; 0
   00DB 00                  270 	.db #0x00	; 0
   00DC 00                  271 	.db #0x00	; 0
   00DD 00                  272 	.db #0x00	; 0
   00DE 00                  273 	.db #0x00	; 0
   00DF 00                  274 	.db #0x00	; 0
   00E0 00                  275 	.db #0x00	; 0
   00E1 00                  276 	.db #0x00	; 0
   00E2 00                  277 	.db #0x00	; 0
   00E3 00                  278 	.db #0x00	; 0
   00E4 14                  279 	.db #0x14	; 20
   00E5 00                  280 	.db #0x00	; 0
   00E6 00                  281 	.db #0x00	; 0
   00E7 00                  282 	.db #0x00	; 0
   00E8 3C                  283 	.db #0x3c	; 60
   00E9 00                  284 	.db #0x00	; 0
   00EA 28                  285 	.db #0x28	; 40
   00EB 00                  286 	.db #0x00	; 0
   00EC 3C                  287 	.db #0x3c	; 60
   00ED 14                  288 	.db #0x14	; 20
   00EE 3C                  289 	.db #0x3c	; 60
   00EF 14                  290 	.db #0x14	; 20
   00F0 3C                  291 	.db #0x3c	; 60
   00F1 3C                  292 	.db #0x3c	; 60
   00F2 3E                  293 	.db #0x3e	; 62
   00F3 3C                  294 	.db #0x3c	; 60
   00F4 3D                  295 	.db #0x3d	; 61
   00F5 3C                  296 	.db #0x3c	; 60
   00F6 3F                  297 	.db #0x3f	; 63
   00F7 3C                  298 	.db #0x3c	; 60
   00F8 3D                  299 	.db #0x3d	; 61
   00F9 3E                  300 	.db #0x3e	; 62
   00FA 3F                  301 	.db #0x3f	; 63
   00FB 3E                  302 	.db #0x3e	; 62
   00FC 3D                  303 	.db #0x3d	; 61
   00FD 3F                  304 	.db #0x3f	; 63
   00FE 3F                  305 	.db #0x3f	; 63
   00FF 3E                  306 	.db #0x3e	; 62
                            307 	.area _INITIALIZER
                            308 	.area _CABS (ABS)
