                              1 ;--------------------------------------------------------
                              2 ; File Created by SDCC : free open source ANSI-C Compiler
                              3 ; Version 3.6.8 #9946 (Linux)
                              4 ;--------------------------------------------------------
                              5 	.module plant
                              6 	.optsdcc -mz80
                              7 	
                              8 ;--------------------------------------------------------
                              9 ; Public variables in this module
                             10 ;--------------------------------------------------------
                             11 	.globl _plant_sp
                             12 ;--------------------------------------------------------
                             13 ; special function registers
                             14 ;--------------------------------------------------------
                             15 ;--------------------------------------------------------
                             16 ; ram data
                             17 ;--------------------------------------------------------
                             18 	.area _DATA
                             19 ;--------------------------------------------------------
                             20 ; ram data
                             21 ;--------------------------------------------------------
                             22 	.area _INITIALIZED
                             23 ;--------------------------------------------------------
                             24 ; absolute external ram data
                             25 ;--------------------------------------------------------
                             26 	.area _DABS (ABS)
                             27 ;--------------------------------------------------------
                             28 ; global & static initialisations
                             29 ;--------------------------------------------------------
                             30 	.area _HOME
                             31 	.area _GSINIT
                             32 	.area _GSFINAL
                             33 	.area _GSINIT
                             34 ;--------------------------------------------------------
                             35 ; Home
                             36 ;--------------------------------------------------------
                             37 	.area _HOME
                             38 	.area _HOME
                             39 ;--------------------------------------------------------
                             40 ; code
                             41 ;--------------------------------------------------------
                             42 	.area _CODE
                             43 	.area _CODE
   0000                      44 _plant_sp:
   0000 00                   45 	.db #0x00	; 0
   0001 A8                   46 	.db #0xa8	; 168
   0002 54                   47 	.db #0x54	; 84	'T'
   0003 00                   48 	.db #0x00	; 0
   0004 00                   49 	.db #0x00	; 0
   0005 93                   50 	.db #0x93	; 147
   0006 63                   51 	.db #0x63	; 99	'c'
   0007 00                   52 	.db #0x00	; 0
   0008 D6                   53 	.db #0xd6	; 214
   0009 93                   54 	.db #0x93	; 147
   000A 63                   55 	.db #0x63	; 99	'c'
   000B E9                   56 	.db #0xe9	; 233
   000C FC                   57 	.db #0xfc	; 252
   000D 93                   58 	.db #0x93	; 147
   000E 63                   59 	.db #0x63	; 99	'c'
   000F FC                   60 	.db #0xfc	; 252
   0010 54                   61 	.db #0x54	; 84	'T'
   0011 E9                   62 	.db #0xe9	; 233
   0012 D6                   63 	.db #0xd6	; 214
   0013 A8                   64 	.db #0xa8	; 168
   0014 54                   65 	.db #0x54	; 84	'T'
   0015 D2                   66 	.db #0xd2	; 210
   0016 E1                   67 	.db #0xe1	; 225
   0017 A8                   68 	.db #0xa8	; 168
   0018 C3                   69 	.db #0xc3	; 195
   0019 58                   70 	.db #0x58	; 88	'X'
   001A A4                   71 	.db #0xa4	; 164
   001B C3                   72 	.db #0xc3	; 195
   001C 33                   73 	.db #0x33	; 51	'3'
   001D F0                   74 	.db #0xf0	; 240
   001E F0                   75 	.db #0xf0	; 240
   001F 33                   76 	.db #0x33	; 51	'3'
   0020 33                   77 	.db #0x33	; 51	'3'
   0021 F0                   78 	.db #0xf0	; 240
   0022 F0                   79 	.db #0xf0	; 240
   0023 33                   80 	.db #0x33	; 51	'3'
   0024 C3                   81 	.db #0xc3	; 195
   0025 58                   82 	.db #0x58	; 88	'X'
   0026 A4                   83 	.db #0xa4	; 164
   0027 C3                   84 	.db #0xc3	; 195
   0028 54                   85 	.db #0x54	; 84	'T'
   0029 D2                   86 	.db #0xd2	; 210
   002A E1                   87 	.db #0xe1	; 225
   002B A8                   88 	.db #0xa8	; 168
   002C 54                   89 	.db #0x54	; 84	'T'
   002D E9                   90 	.db #0xe9	; 233
   002E D6                   91 	.db #0xd6	; 214
   002F A8                   92 	.db #0xa8	; 168
   0030 E9                   93 	.db #0xe9	; 233
   0031 93                   94 	.db #0x93	; 147
   0032 63                   95 	.db #0x63	; 99	'c'
   0033 D6                   96 	.db #0xd6	; 214
   0034 D6                   97 	.db #0xd6	; 214
   0035 93                   98 	.db #0x93	; 147
   0036 63                   99 	.db #0x63	; 99	'c'
   0037 E9                  100 	.db #0xe9	; 233
   0038 00                  101 	.db #0x00	; 0
   0039 93                  102 	.db #0x93	; 147
   003A 63                  103 	.db #0x63	; 99	'c'
   003B 00                  104 	.db #0x00	; 0
   003C 00                  105 	.db #0x00	; 0
   003D A8                  106 	.db #0xa8	; 168
   003E 54                  107 	.db #0x54	; 84	'T'
   003F 00                  108 	.db #0x00	; 0
                            109 	.area _INITIALIZER
                            110 	.area _CABS (ABS)
