                              1 ;--------------------------------------------------------
                              2 ; File Created by SDCC : free open source ANSI-C Compiler
                              3 ; Version 3.6.8 #9946 (Linux)
                              4 ;--------------------------------------------------------
                              5 	.module player
                              6 	.optsdcc -mz80
                              7 	
                              8 ;--------------------------------------------------------
                              9 ; Public variables in this module
                             10 ;--------------------------------------------------------
                             11 	.globl _player_sp
                             12 ;--------------------------------------------------------
                             13 ; special function registers
                             14 ;--------------------------------------------------------
                             15 ;--------------------------------------------------------
                             16 ; ram data
                             17 ;--------------------------------------------------------
                             18 	.area _DATA
                             19 ;--------------------------------------------------------
                             20 ; ram data
                             21 ;--------------------------------------------------------
                             22 	.area _INITIALIZED
                             23 ;--------------------------------------------------------
                             24 ; absolute external ram data
                             25 ;--------------------------------------------------------
                             26 	.area _DABS (ABS)
                             27 ;--------------------------------------------------------
                             28 ; global & static initialisations
                             29 ;--------------------------------------------------------
                             30 	.area _HOME
                             31 	.area _GSINIT
                             32 	.area _GSFINAL
                             33 	.area _GSINIT
                             34 ;--------------------------------------------------------
                             35 ; Home
                             36 ;--------------------------------------------------------
                             37 	.area _HOME
                             38 	.area _HOME
                             39 ;--------------------------------------------------------
                             40 ; code
                             41 ;--------------------------------------------------------
                             42 	.area _CODE
                             43 	.area _CODE
   0000                      44 _player_sp:
   0000 00                   45 	.db #0x00	; 0
   0001 00                   46 	.db #0x00	; 0
   0002 00                   47 	.db #0x00	; 0
   0003 00                   48 	.db #0x00	; 0
   0004 00                   49 	.db #0x00	; 0
   0005 00                   50 	.db #0x00	; 0
   0006 00                   51 	.db #0x00	; 0
   0007 00                   52 	.db #0x00	; 0
   0008 00                   53 	.db #0x00	; 0
   0009 00                   54 	.db #0x00	; 0
   000A 00                   55 	.db #0x00	; 0
   000B 00                   56 	.db #0x00	; 0
   000C 00                   57 	.db #0x00	; 0
   000D 00                   58 	.db #0x00	; 0
   000E 00                   59 	.db #0x00	; 0
   000F 00                   60 	.db #0x00	; 0
   0010 00                   61 	.db #0x00	; 0
   0011 00                   62 	.db #0x00	; 0
   0012 00                   63 	.db #0x00	; 0
   0013 00                   64 	.db #0x00	; 0
   0014 00                   65 	.db #0x00	; 0
   0015 00                   66 	.db #0x00	; 0
   0016 00                   67 	.db #0x00	; 0
   0017 00                   68 	.db #0x00	; 0
   0018 00                   69 	.db #0x00	; 0
   0019 00                   70 	.db #0x00	; 0
   001A 00                   71 	.db #0x00	; 0
   001B 00                   72 	.db #0x00	; 0
   001C 00                   73 	.db #0x00	; 0
   001D 00                   74 	.db #0x00	; 0
   001E 00                   75 	.db #0x00	; 0
   001F 00                   76 	.db #0x00	; 0
   0020 00                   77 	.db #0x00	; 0
   0021 00                   78 	.db #0x00	; 0
   0022 00                   79 	.db #0x00	; 0
   0023 00                   80 	.db #0x00	; 0
   0024 00                   81 	.db #0x00	; 0
   0025 00                   82 	.db #0x00	; 0
   0026 00                   83 	.db #0x00	; 0
   0027 00                   84 	.db #0x00	; 0
   0028 00                   85 	.db #0x00	; 0
   0029 00                   86 	.db #0x00	; 0
   002A 00                   87 	.db #0x00	; 0
   002B 00                   88 	.db #0x00	; 0
   002C 00                   89 	.db #0x00	; 0
   002D 00                   90 	.db #0x00	; 0
   002E 00                   91 	.db #0x00	; 0
   002F 00                   92 	.db #0x00	; 0
   0030 FF                   93 	.db #0xff	; 255
   0031 00                   94 	.db #0x00	; 0
   0032 AA                   95 	.db #0xaa	; 170
   0033 00                   96 	.db #0x00	; 0
   0034 AA                   97 	.db #0xaa	; 170
   0035 55                   98 	.db #0x55	; 85	'U'
   0036 55                   99 	.db #0x55	; 85	'U'
   0037 55                  100 	.db #0x55	; 85	'U'
   0038 AA                  101 	.db #0xaa	; 170
   0039 FF                  102 	.db #0xff	; 255
   003A AA                  103 	.db #0xaa	; 170
   003B 00                  104 	.db #0x00	; 0
   003C AA                  105 	.db #0xaa	; 170
   003D 00                  106 	.db #0x00	; 0
   003E 00                  107 	.db #0x00	; 0
   003F 00                  108 	.db #0x00	; 0
   0040 FF                  109 	.db #0xff	; 255
   0041 00                  110 	.db #0x00	; 0
   0042 AA                  111 	.db #0xaa	; 170
   0043 00                  112 	.db #0x00	; 0
   0044 AA                  113 	.db #0xaa	; 170
   0045 55                  114 	.db #0x55	; 85	'U'
   0046 55                  115 	.db #0x55	; 85	'U'
   0047 55                  116 	.db #0x55	; 85	'U'
   0048 AA                  117 	.db #0xaa	; 170
   0049 FF                  118 	.db #0xff	; 255
   004A AA                  119 	.db #0xaa	; 170
   004B 00                  120 	.db #0x00	; 0
   004C AA                  121 	.db #0xaa	; 170
   004D 00                  122 	.db #0x00	; 0
   004E 00                  123 	.db #0x00	; 0
   004F 00                  124 	.db #0x00	; 0
   0050 AA                  125 	.db #0xaa	; 170
   0051 AA                  126 	.db #0xaa	; 170
   0052 AA                  127 	.db #0xaa	; 170
   0053 55                  128 	.db #0x55	; 85	'U'
   0054 55                  129 	.db #0x55	; 85	'U'
   0055 55                  130 	.db #0x55	; 85	'U'
   0056 55                  131 	.db #0x55	; 85	'U'
   0057 55                  132 	.db #0x55	; 85	'U'
   0058 00                  133 	.db #0x00	; 0
   0059 AA                  134 	.db #0xaa	; 170
   005A AA                  135 	.db #0xaa	; 170
   005B 55                  136 	.db #0x55	; 85	'U'
   005C AA                  137 	.db #0xaa	; 170
   005D 00                  138 	.db #0x00	; 0
   005E 00                  139 	.db #0x00	; 0
   005F 00                  140 	.db #0x00	; 0
   0060 AA                  141 	.db #0xaa	; 170
   0061 AA                  142 	.db #0xaa	; 170
   0062 AA                  143 	.db #0xaa	; 170
   0063 55                  144 	.db #0x55	; 85	'U'
   0064 55                  145 	.db #0x55	; 85	'U'
   0065 55                  146 	.db #0x55	; 85	'U'
   0066 55                  147 	.db #0x55	; 85	'U'
   0067 55                  148 	.db #0x55	; 85	'U'
   0068 00                  149 	.db #0x00	; 0
   0069 AA                  150 	.db #0xaa	; 170
   006A AA                  151 	.db #0xaa	; 170
   006B 55                  152 	.db #0x55	; 85	'U'
   006C AA                  153 	.db #0xaa	; 170
   006D 00                  154 	.db #0x00	; 0
   006E 00                  155 	.db #0x00	; 0
   006F 00                  156 	.db #0x00	; 0
   0070 FF                  157 	.db #0xff	; 255
   0071 00                  158 	.db #0x00	; 0
   0072 AA                  159 	.db #0xaa	; 170
   0073 55                  160 	.db #0x55	; 85	'U'
   0074 55                  161 	.db #0x55	; 85	'U'
   0075 00                  162 	.db #0x00	; 0
   0076 AA                  163 	.db #0xaa	; 170
   0077 55                  164 	.db #0x55	; 85	'U'
   0078 AA                  165 	.db #0xaa	; 170
   0079 FF                  166 	.db #0xff	; 255
   007A 00                  167 	.db #0x00	; 0
   007B 00                  168 	.db #0x00	; 0
   007C AA                  169 	.db #0xaa	; 170
   007D 00                  170 	.db #0x00	; 0
   007E 00                  171 	.db #0x00	; 0
   007F 00                  172 	.db #0x00	; 0
   0080 FF                  173 	.db #0xff	; 255
   0081 00                  174 	.db #0x00	; 0
   0082 AA                  175 	.db #0xaa	; 170
   0083 55                  176 	.db #0x55	; 85	'U'
   0084 FF                  177 	.db #0xff	; 255
   0085 00                  178 	.db #0x00	; 0
   0086 AA                  179 	.db #0xaa	; 170
   0087 55                  180 	.db #0x55	; 85	'U'
   0088 AA                  181 	.db #0xaa	; 170
   0089 FF                  182 	.db #0xff	; 255
   008A 00                  183 	.db #0x00	; 0
   008B 00                  184 	.db #0x00	; 0
   008C AA                  185 	.db #0xaa	; 170
   008D 00                  186 	.db #0x00	; 0
   008E 00                  187 	.db #0x00	; 0
   008F 00                  188 	.db #0x00	; 0
   0090 AA                  189 	.db #0xaa	; 170
   0091 00                  190 	.db #0x00	; 0
   0092 AA                  191 	.db #0xaa	; 170
   0093 55                  192 	.db #0x55	; 85	'U'
   0094 FF                  193 	.db #0xff	; 255
   0095 00                  194 	.db #0x00	; 0
   0096 AA                  195 	.db #0xaa	; 170
   0097 55                  196 	.db #0x55	; 85	'U'
   0098 00                  197 	.db #0x00	; 0
   0099 AA                  198 	.db #0xaa	; 170
   009A AA                  199 	.db #0xaa	; 170
   009B 00                  200 	.db #0x00	; 0
   009C AA                  201 	.db #0xaa	; 170
   009D 00                  202 	.db #0x00	; 0
   009E 00                  203 	.db #0x00	; 0
   009F 00                  204 	.db #0x00	; 0
   00A0 AA                  205 	.db #0xaa	; 170
   00A1 00                  206 	.db #0x00	; 0
   00A2 AA                  207 	.db #0xaa	; 170
   00A3 55                  208 	.db #0x55	; 85	'U'
   00A4 55                  209 	.db #0x55	; 85	'U'
   00A5 00                  210 	.db #0x00	; 0
   00A6 AA                  211 	.db #0xaa	; 170
   00A7 55                  212 	.db #0x55	; 85	'U'
   00A8 00                  213 	.db #0x00	; 0
   00A9 AA                  214 	.db #0xaa	; 170
   00AA AA                  215 	.db #0xaa	; 170
   00AB 00                  216 	.db #0x00	; 0
   00AC AA                  217 	.db #0xaa	; 170
   00AD 00                  218 	.db #0x00	; 0
   00AE 00                  219 	.db #0x00	; 0
   00AF 00                  220 	.db #0x00	; 0
   00B0 AA                  221 	.db #0xaa	; 170
   00B1 00                  222 	.db #0x00	; 0
   00B2 FF                  223 	.db #0xff	; 255
   00B3 55                  224 	.db #0x55	; 85	'U'
   00B4 55                  225 	.db #0x55	; 85	'U'
   00B5 00                  226 	.db #0x00	; 0
   00B6 AA                  227 	.db #0xaa	; 170
   00B7 55                  228 	.db #0x55	; 85	'U'
   00B8 AA                  229 	.db #0xaa	; 170
   00B9 AA                  230 	.db #0xaa	; 170
   00BA AA                  231 	.db #0xaa	; 170
   00BB 55                  232 	.db #0x55	; 85	'U'
   00BC FF                  233 	.db #0xff	; 255
   00BD 00                  234 	.db #0x00	; 0
   00BE 00                  235 	.db #0x00	; 0
   00BF 00                  236 	.db #0x00	; 0
   00C0 AA                  237 	.db #0xaa	; 170
   00C1 00                  238 	.db #0x00	; 0
   00C2 FF                  239 	.db #0xff	; 255
   00C3 55                  240 	.db #0x55	; 85	'U'
   00C4 55                  241 	.db #0x55	; 85	'U'
   00C5 00                  242 	.db #0x00	; 0
   00C6 AA                  243 	.db #0xaa	; 170
   00C7 55                  244 	.db #0x55	; 85	'U'
   00C8 AA                  245 	.db #0xaa	; 170
   00C9 AA                  246 	.db #0xaa	; 170
   00CA AA                  247 	.db #0xaa	; 170
   00CB 55                  248 	.db #0x55	; 85	'U'
   00CC FF                  249 	.db #0xff	; 255
   00CD 00                  250 	.db #0x00	; 0
   00CE 00                  251 	.db #0x00	; 0
   00CF 00                  252 	.db #0x00	; 0
   00D0 00                  253 	.db #0x00	; 0
   00D1 00                  254 	.db #0x00	; 0
   00D2 00                  255 	.db #0x00	; 0
   00D3 00                  256 	.db #0x00	; 0
   00D4 00                  257 	.db #0x00	; 0
   00D5 00                  258 	.db #0x00	; 0
   00D6 00                  259 	.db #0x00	; 0
   00D7 00                  260 	.db #0x00	; 0
   00D8 00                  261 	.db #0x00	; 0
   00D9 00                  262 	.db #0x00	; 0
   00DA 00                  263 	.db #0x00	; 0
   00DB 00                  264 	.db #0x00	; 0
   00DC 00                  265 	.db #0x00	; 0
   00DD 00                  266 	.db #0x00	; 0
   00DE 00                  267 	.db #0x00	; 0
   00DF 00                  268 	.db #0x00	; 0
   00E0 00                  269 	.db #0x00	; 0
   00E1 00                  270 	.db #0x00	; 0
   00E2 00                  271 	.db #0x00	; 0
   00E3 00                  272 	.db #0x00	; 0
   00E4 00                  273 	.db #0x00	; 0
   00E5 00                  274 	.db #0x00	; 0
   00E6 00                  275 	.db #0x00	; 0
   00E7 00                  276 	.db #0x00	; 0
   00E8 00                  277 	.db #0x00	; 0
   00E9 00                  278 	.db #0x00	; 0
   00EA 00                  279 	.db #0x00	; 0
   00EB 00                  280 	.db #0x00	; 0
   00EC 00                  281 	.db #0x00	; 0
   00ED 00                  282 	.db #0x00	; 0
   00EE 00                  283 	.db #0x00	; 0
   00EF 00                  284 	.db #0x00	; 0
   00F0 00                  285 	.db #0x00	; 0
   00F1 00                  286 	.db #0x00	; 0
   00F2 00                  287 	.db #0x00	; 0
   00F3 00                  288 	.db #0x00	; 0
   00F4 00                  289 	.db #0x00	; 0
   00F5 00                  290 	.db #0x00	; 0
   00F6 00                  291 	.db #0x00	; 0
   00F7 00                  292 	.db #0x00	; 0
   00F8 00                  293 	.db #0x00	; 0
   00F9 00                  294 	.db #0x00	; 0
   00FA 00                  295 	.db #0x00	; 0
   00FB 00                  296 	.db #0x00	; 0
   00FC 00                  297 	.db #0x00	; 0
   00FD 00                  298 	.db #0x00	; 0
   00FE 00                  299 	.db #0x00	; 0
   00FF 00                  300 	.db #0x00	; 0
                            301 	.area _INITIALIZER
                            302 	.area _CABS (ABS)
