                              1 ;--------------------------------------------------------
                              2 ; File Created by SDCC : free open source ANSI-C Compiler
                              3 ; Version 3.6.8 #9946 (Linux)
                              4 ;--------------------------------------------------------
                              5 	.module tankes8x16
                              6 	.optsdcc -mz80
                              7 	
                              8 ;--------------------------------------------------------
                              9 ; Public variables in this module
                             10 ;--------------------------------------------------------
                             11 	.globl _cannons_sp_19
                             12 	.globl _cannons_sp_18
                             13 	.globl _cannons_sp_17
                             14 	.globl _cannons_sp_16
                             15 	.globl _cannons_sp_15
                             16 	.globl _cannons_sp_14
                             17 	.globl _cannons_sp_13
                             18 	.globl _cannons_sp_12
                             19 	.globl _cannons_sp_11
                             20 	.globl _cannons_sp_10
                             21 	.globl _cannons_sp_09
                             22 	.globl _cannons_sp_08
                             23 	.globl _cannons_sp_07
                             24 	.globl _cannons_sp_06
                             25 	.globl _cannons_sp_05
                             26 	.globl _cannons_sp_04
                             27 	.globl _cannons_sp_03
                             28 	.globl _cannons_sp_02
                             29 	.globl _cannons_sp_01
                             30 	.globl _cannons_sp_00
                             31 	.globl _canons_pal2
                             32 ;--------------------------------------------------------
                             33 ; special function registers
                             34 ;--------------------------------------------------------
                             35 ;--------------------------------------------------------
                             36 ; ram data
                             37 ;--------------------------------------------------------
                             38 	.area _DATA
                             39 ;--------------------------------------------------------
                             40 ; ram data
                             41 ;--------------------------------------------------------
                             42 	.area _INITIALIZED
                             43 ;--------------------------------------------------------
                             44 ; absolute external ram data
                             45 ;--------------------------------------------------------
                             46 	.area _DABS (ABS)
                             47 ;--------------------------------------------------------
                             48 ; global & static initialisations
                             49 ;--------------------------------------------------------
                             50 	.area _HOME
                             51 	.area _GSINIT
                             52 	.area _GSFINAL
                             53 	.area _GSINIT
                             54 ;--------------------------------------------------------
                             55 ; Home
                             56 ;--------------------------------------------------------
                             57 	.area _HOME
                             58 	.area _HOME
                             59 ;--------------------------------------------------------
                             60 ; code
                             61 ;--------------------------------------------------------
                             62 	.area _CODE
                             63 	.area _CODE
   0000                      64 _canons_pal2:
   0000 40                   65 	.db #0x40	; 64
   0001 54                   66 	.db #0x54	; 84	'T'
   0002 4B                   67 	.db #0x4b	; 75	'K'
   0003 44                   68 	.db #0x44	; 68	'D'
   0004 55                   69 	.db #0x55	; 85	'U'
   0005 5C                   70 	.db #0x5c	; 92
   0006 4C                   71 	.db #0x4c	; 76	'L'
   0007 56                   72 	.db #0x56	; 86	'V'
   0008 45                   73 	.db #0x45	; 69	'E'
   0009 5E                   74 	.db #0x5e	; 94
   000A 58                   75 	.db #0x58	; 88	'X'
   000B 47                   76 	.db #0x47	; 71	'G'
   000C 52                   77 	.db #0x52	; 82	'R'
   000D 53                   78 	.db #0x53	; 83	'S'
   000E 4A                   79 	.db #0x4a	; 74	'J'
   000F 43                   80 	.db #0x43	; 67	'C'
   0010                      81 _cannons_sp_00:
   0010 00                   82 	.db #0x00	; 0
   0011 80                   83 	.db #0x80	; 128
   0012 80                   84 	.db #0x80	; 128
   0013 80                   85 	.db #0x80	; 128
   0014 00                   86 	.db #0x00	; 0
   0015 80                   87 	.db #0x80	; 128
   0016 80                   88 	.db #0x80	; 128
   0017 80                   89 	.db #0x80	; 128
   0018 00                   90 	.db #0x00	; 0
   0019 FC                   91 	.db #0xfc	; 252
   001A FC                   92 	.db #0xfc	; 252
   001B A8                   93 	.db #0xa8	; 168
   001C 00                   94 	.db #0x00	; 0
   001D FC                   95 	.db #0xfc	; 252
   001E FC                   96 	.db #0xfc	; 252
   001F A8                   97 	.db #0xa8	; 168
   0020 80                   98 	.db #0x80	; 128
   0021 FC                   99 	.db #0xfc	; 252
   0022 C0                  100 	.db #0xc0	; 192
   0023 80                  101 	.db #0x80	; 128
   0024 80                  102 	.db #0x80	; 128
   0025 FC                  103 	.db #0xfc	; 252
   0026 C0                  104 	.db #0xc0	; 192
   0027 C0                  105 	.db #0xc0	; 192
   0028 C0                  106 	.db #0xc0	; 192
   0029 C0                  107 	.db #0xc0	; 192
   002A C0                  108 	.db #0xc0	; 192
   002B C0                  109 	.db #0xc0	; 192
   002C C0                  110 	.db #0xc0	; 192
   002D C0                  111 	.db #0xc0	; 192
   002E C0                  112 	.db #0xc0	; 192
   002F C0                  113 	.db #0xc0	; 192
   0030 C0                  114 	.db #0xc0	; 192
   0031 C0                  115 	.db #0xc0	; 192
   0032 C0                  116 	.db #0xc0	; 192
   0033 C0                  117 	.db #0xc0	; 192
   0034 C0                  118 	.db #0xc0	; 192
   0035 C0                  119 	.db #0xc0	; 192
   0036 C0                  120 	.db #0xc0	; 192
   0037 C0                  121 	.db #0xc0	; 192
   0038 80                  122 	.db #0x80	; 128
   0039 FC                  123 	.db #0xfc	; 252
   003A C0                  124 	.db #0xc0	; 192
   003B C0                  125 	.db #0xc0	; 192
   003C 80                  126 	.db #0x80	; 128
   003D FC                  127 	.db #0xfc	; 252
   003E C0                  128 	.db #0xc0	; 192
   003F 80                  129 	.db #0x80	; 128
   0040 00                  130 	.db #0x00	; 0
   0041 FC                  131 	.db #0xfc	; 252
   0042 FC                  132 	.db #0xfc	; 252
   0043 A8                  133 	.db #0xa8	; 168
   0044 00                  134 	.db #0x00	; 0
   0045 FC                  135 	.db #0xfc	; 252
   0046 FC                  136 	.db #0xfc	; 252
   0047 A8                  137 	.db #0xa8	; 168
   0048 00                  138 	.db #0x00	; 0
   0049 80                  139 	.db #0x80	; 128
   004A 80                  140 	.db #0x80	; 128
   004B 80                  141 	.db #0x80	; 128
   004C 00                  142 	.db #0x00	; 0
   004D 80                  143 	.db #0x80	; 128
   004E 80                  144 	.db #0x80	; 128
   004F 80                  145 	.db #0x80	; 128
   0050                     146 _cannons_sp_01:
   0050 00                  147 	.db #0x00	; 0
   0051 C0                  148 	.db #0xc0	; 192
   0052 C0                  149 	.db #0xc0	; 192
   0053 00                  150 	.db #0x00	; 0
   0054 00                  151 	.db #0x00	; 0
   0055 C0                  152 	.db #0xc0	; 192
   0056 C0                  153 	.db #0xc0	; 192
   0057 00                  154 	.db #0x00	; 0
   0058 00                  155 	.db #0x00	; 0
   0059 40                  156 	.db #0x40	; 64
   005A 80                  157 	.db #0x80	; 128
   005B 00                  158 	.db #0x00	; 0
   005C 00                  159 	.db #0x00	; 0
   005D 40                  160 	.db #0x40	; 64
   005E 80                  161 	.db #0x80	; 128
   005F 00                  162 	.db #0x00	; 0
   0060 D4                  163 	.db #0xd4	; 212
   0061 E8                  164 	.db #0xe8	; 232
   0062 D4                  165 	.db #0xd4	; 212
   0063 E8                  166 	.db #0xe8	; 232
   0064 D4                  167 	.db #0xd4	; 212
   0065 E8                  168 	.db #0xe8	; 232
   0066 D4                  169 	.db #0xd4	; 212
   0067 E8                  170 	.db #0xe8	; 232
   0068 54                  171 	.db #0x54	; 84	'T'
   0069 E8                  172 	.db #0xe8	; 232
   006A D4                  173 	.db #0xd4	; 212
   006B A8                  174 	.db #0xa8	; 168
   006C 54                  175 	.db #0x54	; 84	'T'
   006D E8                  176 	.db #0xe8	; 232
   006E D4                  177 	.db #0xd4	; 212
   006F A8                  178 	.db #0xa8	; 168
   0070 D4                  179 	.db #0xd4	; 212
   0071 C0                  180 	.db #0xc0	; 192
   0072 C0                  181 	.db #0xc0	; 192
   0073 E8                  182 	.db #0xe8	; 232
   0074 D4                  183 	.db #0xd4	; 212
   0075 C0                  184 	.db #0xc0	; 192
   0076 C0                  185 	.db #0xc0	; 192
   0077 E8                  186 	.db #0xe8	; 232
   0078 54                  187 	.db #0x54	; 84	'T'
   0079 C0                  188 	.db #0xc0	; 192
   007A C0                  189 	.db #0xc0	; 192
   007B A8                  190 	.db #0xa8	; 168
   007C 54                  191 	.db #0x54	; 84	'T'
   007D C0                  192 	.db #0xc0	; 192
   007E C0                  193 	.db #0xc0	; 192
   007F A8                  194 	.db #0xa8	; 168
   0080 D4                  195 	.db #0xd4	; 212
   0081 C0                  196 	.db #0xc0	; 192
   0082 C0                  197 	.db #0xc0	; 192
   0083 E8                  198 	.db #0xe8	; 232
   0084 D4                  199 	.db #0xd4	; 212
   0085 C0                  200 	.db #0xc0	; 192
   0086 C0                  201 	.db #0xc0	; 192
   0087 E8                  202 	.db #0xe8	; 232
   0088 00                  203 	.db #0x00	; 0
   0089 40                  204 	.db #0x40	; 64
   008A 80                  205 	.db #0x80	; 128
   008B 00                  206 	.db #0x00	; 0
   008C 00                  207 	.db #0x00	; 0
   008D 40                  208 	.db #0x40	; 64
   008E 80                  209 	.db #0x80	; 128
   008F 00                  210 	.db #0x00	; 0
   0090                     211 _cannons_sp_02:
   0090 40                  212 	.db #0x40	; 64
   0091 40                  213 	.db #0x40	; 64
   0092 40                  214 	.db #0x40	; 64
   0093 00                  215 	.db #0x00	; 0
   0094 40                  216 	.db #0x40	; 64
   0095 40                  217 	.db #0x40	; 64
   0096 40                  218 	.db #0x40	; 64
   0097 00                  219 	.db #0x00	; 0
   0098 54                  220 	.db #0x54	; 84	'T'
   0099 FC                  221 	.db #0xfc	; 252
   009A FC                  222 	.db #0xfc	; 252
   009B 00                  223 	.db #0x00	; 0
   009C 54                  224 	.db #0x54	; 84	'T'
   009D FC                  225 	.db #0xfc	; 252
   009E FC                  226 	.db #0xfc	; 252
   009F 00                  227 	.db #0x00	; 0
   00A0 40                  228 	.db #0x40	; 64
   00A1 C0                  229 	.db #0xc0	; 192
   00A2 FC                  230 	.db #0xfc	; 252
   00A3 40                  231 	.db #0x40	; 64
   00A4 C0                  232 	.db #0xc0	; 192
   00A5 C0                  233 	.db #0xc0	; 192
   00A6 FC                  234 	.db #0xfc	; 252
   00A7 40                  235 	.db #0x40	; 64
   00A8 C0                  236 	.db #0xc0	; 192
   00A9 C0                  237 	.db #0xc0	; 192
   00AA C0                  238 	.db #0xc0	; 192
   00AB C0                  239 	.db #0xc0	; 192
   00AC C0                  240 	.db #0xc0	; 192
   00AD C0                  241 	.db #0xc0	; 192
   00AE C0                  242 	.db #0xc0	; 192
   00AF C0                  243 	.db #0xc0	; 192
   00B0 C0                  244 	.db #0xc0	; 192
   00B1 C0                  245 	.db #0xc0	; 192
   00B2 C0                  246 	.db #0xc0	; 192
   00B3 C0                  247 	.db #0xc0	; 192
   00B4 C0                  248 	.db #0xc0	; 192
   00B5 C0                  249 	.db #0xc0	; 192
   00B6 C0                  250 	.db #0xc0	; 192
   00B7 C0                  251 	.db #0xc0	; 192
   00B8 C0                  252 	.db #0xc0	; 192
   00B9 C0                  253 	.db #0xc0	; 192
   00BA FC                  254 	.db #0xfc	; 252
   00BB 40                  255 	.db #0x40	; 64
   00BC 40                  256 	.db #0x40	; 64
   00BD C0                  257 	.db #0xc0	; 192
   00BE FC                  258 	.db #0xfc	; 252
   00BF 40                  259 	.db #0x40	; 64
   00C0 54                  260 	.db #0x54	; 84	'T'
   00C1 FC                  261 	.db #0xfc	; 252
   00C2 FC                  262 	.db #0xfc	; 252
   00C3 00                  263 	.db #0x00	; 0
   00C4 54                  264 	.db #0x54	; 84	'T'
   00C5 FC                  265 	.db #0xfc	; 252
   00C6 FC                  266 	.db #0xfc	; 252
   00C7 00                  267 	.db #0x00	; 0
   00C8 40                  268 	.db #0x40	; 64
   00C9 40                  269 	.db #0x40	; 64
   00CA 40                  270 	.db #0x40	; 64
   00CB 00                  271 	.db #0x00	; 0
   00CC 40                  272 	.db #0x40	; 64
   00CD 40                  273 	.db #0x40	; 64
   00CE 40                  274 	.db #0x40	; 64
   00CF 00                  275 	.db #0x00	; 0
   00D0                     276 _cannons_sp_03:
   00D0 00                  277 	.db #0x00	; 0
   00D1 40                  278 	.db #0x40	; 64
   00D2 80                  279 	.db #0x80	; 128
   00D3 00                  280 	.db #0x00	; 0
   00D4 00                  281 	.db #0x00	; 0
   00D5 40                  282 	.db #0x40	; 64
   00D6 80                  283 	.db #0x80	; 128
   00D7 00                  284 	.db #0x00	; 0
   00D8 D4                  285 	.db #0xd4	; 212
   00D9 C0                  286 	.db #0xc0	; 192
   00DA C0                  287 	.db #0xc0	; 192
   00DB E8                  288 	.db #0xe8	; 232
   00DC D4                  289 	.db #0xd4	; 212
   00DD C0                  290 	.db #0xc0	; 192
   00DE C0                  291 	.db #0xc0	; 192
   00DF E8                  292 	.db #0xe8	; 232
   00E0 54                  293 	.db #0x54	; 84	'T'
   00E1 C0                  294 	.db #0xc0	; 192
   00E2 C0                  295 	.db #0xc0	; 192
   00E3 A8                  296 	.db #0xa8	; 168
   00E4 54                  297 	.db #0x54	; 84	'T'
   00E5 C0                  298 	.db #0xc0	; 192
   00E6 C0                  299 	.db #0xc0	; 192
   00E7 A8                  300 	.db #0xa8	; 168
   00E8 D4                  301 	.db #0xd4	; 212
   00E9 C0                  302 	.db #0xc0	; 192
   00EA C0                  303 	.db #0xc0	; 192
   00EB E8                  304 	.db #0xe8	; 232
   00EC D4                  305 	.db #0xd4	; 212
   00ED C0                  306 	.db #0xc0	; 192
   00EE C0                  307 	.db #0xc0	; 192
   00EF E8                  308 	.db #0xe8	; 232
   00F0 54                  309 	.db #0x54	; 84	'T'
   00F1 E8                  310 	.db #0xe8	; 232
   00F2 D4                  311 	.db #0xd4	; 212
   00F3 A8                  312 	.db #0xa8	; 168
   00F4 54                  313 	.db #0x54	; 84	'T'
   00F5 E8                  314 	.db #0xe8	; 232
   00F6 D4                  315 	.db #0xd4	; 212
   00F7 A8                  316 	.db #0xa8	; 168
   00F8 D4                  317 	.db #0xd4	; 212
   00F9 E8                  318 	.db #0xe8	; 232
   00FA D4                  319 	.db #0xd4	; 212
   00FB E8                  320 	.db #0xe8	; 232
   00FC D4                  321 	.db #0xd4	; 212
   00FD E8                  322 	.db #0xe8	; 232
   00FE D4                  323 	.db #0xd4	; 212
   00FF E8                  324 	.db #0xe8	; 232
   0100 00                  325 	.db #0x00	; 0
   0101 40                  326 	.db #0x40	; 64
   0102 80                  327 	.db #0x80	; 128
   0103 00                  328 	.db #0x00	; 0
   0104 00                  329 	.db #0x00	; 0
   0105 40                  330 	.db #0x40	; 64
   0106 80                  331 	.db #0x80	; 128
   0107 00                  332 	.db #0x00	; 0
   0108 00                  333 	.db #0x00	; 0
   0109 C0                  334 	.db #0xc0	; 192
   010A C0                  335 	.db #0xc0	; 192
   010B 00                  336 	.db #0x00	; 0
   010C 00                  337 	.db #0x00	; 0
   010D C0                  338 	.db #0xc0	; 192
   010E C0                  339 	.db #0xc0	; 192
   010F 00                  340 	.db #0x00	; 0
   0110                     341 _cannons_sp_04:
   0110 68                  342 	.db #0x68	; 104	'h'
   0111 40                  343 	.db #0x40	; 64
   0112 40                  344 	.db #0x40	; 64
   0113 14                  345 	.db #0x14	; 20
   0114 68                  346 	.db #0x68	; 104	'h'
   0115 40                  347 	.db #0x40	; 64
   0116 40                  348 	.db #0x40	; 64
   0117 14                  349 	.db #0x14	; 20
   0118 14                  350 	.db #0x14	; 20
   0119 FC                  351 	.db #0xfc	; 252
   011A FC                  352 	.db #0xfc	; 252
   011B 28                  353 	.db #0x28	; 40
   011C 14                  354 	.db #0x14	; 20
   011D FC                  355 	.db #0xfc	; 252
   011E FC                  356 	.db #0xfc	; 252
   011F 28                  357 	.db #0x28	; 40
   0120 40                  358 	.db #0x40	; 64
   0121 68                  359 	.db #0x68	; 104	'h'
   0122 BC                  360 	.db #0xbc	; 188
   0123 40                  361 	.db #0x40	; 64
   0124 C0                  362 	.db #0xc0	; 192
   0125 68                  363 	.db #0x68	; 104	'h'
   0126 BC                  364 	.db #0xbc	; 188
   0127 40                  365 	.db #0x40	; 64
   0128 C0                  366 	.db #0xc0	; 192
   0129 94                  367 	.db #0x94	; 148
   012A 68                  368 	.db #0x68	; 104	'h'
   012B C0                  369 	.db #0xc0	; 192
   012C C0                  370 	.db #0xc0	; 192
   012D 94                  371 	.db #0x94	; 148
   012E 68                  372 	.db #0x68	; 104	'h'
   012F C0                  373 	.db #0xc0	; 192
   0130 C0                  374 	.db #0xc0	; 192
   0131 94                  375 	.db #0x94	; 148
   0132 68                  376 	.db #0x68	; 104	'h'
   0133 C0                  377 	.db #0xc0	; 192
   0134 C0                  378 	.db #0xc0	; 192
   0135 94                  379 	.db #0x94	; 148
   0136 68                  380 	.db #0x68	; 104	'h'
   0137 C0                  381 	.db #0xc0	; 192
   0138 C0                  382 	.db #0xc0	; 192
   0139 68                  383 	.db #0x68	; 104	'h'
   013A BC                  384 	.db #0xbc	; 188
   013B 40                  385 	.db #0x40	; 64
   013C 40                  386 	.db #0x40	; 64
   013D 68                  387 	.db #0x68	; 104	'h'
   013E BC                  388 	.db #0xbc	; 188
   013F 40                  389 	.db #0x40	; 64
   0140 14                  390 	.db #0x14	; 20
   0141 FC                  391 	.db #0xfc	; 252
   0142 FC                  392 	.db #0xfc	; 252
   0143 28                  393 	.db #0x28	; 40
   0144 14                  394 	.db #0x14	; 20
   0145 FC                  395 	.db #0xfc	; 252
   0146 FC                  396 	.db #0xfc	; 252
   0147 28                  397 	.db #0x28	; 40
   0148 68                  398 	.db #0x68	; 104	'h'
   0149 40                  399 	.db #0x40	; 64
   014A 40                  400 	.db #0x40	; 64
   014B 14                  401 	.db #0x14	; 20
   014C 68                  402 	.db #0x68	; 104	'h'
   014D 40                  403 	.db #0x40	; 64
   014E 40                  404 	.db #0x40	; 64
   014F 14                  405 	.db #0x14	; 20
   0150                     406 _cannons_sp_05:
   0150 00                  407 	.db #0x00	; 0
   0151 80                  408 	.db #0x80	; 128
   0152 80                  409 	.db #0x80	; 128
   0153 80                  410 	.db #0x80	; 128
   0154 00                  411 	.db #0x00	; 0
   0155 80                  412 	.db #0x80	; 128
   0156 80                  413 	.db #0x80	; 128
   0157 80                  414 	.db #0x80	; 128
   0158 00                  415 	.db #0x00	; 0
   0159 CC                  416 	.db #0xcc	; 204
   015A CC                  417 	.db #0xcc	; 204
   015B 88                  418 	.db #0x88	; 136
   015C 00                  419 	.db #0x00	; 0
   015D CC                  420 	.db #0xcc	; 204
   015E CC                  421 	.db #0xcc	; 204
   015F 88                  422 	.db #0x88	; 136
   0160 80                  423 	.db #0x80	; 128
   0161 CC                  424 	.db #0xcc	; 204
   0162 C0                  425 	.db #0xc0	; 192
   0163 80                  426 	.db #0x80	; 128
   0164 80                  427 	.db #0x80	; 128
   0165 CC                  428 	.db #0xcc	; 204
   0166 C0                  429 	.db #0xc0	; 192
   0167 C0                  430 	.db #0xc0	; 192
   0168 C0                  431 	.db #0xc0	; 192
   0169 C0                  432 	.db #0xc0	; 192
   016A C0                  433 	.db #0xc0	; 192
   016B C0                  434 	.db #0xc0	; 192
   016C C0                  435 	.db #0xc0	; 192
   016D C0                  436 	.db #0xc0	; 192
   016E C0                  437 	.db #0xc0	; 192
   016F C0                  438 	.db #0xc0	; 192
   0170 C0                  439 	.db #0xc0	; 192
   0171 C0                  440 	.db #0xc0	; 192
   0172 C0                  441 	.db #0xc0	; 192
   0173 C0                  442 	.db #0xc0	; 192
   0174 C0                  443 	.db #0xc0	; 192
   0175 C0                  444 	.db #0xc0	; 192
   0176 C0                  445 	.db #0xc0	; 192
   0177 C0                  446 	.db #0xc0	; 192
   0178 80                  447 	.db #0x80	; 128
   0179 CC                  448 	.db #0xcc	; 204
   017A C0                  449 	.db #0xc0	; 192
   017B C0                  450 	.db #0xc0	; 192
   017C 80                  451 	.db #0x80	; 128
   017D CC                  452 	.db #0xcc	; 204
   017E C0                  453 	.db #0xc0	; 192
   017F 80                  454 	.db #0x80	; 128
   0180 00                  455 	.db #0x00	; 0
   0181 CC                  456 	.db #0xcc	; 204
   0182 CC                  457 	.db #0xcc	; 204
   0183 88                  458 	.db #0x88	; 136
   0184 00                  459 	.db #0x00	; 0
   0185 CC                  460 	.db #0xcc	; 204
   0186 CC                  461 	.db #0xcc	; 204
   0187 88                  462 	.db #0x88	; 136
   0188 00                  463 	.db #0x00	; 0
   0189 80                  464 	.db #0x80	; 128
   018A 80                  465 	.db #0x80	; 128
   018B 80                  466 	.db #0x80	; 128
   018C 00                  467 	.db #0x00	; 0
   018D 80                  468 	.db #0x80	; 128
   018E 80                  469 	.db #0x80	; 128
   018F 80                  470 	.db #0x80	; 128
   0190                     471 _cannons_sp_06:
   0190 00                  472 	.db #0x00	; 0
   0191 C0                  473 	.db #0xc0	; 192
   0192 C0                  474 	.db #0xc0	; 192
   0193 00                  475 	.db #0x00	; 0
   0194 00                  476 	.db #0x00	; 0
   0195 C0                  477 	.db #0xc0	; 192
   0196 C0                  478 	.db #0xc0	; 192
   0197 00                  479 	.db #0x00	; 0
   0198 00                  480 	.db #0x00	; 0
   0199 40                  481 	.db #0x40	; 64
   019A 80                  482 	.db #0x80	; 128
   019B 00                  483 	.db #0x00	; 0
   019C 00                  484 	.db #0x00	; 0
   019D 40                  485 	.db #0x40	; 64
   019E 80                  486 	.db #0x80	; 128
   019F 00                  487 	.db #0x00	; 0
   01A0 C4                  488 	.db #0xc4	; 196
   01A1 C8                  489 	.db #0xc8	; 200
   01A2 C4                  490 	.db #0xc4	; 196
   01A3 C8                  491 	.db #0xc8	; 200
   01A4 C4                  492 	.db #0xc4	; 196
   01A5 C8                  493 	.db #0xc8	; 200
   01A6 C4                  494 	.db #0xc4	; 196
   01A7 C8                  495 	.db #0xc8	; 200
   01A8 44                  496 	.db #0x44	; 68	'D'
   01A9 C8                  497 	.db #0xc8	; 200
   01AA C4                  498 	.db #0xc4	; 196
   01AB 88                  499 	.db #0x88	; 136
   01AC 44                  500 	.db #0x44	; 68	'D'
   01AD C8                  501 	.db #0xc8	; 200
   01AE C4                  502 	.db #0xc4	; 196
   01AF 88                  503 	.db #0x88	; 136
   01B0 C4                  504 	.db #0xc4	; 196
   01B1 C0                  505 	.db #0xc0	; 192
   01B2 C0                  506 	.db #0xc0	; 192
   01B3 C8                  507 	.db #0xc8	; 200
   01B4 C4                  508 	.db #0xc4	; 196
   01B5 C0                  509 	.db #0xc0	; 192
   01B6 C0                  510 	.db #0xc0	; 192
   01B7 C8                  511 	.db #0xc8	; 200
   01B8 44                  512 	.db #0x44	; 68	'D'
   01B9 C0                  513 	.db #0xc0	; 192
   01BA C0                  514 	.db #0xc0	; 192
   01BB 88                  515 	.db #0x88	; 136
   01BC 44                  516 	.db #0x44	; 68	'D'
   01BD C0                  517 	.db #0xc0	; 192
   01BE C0                  518 	.db #0xc0	; 192
   01BF 88                  519 	.db #0x88	; 136
   01C0 C4                  520 	.db #0xc4	; 196
   01C1 C0                  521 	.db #0xc0	; 192
   01C2 C0                  522 	.db #0xc0	; 192
   01C3 C8                  523 	.db #0xc8	; 200
   01C4 C4                  524 	.db #0xc4	; 196
   01C5 C0                  525 	.db #0xc0	; 192
   01C6 C0                  526 	.db #0xc0	; 192
   01C7 C8                  527 	.db #0xc8	; 200
   01C8 00                  528 	.db #0x00	; 0
   01C9 40                  529 	.db #0x40	; 64
   01CA 80                  530 	.db #0x80	; 128
   01CB 00                  531 	.db #0x00	; 0
   01CC 00                  532 	.db #0x00	; 0
   01CD 40                  533 	.db #0x40	; 64
   01CE 80                  534 	.db #0x80	; 128
   01CF 00                  535 	.db #0x00	; 0
   01D0                     536 _cannons_sp_07:
   01D0 40                  537 	.db #0x40	; 64
   01D1 40                  538 	.db #0x40	; 64
   01D2 40                  539 	.db #0x40	; 64
   01D3 00                  540 	.db #0x00	; 0
   01D4 40                  541 	.db #0x40	; 64
   01D5 40                  542 	.db #0x40	; 64
   01D6 40                  543 	.db #0x40	; 64
   01D7 00                  544 	.db #0x00	; 0
   01D8 44                  545 	.db #0x44	; 68	'D'
   01D9 CC                  546 	.db #0xcc	; 204
   01DA CC                  547 	.db #0xcc	; 204
   01DB 00                  548 	.db #0x00	; 0
   01DC 44                  549 	.db #0x44	; 68	'D'
   01DD CC                  550 	.db #0xcc	; 204
   01DE CC                  551 	.db #0xcc	; 204
   01DF 00                  552 	.db #0x00	; 0
   01E0 40                  553 	.db #0x40	; 64
   01E1 C0                  554 	.db #0xc0	; 192
   01E2 CC                  555 	.db #0xcc	; 204
   01E3 40                  556 	.db #0x40	; 64
   01E4 C0                  557 	.db #0xc0	; 192
   01E5 C0                  558 	.db #0xc0	; 192
   01E6 CC                  559 	.db #0xcc	; 204
   01E7 40                  560 	.db #0x40	; 64
   01E8 C0                  561 	.db #0xc0	; 192
   01E9 C0                  562 	.db #0xc0	; 192
   01EA C0                  563 	.db #0xc0	; 192
   01EB C0                  564 	.db #0xc0	; 192
   01EC C0                  565 	.db #0xc0	; 192
   01ED C0                  566 	.db #0xc0	; 192
   01EE C0                  567 	.db #0xc0	; 192
   01EF C0                  568 	.db #0xc0	; 192
   01F0 C0                  569 	.db #0xc0	; 192
   01F1 C0                  570 	.db #0xc0	; 192
   01F2 C0                  571 	.db #0xc0	; 192
   01F3 C0                  572 	.db #0xc0	; 192
   01F4 C0                  573 	.db #0xc0	; 192
   01F5 C0                  574 	.db #0xc0	; 192
   01F6 C0                  575 	.db #0xc0	; 192
   01F7 C0                  576 	.db #0xc0	; 192
   01F8 C0                  577 	.db #0xc0	; 192
   01F9 C0                  578 	.db #0xc0	; 192
   01FA CC                  579 	.db #0xcc	; 204
   01FB 40                  580 	.db #0x40	; 64
   01FC 40                  581 	.db #0x40	; 64
   01FD C0                  582 	.db #0xc0	; 192
   01FE CC                  583 	.db #0xcc	; 204
   01FF 40                  584 	.db #0x40	; 64
   0200 44                  585 	.db #0x44	; 68	'D'
   0201 CC                  586 	.db #0xcc	; 204
   0202 CC                  587 	.db #0xcc	; 204
   0203 00                  588 	.db #0x00	; 0
   0204 44                  589 	.db #0x44	; 68	'D'
   0205 CC                  590 	.db #0xcc	; 204
   0206 CC                  591 	.db #0xcc	; 204
   0207 00                  592 	.db #0x00	; 0
   0208 40                  593 	.db #0x40	; 64
   0209 40                  594 	.db #0x40	; 64
   020A 40                  595 	.db #0x40	; 64
   020B 00                  596 	.db #0x00	; 0
   020C 40                  597 	.db #0x40	; 64
   020D 40                  598 	.db #0x40	; 64
   020E 40                  599 	.db #0x40	; 64
   020F 00                  600 	.db #0x00	; 0
   0210                     601 _cannons_sp_08:
   0210 00                  602 	.db #0x00	; 0
   0211 40                  603 	.db #0x40	; 64
   0212 80                  604 	.db #0x80	; 128
   0213 00                  605 	.db #0x00	; 0
   0214 00                  606 	.db #0x00	; 0
   0215 40                  607 	.db #0x40	; 64
   0216 80                  608 	.db #0x80	; 128
   0217 00                  609 	.db #0x00	; 0
   0218 C4                  610 	.db #0xc4	; 196
   0219 C0                  611 	.db #0xc0	; 192
   021A C0                  612 	.db #0xc0	; 192
   021B C8                  613 	.db #0xc8	; 200
   021C C4                  614 	.db #0xc4	; 196
   021D C0                  615 	.db #0xc0	; 192
   021E C0                  616 	.db #0xc0	; 192
   021F C8                  617 	.db #0xc8	; 200
   0220 44                  618 	.db #0x44	; 68	'D'
   0221 C0                  619 	.db #0xc0	; 192
   0222 C0                  620 	.db #0xc0	; 192
   0223 88                  621 	.db #0x88	; 136
   0224 44                  622 	.db #0x44	; 68	'D'
   0225 C0                  623 	.db #0xc0	; 192
   0226 C0                  624 	.db #0xc0	; 192
   0227 88                  625 	.db #0x88	; 136
   0228 C4                  626 	.db #0xc4	; 196
   0229 C0                  627 	.db #0xc0	; 192
   022A C0                  628 	.db #0xc0	; 192
   022B C8                  629 	.db #0xc8	; 200
   022C C4                  630 	.db #0xc4	; 196
   022D C0                  631 	.db #0xc0	; 192
   022E C0                  632 	.db #0xc0	; 192
   022F C8                  633 	.db #0xc8	; 200
   0230 44                  634 	.db #0x44	; 68	'D'
   0231 C8                  635 	.db #0xc8	; 200
   0232 C4                  636 	.db #0xc4	; 196
   0233 88                  637 	.db #0x88	; 136
   0234 44                  638 	.db #0x44	; 68	'D'
   0235 C8                  639 	.db #0xc8	; 200
   0236 C4                  640 	.db #0xc4	; 196
   0237 88                  641 	.db #0x88	; 136
   0238 C4                  642 	.db #0xc4	; 196
   0239 C8                  643 	.db #0xc8	; 200
   023A C4                  644 	.db #0xc4	; 196
   023B C8                  645 	.db #0xc8	; 200
   023C C4                  646 	.db #0xc4	; 196
   023D C8                  647 	.db #0xc8	; 200
   023E C4                  648 	.db #0xc4	; 196
   023F C8                  649 	.db #0xc8	; 200
   0240 00                  650 	.db #0x00	; 0
   0241 40                  651 	.db #0x40	; 64
   0242 80                  652 	.db #0x80	; 128
   0243 00                  653 	.db #0x00	; 0
   0244 00                  654 	.db #0x00	; 0
   0245 40                  655 	.db #0x40	; 64
   0246 80                  656 	.db #0x80	; 128
   0247 00                  657 	.db #0x00	; 0
   0248 00                  658 	.db #0x00	; 0
   0249 C0                  659 	.db #0xc0	; 192
   024A C0                  660 	.db #0xc0	; 192
   024B 00                  661 	.db #0x00	; 0
   024C 00                  662 	.db #0x00	; 0
   024D C0                  663 	.db #0xc0	; 192
   024E C0                  664 	.db #0xc0	; 192
   024F 00                  665 	.db #0x00	; 0
   0250                     666 _cannons_sp_09:
   0250 68                  667 	.db #0x68	; 104	'h'
   0251 40                  668 	.db #0x40	; 64
   0252 40                  669 	.db #0x40	; 64
   0253 14                  670 	.db #0x14	; 20
   0254 68                  671 	.db #0x68	; 104	'h'
   0255 40                  672 	.db #0x40	; 64
   0256 40                  673 	.db #0x40	; 64
   0257 14                  674 	.db #0x14	; 20
   0258 14                  675 	.db #0x14	; 20
   0259 CC                  676 	.db #0xcc	; 204
   025A CC                  677 	.db #0xcc	; 204
   025B 28                  678 	.db #0x28	; 40
   025C 14                  679 	.db #0x14	; 20
   025D CC                  680 	.db #0xcc	; 204
   025E CC                  681 	.db #0xcc	; 204
   025F 28                  682 	.db #0x28	; 40
   0260 40                  683 	.db #0x40	; 64
   0261 68                  684 	.db #0x68	; 104	'h'
   0262 9C                  685 	.db #0x9c	; 156
   0263 40                  686 	.db #0x40	; 64
   0264 C0                  687 	.db #0xc0	; 192
   0265 68                  688 	.db #0x68	; 104	'h'
   0266 9C                  689 	.db #0x9c	; 156
   0267 40                  690 	.db #0x40	; 64
   0268 C0                  691 	.db #0xc0	; 192
   0269 94                  692 	.db #0x94	; 148
   026A 68                  693 	.db #0x68	; 104	'h'
   026B C0                  694 	.db #0xc0	; 192
   026C C0                  695 	.db #0xc0	; 192
   026D 94                  696 	.db #0x94	; 148
   026E 68                  697 	.db #0x68	; 104	'h'
   026F C0                  698 	.db #0xc0	; 192
   0270 C0                  699 	.db #0xc0	; 192
   0271 94                  700 	.db #0x94	; 148
   0272 68                  701 	.db #0x68	; 104	'h'
   0273 C0                  702 	.db #0xc0	; 192
   0274 C0                  703 	.db #0xc0	; 192
   0275 94                  704 	.db #0x94	; 148
   0276 68                  705 	.db #0x68	; 104	'h'
   0277 C0                  706 	.db #0xc0	; 192
   0278 C0                  707 	.db #0xc0	; 192
   0279 68                  708 	.db #0x68	; 104	'h'
   027A 9C                  709 	.db #0x9c	; 156
   027B 40                  710 	.db #0x40	; 64
   027C 40                  711 	.db #0x40	; 64
   027D 68                  712 	.db #0x68	; 104	'h'
   027E 9C                  713 	.db #0x9c	; 156
   027F 40                  714 	.db #0x40	; 64
   0280 14                  715 	.db #0x14	; 20
   0281 CC                  716 	.db #0xcc	; 204
   0282 CC                  717 	.db #0xcc	; 204
   0283 28                  718 	.db #0x28	; 40
   0284 14                  719 	.db #0x14	; 20
   0285 CC                  720 	.db #0xcc	; 204
   0286 CC                  721 	.db #0xcc	; 204
   0287 28                  722 	.db #0x28	; 40
   0288 68                  723 	.db #0x68	; 104	'h'
   0289 40                  724 	.db #0x40	; 64
   028A 40                  725 	.db #0x40	; 64
   028B 14                  726 	.db #0x14	; 20
   028C 68                  727 	.db #0x68	; 104	'h'
   028D 40                  728 	.db #0x40	; 64
   028E 40                  729 	.db #0x40	; 64
   028F 14                  730 	.db #0x14	; 20
   0290                     731 _cannons_sp_10:
   0290 00                  732 	.db #0x00	; 0
   0291 80                  733 	.db #0x80	; 128
   0292 80                  734 	.db #0x80	; 128
   0293 80                  735 	.db #0x80	; 128
   0294 00                  736 	.db #0x00	; 0
   0295 80                  737 	.db #0x80	; 128
   0296 80                  738 	.db #0x80	; 128
   0297 80                  739 	.db #0x80	; 128
   0298 00                  740 	.db #0x00	; 0
   0299 0F                  741 	.db #0x0f	; 15
   029A 0F                  742 	.db #0x0f	; 15
   029B 0A                  743 	.db #0x0a	; 10
   029C 00                  744 	.db #0x00	; 0
   029D 0F                  745 	.db #0x0f	; 15
   029E 0F                  746 	.db #0x0f	; 15
   029F 0A                  747 	.db #0x0a	; 10
   02A0 80                  748 	.db #0x80	; 128
   02A1 0F                  749 	.db #0x0f	; 15
   02A2 C0                  750 	.db #0xc0	; 192
   02A3 80                  751 	.db #0x80	; 128
   02A4 80                  752 	.db #0x80	; 128
   02A5 0F                  753 	.db #0x0f	; 15
   02A6 C0                  754 	.db #0xc0	; 192
   02A7 C0                  755 	.db #0xc0	; 192
   02A8 C0                  756 	.db #0xc0	; 192
   02A9 C0                  757 	.db #0xc0	; 192
   02AA C0                  758 	.db #0xc0	; 192
   02AB C0                  759 	.db #0xc0	; 192
   02AC C0                  760 	.db #0xc0	; 192
   02AD C0                  761 	.db #0xc0	; 192
   02AE C0                  762 	.db #0xc0	; 192
   02AF C0                  763 	.db #0xc0	; 192
   02B0 C0                  764 	.db #0xc0	; 192
   02B1 C0                  765 	.db #0xc0	; 192
   02B2 C0                  766 	.db #0xc0	; 192
   02B3 C0                  767 	.db #0xc0	; 192
   02B4 C0                  768 	.db #0xc0	; 192
   02B5 C0                  769 	.db #0xc0	; 192
   02B6 C0                  770 	.db #0xc0	; 192
   02B7 C0                  771 	.db #0xc0	; 192
   02B8 80                  772 	.db #0x80	; 128
   02B9 0F                  773 	.db #0x0f	; 15
   02BA C0                  774 	.db #0xc0	; 192
   02BB C0                  775 	.db #0xc0	; 192
   02BC 80                  776 	.db #0x80	; 128
   02BD 0F                  777 	.db #0x0f	; 15
   02BE C0                  778 	.db #0xc0	; 192
   02BF 80                  779 	.db #0x80	; 128
   02C0 00                  780 	.db #0x00	; 0
   02C1 0F                  781 	.db #0x0f	; 15
   02C2 0F                  782 	.db #0x0f	; 15
   02C3 0A                  783 	.db #0x0a	; 10
   02C4 00                  784 	.db #0x00	; 0
   02C5 0F                  785 	.db #0x0f	; 15
   02C6 0F                  786 	.db #0x0f	; 15
   02C7 0A                  787 	.db #0x0a	; 10
   02C8 00                  788 	.db #0x00	; 0
   02C9 80                  789 	.db #0x80	; 128
   02CA 80                  790 	.db #0x80	; 128
   02CB 80                  791 	.db #0x80	; 128
   02CC 00                  792 	.db #0x00	; 0
   02CD 80                  793 	.db #0x80	; 128
   02CE 80                  794 	.db #0x80	; 128
   02CF 80                  795 	.db #0x80	; 128
   02D0                     796 _cannons_sp_11:
   02D0 00                  797 	.db #0x00	; 0
   02D1 C0                  798 	.db #0xc0	; 192
   02D2 C0                  799 	.db #0xc0	; 192
   02D3 00                  800 	.db #0x00	; 0
   02D4 00                  801 	.db #0x00	; 0
   02D5 C0                  802 	.db #0xc0	; 192
   02D6 C0                  803 	.db #0xc0	; 192
   02D7 00                  804 	.db #0x00	; 0
   02D8 00                  805 	.db #0x00	; 0
   02D9 40                  806 	.db #0x40	; 64
   02DA 80                  807 	.db #0x80	; 128
   02DB 00                  808 	.db #0x00	; 0
   02DC 00                  809 	.db #0x00	; 0
   02DD 40                  810 	.db #0x40	; 64
   02DE 80                  811 	.db #0x80	; 128
   02DF 00                  812 	.db #0x00	; 0
   02E0 85                  813 	.db #0x85	; 133
   02E1 4A                  814 	.db #0x4a	; 74	'J'
   02E2 85                  815 	.db #0x85	; 133
   02E3 4A                  816 	.db #0x4a	; 74	'J'
   02E4 85                  817 	.db #0x85	; 133
   02E5 4A                  818 	.db #0x4a	; 74	'J'
   02E6 85                  819 	.db #0x85	; 133
   02E7 4A                  820 	.db #0x4a	; 74	'J'
   02E8 05                  821 	.db #0x05	; 5
   02E9 4A                  822 	.db #0x4a	; 74	'J'
   02EA 85                  823 	.db #0x85	; 133
   02EB 0A                  824 	.db #0x0a	; 10
   02EC 05                  825 	.db #0x05	; 5
   02ED 4A                  826 	.db #0x4a	; 74	'J'
   02EE 85                  827 	.db #0x85	; 133
   02EF 0A                  828 	.db #0x0a	; 10
   02F0 85                  829 	.db #0x85	; 133
   02F1 C0                  830 	.db #0xc0	; 192
   02F2 C0                  831 	.db #0xc0	; 192
   02F3 4A                  832 	.db #0x4a	; 74	'J'
   02F4 85                  833 	.db #0x85	; 133
   02F5 C0                  834 	.db #0xc0	; 192
   02F6 C0                  835 	.db #0xc0	; 192
   02F7 4A                  836 	.db #0x4a	; 74	'J'
   02F8 05                  837 	.db #0x05	; 5
   02F9 C0                  838 	.db #0xc0	; 192
   02FA C0                  839 	.db #0xc0	; 192
   02FB 0A                  840 	.db #0x0a	; 10
   02FC 05                  841 	.db #0x05	; 5
   02FD C0                  842 	.db #0xc0	; 192
   02FE C0                  843 	.db #0xc0	; 192
   02FF 0A                  844 	.db #0x0a	; 10
   0300 85                  845 	.db #0x85	; 133
   0301 C0                  846 	.db #0xc0	; 192
   0302 C0                  847 	.db #0xc0	; 192
   0303 4A                  848 	.db #0x4a	; 74	'J'
   0304 85                  849 	.db #0x85	; 133
   0305 C0                  850 	.db #0xc0	; 192
   0306 C0                  851 	.db #0xc0	; 192
   0307 4A                  852 	.db #0x4a	; 74	'J'
   0308 00                  853 	.db #0x00	; 0
   0309 40                  854 	.db #0x40	; 64
   030A 80                  855 	.db #0x80	; 128
   030B 00                  856 	.db #0x00	; 0
   030C 00                  857 	.db #0x00	; 0
   030D 40                  858 	.db #0x40	; 64
   030E 80                  859 	.db #0x80	; 128
   030F 00                  860 	.db #0x00	; 0
   0310                     861 _cannons_sp_12:
   0310 40                  862 	.db #0x40	; 64
   0311 40                  863 	.db #0x40	; 64
   0312 40                  864 	.db #0x40	; 64
   0313 00                  865 	.db #0x00	; 0
   0314 40                  866 	.db #0x40	; 64
   0315 40                  867 	.db #0x40	; 64
   0316 40                  868 	.db #0x40	; 64
   0317 00                  869 	.db #0x00	; 0
   0318 05                  870 	.db #0x05	; 5
   0319 0F                  871 	.db #0x0f	; 15
   031A 0F                  872 	.db #0x0f	; 15
   031B 00                  873 	.db #0x00	; 0
   031C 05                  874 	.db #0x05	; 5
   031D 0F                  875 	.db #0x0f	; 15
   031E 0F                  876 	.db #0x0f	; 15
   031F 00                  877 	.db #0x00	; 0
   0320 40                  878 	.db #0x40	; 64
   0321 C0                  879 	.db #0xc0	; 192
   0322 0F                  880 	.db #0x0f	; 15
   0323 40                  881 	.db #0x40	; 64
   0324 C0                  882 	.db #0xc0	; 192
   0325 C0                  883 	.db #0xc0	; 192
   0326 0F                  884 	.db #0x0f	; 15
   0327 40                  885 	.db #0x40	; 64
   0328 C0                  886 	.db #0xc0	; 192
   0329 C0                  887 	.db #0xc0	; 192
   032A C0                  888 	.db #0xc0	; 192
   032B C0                  889 	.db #0xc0	; 192
   032C C0                  890 	.db #0xc0	; 192
   032D C0                  891 	.db #0xc0	; 192
   032E C0                  892 	.db #0xc0	; 192
   032F C0                  893 	.db #0xc0	; 192
   0330 C0                  894 	.db #0xc0	; 192
   0331 C0                  895 	.db #0xc0	; 192
   0332 C0                  896 	.db #0xc0	; 192
   0333 C0                  897 	.db #0xc0	; 192
   0334 C0                  898 	.db #0xc0	; 192
   0335 C0                  899 	.db #0xc0	; 192
   0336 C0                  900 	.db #0xc0	; 192
   0337 C0                  901 	.db #0xc0	; 192
   0338 C0                  902 	.db #0xc0	; 192
   0339 C0                  903 	.db #0xc0	; 192
   033A 0F                  904 	.db #0x0f	; 15
   033B 40                  905 	.db #0x40	; 64
   033C 40                  906 	.db #0x40	; 64
   033D C0                  907 	.db #0xc0	; 192
   033E 0F                  908 	.db #0x0f	; 15
   033F 40                  909 	.db #0x40	; 64
   0340 05                  910 	.db #0x05	; 5
   0341 0F                  911 	.db #0x0f	; 15
   0342 0F                  912 	.db #0x0f	; 15
   0343 00                  913 	.db #0x00	; 0
   0344 05                  914 	.db #0x05	; 5
   0345 0F                  915 	.db #0x0f	; 15
   0346 0F                  916 	.db #0x0f	; 15
   0347 00                  917 	.db #0x00	; 0
   0348 40                  918 	.db #0x40	; 64
   0349 40                  919 	.db #0x40	; 64
   034A 40                  920 	.db #0x40	; 64
   034B 00                  921 	.db #0x00	; 0
   034C 40                  922 	.db #0x40	; 64
   034D 40                  923 	.db #0x40	; 64
   034E 40                  924 	.db #0x40	; 64
   034F 00                  925 	.db #0x00	; 0
   0350                     926 _cannons_sp_13:
   0350 00                  927 	.db #0x00	; 0
   0351 40                  928 	.db #0x40	; 64
   0352 80                  929 	.db #0x80	; 128
   0353 00                  930 	.db #0x00	; 0
   0354 00                  931 	.db #0x00	; 0
   0355 40                  932 	.db #0x40	; 64
   0356 80                  933 	.db #0x80	; 128
   0357 00                  934 	.db #0x00	; 0
   0358 85                  935 	.db #0x85	; 133
   0359 C0                  936 	.db #0xc0	; 192
   035A C0                  937 	.db #0xc0	; 192
   035B 4A                  938 	.db #0x4a	; 74	'J'
   035C 85                  939 	.db #0x85	; 133
   035D C0                  940 	.db #0xc0	; 192
   035E C0                  941 	.db #0xc0	; 192
   035F 4A                  942 	.db #0x4a	; 74	'J'
   0360 05                  943 	.db #0x05	; 5
   0361 C0                  944 	.db #0xc0	; 192
   0362 C0                  945 	.db #0xc0	; 192
   0363 0A                  946 	.db #0x0a	; 10
   0364 05                  947 	.db #0x05	; 5
   0365 C0                  948 	.db #0xc0	; 192
   0366 C0                  949 	.db #0xc0	; 192
   0367 0A                  950 	.db #0x0a	; 10
   0368 85                  951 	.db #0x85	; 133
   0369 C0                  952 	.db #0xc0	; 192
   036A C0                  953 	.db #0xc0	; 192
   036B 4A                  954 	.db #0x4a	; 74	'J'
   036C 85                  955 	.db #0x85	; 133
   036D C0                  956 	.db #0xc0	; 192
   036E C0                  957 	.db #0xc0	; 192
   036F 4A                  958 	.db #0x4a	; 74	'J'
   0370 05                  959 	.db #0x05	; 5
   0371 4A                  960 	.db #0x4a	; 74	'J'
   0372 85                  961 	.db #0x85	; 133
   0373 0A                  962 	.db #0x0a	; 10
   0374 05                  963 	.db #0x05	; 5
   0375 4A                  964 	.db #0x4a	; 74	'J'
   0376 85                  965 	.db #0x85	; 133
   0377 0A                  966 	.db #0x0a	; 10
   0378 85                  967 	.db #0x85	; 133
   0379 4A                  968 	.db #0x4a	; 74	'J'
   037A 85                  969 	.db #0x85	; 133
   037B 4A                  970 	.db #0x4a	; 74	'J'
   037C 85                  971 	.db #0x85	; 133
   037D 4A                  972 	.db #0x4a	; 74	'J'
   037E 85                  973 	.db #0x85	; 133
   037F 4A                  974 	.db #0x4a	; 74	'J'
   0380 00                  975 	.db #0x00	; 0
   0381 40                  976 	.db #0x40	; 64
   0382 80                  977 	.db #0x80	; 128
   0383 00                  978 	.db #0x00	; 0
   0384 00                  979 	.db #0x00	; 0
   0385 40                  980 	.db #0x40	; 64
   0386 80                  981 	.db #0x80	; 128
   0387 00                  982 	.db #0x00	; 0
   0388 00                  983 	.db #0x00	; 0
   0389 C0                  984 	.db #0xc0	; 192
   038A C0                  985 	.db #0xc0	; 192
   038B 00                  986 	.db #0x00	; 0
   038C 00                  987 	.db #0x00	; 0
   038D C0                  988 	.db #0xc0	; 192
   038E C0                  989 	.db #0xc0	; 192
   038F 00                  990 	.db #0x00	; 0
   0390                     991 _cannons_sp_14:
   0390 68                  992 	.db #0x68	; 104	'h'
   0391 40                  993 	.db #0x40	; 64
   0392 40                  994 	.db #0x40	; 64
   0393 14                  995 	.db #0x14	; 20
   0394 68                  996 	.db #0x68	; 104	'h'
   0395 40                  997 	.db #0x40	; 64
   0396 40                  998 	.db #0x40	; 64
   0397 14                  999 	.db #0x14	; 20
   0398 14                 1000 	.db #0x14	; 20
   0399 0F                 1001 	.db #0x0f	; 15
   039A 0F                 1002 	.db #0x0f	; 15
   039B 28                 1003 	.db #0x28	; 40
   039C 14                 1004 	.db #0x14	; 20
   039D 0F                 1005 	.db #0x0f	; 15
   039E 0F                 1006 	.db #0x0f	; 15
   039F 28                 1007 	.db #0x28	; 40
   03A0 40                 1008 	.db #0x40	; 64
   03A1 68                 1009 	.db #0x68	; 104	'h'
   03A2 1E                 1010 	.db #0x1e	; 30
   03A3 40                 1011 	.db #0x40	; 64
   03A4 C0                 1012 	.db #0xc0	; 192
   03A5 68                 1013 	.db #0x68	; 104	'h'
   03A6 1E                 1014 	.db #0x1e	; 30
   03A7 40                 1015 	.db #0x40	; 64
   03A8 C0                 1016 	.db #0xc0	; 192
   03A9 94                 1017 	.db #0x94	; 148
   03AA 68                 1018 	.db #0x68	; 104	'h'
   03AB C0                 1019 	.db #0xc0	; 192
   03AC C0                 1020 	.db #0xc0	; 192
   03AD 94                 1021 	.db #0x94	; 148
   03AE 68                 1022 	.db #0x68	; 104	'h'
   03AF C0                 1023 	.db #0xc0	; 192
   03B0 C0                 1024 	.db #0xc0	; 192
   03B1 94                 1025 	.db #0x94	; 148
   03B2 68                 1026 	.db #0x68	; 104	'h'
   03B3 C0                 1027 	.db #0xc0	; 192
   03B4 C0                 1028 	.db #0xc0	; 192
   03B5 94                 1029 	.db #0x94	; 148
   03B6 68                 1030 	.db #0x68	; 104	'h'
   03B7 C0                 1031 	.db #0xc0	; 192
   03B8 C0                 1032 	.db #0xc0	; 192
   03B9 68                 1033 	.db #0x68	; 104	'h'
   03BA 1E                 1034 	.db #0x1e	; 30
   03BB 40                 1035 	.db #0x40	; 64
   03BC 40                 1036 	.db #0x40	; 64
   03BD 68                 1037 	.db #0x68	; 104	'h'
   03BE 1E                 1038 	.db #0x1e	; 30
   03BF 40                 1039 	.db #0x40	; 64
   03C0 14                 1040 	.db #0x14	; 20
   03C1 0F                 1041 	.db #0x0f	; 15
   03C2 0F                 1042 	.db #0x0f	; 15
   03C3 28                 1043 	.db #0x28	; 40
   03C4 14                 1044 	.db #0x14	; 20
   03C5 0F                 1045 	.db #0x0f	; 15
   03C6 0F                 1046 	.db #0x0f	; 15
   03C7 28                 1047 	.db #0x28	; 40
   03C8 68                 1048 	.db #0x68	; 104	'h'
   03C9 40                 1049 	.db #0x40	; 64
   03CA 40                 1050 	.db #0x40	; 64
   03CB 14                 1051 	.db #0x14	; 20
   03CC 68                 1052 	.db #0x68	; 104	'h'
   03CD 40                 1053 	.db #0x40	; 64
   03CE 40                 1054 	.db #0x40	; 64
   03CF 14                 1055 	.db #0x14	; 20
   03D0                    1056 _cannons_sp_15:
   03D0 00                 1057 	.db #0x00	; 0
   03D1 80                 1058 	.db #0x80	; 128
   03D2 80                 1059 	.db #0x80	; 128
   03D3 80                 1060 	.db #0x80	; 128
   03D4 00                 1061 	.db #0x00	; 0
   03D5 80                 1062 	.db #0x80	; 128
   03D6 80                 1063 	.db #0x80	; 128
   03D7 80                 1064 	.db #0x80	; 128
   03D8 00                 1065 	.db #0x00	; 0
   03D9 3F                 1066 	.db #0x3f	; 63
   03DA 3F                 1067 	.db #0x3f	; 63
   03DB 2A                 1068 	.db #0x2a	; 42
   03DC 00                 1069 	.db #0x00	; 0
   03DD 3F                 1070 	.db #0x3f	; 63
   03DE 3F                 1071 	.db #0x3f	; 63
   03DF 2A                 1072 	.db #0x2a	; 42
   03E0 80                 1073 	.db #0x80	; 128
   03E1 3F                 1074 	.db #0x3f	; 63
   03E2 C0                 1075 	.db #0xc0	; 192
   03E3 80                 1076 	.db #0x80	; 128
   03E4 80                 1077 	.db #0x80	; 128
   03E5 3F                 1078 	.db #0x3f	; 63
   03E6 C0                 1079 	.db #0xc0	; 192
   03E7 C0                 1080 	.db #0xc0	; 192
   03E8 C0                 1081 	.db #0xc0	; 192
   03E9 C0                 1082 	.db #0xc0	; 192
   03EA C0                 1083 	.db #0xc0	; 192
   03EB C0                 1084 	.db #0xc0	; 192
   03EC C0                 1085 	.db #0xc0	; 192
   03ED C0                 1086 	.db #0xc0	; 192
   03EE C0                 1087 	.db #0xc0	; 192
   03EF C0                 1088 	.db #0xc0	; 192
   03F0 C0                 1089 	.db #0xc0	; 192
   03F1 C0                 1090 	.db #0xc0	; 192
   03F2 C0                 1091 	.db #0xc0	; 192
   03F3 C0                 1092 	.db #0xc0	; 192
   03F4 C0                 1093 	.db #0xc0	; 192
   03F5 C0                 1094 	.db #0xc0	; 192
   03F6 C0                 1095 	.db #0xc0	; 192
   03F7 C0                 1096 	.db #0xc0	; 192
   03F8 80                 1097 	.db #0x80	; 128
   03F9 3F                 1098 	.db #0x3f	; 63
   03FA C0                 1099 	.db #0xc0	; 192
   03FB C0                 1100 	.db #0xc0	; 192
   03FC 80                 1101 	.db #0x80	; 128
   03FD 3F                 1102 	.db #0x3f	; 63
   03FE C0                 1103 	.db #0xc0	; 192
   03FF 80                 1104 	.db #0x80	; 128
   0400 00                 1105 	.db #0x00	; 0
   0401 3F                 1106 	.db #0x3f	; 63
   0402 3F                 1107 	.db #0x3f	; 63
   0403 2A                 1108 	.db #0x2a	; 42
   0404 00                 1109 	.db #0x00	; 0
   0405 3F                 1110 	.db #0x3f	; 63
   0406 3F                 1111 	.db #0x3f	; 63
   0407 2A                 1112 	.db #0x2a	; 42
   0408 00                 1113 	.db #0x00	; 0
   0409 80                 1114 	.db #0x80	; 128
   040A 80                 1115 	.db #0x80	; 128
   040B 80                 1116 	.db #0x80	; 128
   040C 00                 1117 	.db #0x00	; 0
   040D 80                 1118 	.db #0x80	; 128
   040E 80                 1119 	.db #0x80	; 128
   040F 80                 1120 	.db #0x80	; 128
   0410                    1121 _cannons_sp_16:
   0410 00                 1122 	.db #0x00	; 0
   0411 C0                 1123 	.db #0xc0	; 192
   0412 C0                 1124 	.db #0xc0	; 192
   0413 00                 1125 	.db #0x00	; 0
   0414 00                 1126 	.db #0x00	; 0
   0415 C0                 1127 	.db #0xc0	; 192
   0416 C0                 1128 	.db #0xc0	; 192
   0417 00                 1129 	.db #0x00	; 0
   0418 00                 1130 	.db #0x00	; 0
   0419 40                 1131 	.db #0x40	; 64
   041A 80                 1132 	.db #0x80	; 128
   041B 00                 1133 	.db #0x00	; 0
   041C 00                 1134 	.db #0x00	; 0
   041D 40                 1135 	.db #0x40	; 64
   041E 80                 1136 	.db #0x80	; 128
   041F 00                 1137 	.db #0x00	; 0
   0420 95                 1138 	.db #0x95	; 149
   0421 6A                 1139 	.db #0x6a	; 106	'j'
   0422 95                 1140 	.db #0x95	; 149
   0423 6A                 1141 	.db #0x6a	; 106	'j'
   0424 95                 1142 	.db #0x95	; 149
   0425 6A                 1143 	.db #0x6a	; 106	'j'
   0426 95                 1144 	.db #0x95	; 149
   0427 6A                 1145 	.db #0x6a	; 106	'j'
   0428 15                 1146 	.db #0x15	; 21
   0429 6A                 1147 	.db #0x6a	; 106	'j'
   042A 95                 1148 	.db #0x95	; 149
   042B 2A                 1149 	.db #0x2a	; 42
   042C 15                 1150 	.db #0x15	; 21
   042D 6A                 1151 	.db #0x6a	; 106	'j'
   042E 95                 1152 	.db #0x95	; 149
   042F 2A                 1153 	.db #0x2a	; 42
   0430 95                 1154 	.db #0x95	; 149
   0431 C0                 1155 	.db #0xc0	; 192
   0432 C0                 1156 	.db #0xc0	; 192
   0433 6A                 1157 	.db #0x6a	; 106	'j'
   0434 95                 1158 	.db #0x95	; 149
   0435 C0                 1159 	.db #0xc0	; 192
   0436 C0                 1160 	.db #0xc0	; 192
   0437 6A                 1161 	.db #0x6a	; 106	'j'
   0438 15                 1162 	.db #0x15	; 21
   0439 C0                 1163 	.db #0xc0	; 192
   043A C0                 1164 	.db #0xc0	; 192
   043B 2A                 1165 	.db #0x2a	; 42
   043C 15                 1166 	.db #0x15	; 21
   043D C0                 1167 	.db #0xc0	; 192
   043E C0                 1168 	.db #0xc0	; 192
   043F 2A                 1169 	.db #0x2a	; 42
   0440 95                 1170 	.db #0x95	; 149
   0441 C0                 1171 	.db #0xc0	; 192
   0442 C0                 1172 	.db #0xc0	; 192
   0443 6A                 1173 	.db #0x6a	; 106	'j'
   0444 95                 1174 	.db #0x95	; 149
   0445 C0                 1175 	.db #0xc0	; 192
   0446 C0                 1176 	.db #0xc0	; 192
   0447 6A                 1177 	.db #0x6a	; 106	'j'
   0448 00                 1178 	.db #0x00	; 0
   0449 40                 1179 	.db #0x40	; 64
   044A 80                 1180 	.db #0x80	; 128
   044B 00                 1181 	.db #0x00	; 0
   044C 00                 1182 	.db #0x00	; 0
   044D 40                 1183 	.db #0x40	; 64
   044E 80                 1184 	.db #0x80	; 128
   044F 00                 1185 	.db #0x00	; 0
   0450                    1186 _cannons_sp_17:
   0450 40                 1187 	.db #0x40	; 64
   0451 40                 1188 	.db #0x40	; 64
   0452 40                 1189 	.db #0x40	; 64
   0453 00                 1190 	.db #0x00	; 0
   0454 40                 1191 	.db #0x40	; 64
   0455 40                 1192 	.db #0x40	; 64
   0456 40                 1193 	.db #0x40	; 64
   0457 00                 1194 	.db #0x00	; 0
   0458 15                 1195 	.db #0x15	; 21
   0459 3F                 1196 	.db #0x3f	; 63
   045A 3F                 1197 	.db #0x3f	; 63
   045B 00                 1198 	.db #0x00	; 0
   045C 15                 1199 	.db #0x15	; 21
   045D 3F                 1200 	.db #0x3f	; 63
   045E 3F                 1201 	.db #0x3f	; 63
   045F 00                 1202 	.db #0x00	; 0
   0460 40                 1203 	.db #0x40	; 64
   0461 C0                 1204 	.db #0xc0	; 192
   0462 3F                 1205 	.db #0x3f	; 63
   0463 40                 1206 	.db #0x40	; 64
   0464 C0                 1207 	.db #0xc0	; 192
   0465 C0                 1208 	.db #0xc0	; 192
   0466 3F                 1209 	.db #0x3f	; 63
   0467 40                 1210 	.db #0x40	; 64
   0468 C0                 1211 	.db #0xc0	; 192
   0469 C0                 1212 	.db #0xc0	; 192
   046A C0                 1213 	.db #0xc0	; 192
   046B C0                 1214 	.db #0xc0	; 192
   046C C0                 1215 	.db #0xc0	; 192
   046D C0                 1216 	.db #0xc0	; 192
   046E C0                 1217 	.db #0xc0	; 192
   046F C0                 1218 	.db #0xc0	; 192
   0470 C0                 1219 	.db #0xc0	; 192
   0471 C0                 1220 	.db #0xc0	; 192
   0472 C0                 1221 	.db #0xc0	; 192
   0473 C0                 1222 	.db #0xc0	; 192
   0474 C0                 1223 	.db #0xc0	; 192
   0475 C0                 1224 	.db #0xc0	; 192
   0476 C0                 1225 	.db #0xc0	; 192
   0477 C0                 1226 	.db #0xc0	; 192
   0478 C0                 1227 	.db #0xc0	; 192
   0479 C0                 1228 	.db #0xc0	; 192
   047A 3F                 1229 	.db #0x3f	; 63
   047B 40                 1230 	.db #0x40	; 64
   047C 40                 1231 	.db #0x40	; 64
   047D C0                 1232 	.db #0xc0	; 192
   047E 3F                 1233 	.db #0x3f	; 63
   047F 40                 1234 	.db #0x40	; 64
   0480 15                 1235 	.db #0x15	; 21
   0481 3F                 1236 	.db #0x3f	; 63
   0482 3F                 1237 	.db #0x3f	; 63
   0483 00                 1238 	.db #0x00	; 0
   0484 15                 1239 	.db #0x15	; 21
   0485 3F                 1240 	.db #0x3f	; 63
   0486 3F                 1241 	.db #0x3f	; 63
   0487 00                 1242 	.db #0x00	; 0
   0488 40                 1243 	.db #0x40	; 64
   0489 40                 1244 	.db #0x40	; 64
   048A 40                 1245 	.db #0x40	; 64
   048B 00                 1246 	.db #0x00	; 0
   048C 40                 1247 	.db #0x40	; 64
   048D 40                 1248 	.db #0x40	; 64
   048E 40                 1249 	.db #0x40	; 64
   048F 00                 1250 	.db #0x00	; 0
   0490                    1251 _cannons_sp_18:
   0490 00                 1252 	.db #0x00	; 0
   0491 40                 1253 	.db #0x40	; 64
   0492 80                 1254 	.db #0x80	; 128
   0493 00                 1255 	.db #0x00	; 0
   0494 00                 1256 	.db #0x00	; 0
   0495 40                 1257 	.db #0x40	; 64
   0496 80                 1258 	.db #0x80	; 128
   0497 00                 1259 	.db #0x00	; 0
   0498 95                 1260 	.db #0x95	; 149
   0499 C0                 1261 	.db #0xc0	; 192
   049A C0                 1262 	.db #0xc0	; 192
   049B 6A                 1263 	.db #0x6a	; 106	'j'
   049C 95                 1264 	.db #0x95	; 149
   049D C0                 1265 	.db #0xc0	; 192
   049E C0                 1266 	.db #0xc0	; 192
   049F 6A                 1267 	.db #0x6a	; 106	'j'
   04A0 15                 1268 	.db #0x15	; 21
   04A1 C0                 1269 	.db #0xc0	; 192
   04A2 C0                 1270 	.db #0xc0	; 192
   04A3 2A                 1271 	.db #0x2a	; 42
   04A4 15                 1272 	.db #0x15	; 21
   04A5 C0                 1273 	.db #0xc0	; 192
   04A6 C0                 1274 	.db #0xc0	; 192
   04A7 2A                 1275 	.db #0x2a	; 42
   04A8 95                 1276 	.db #0x95	; 149
   04A9 C0                 1277 	.db #0xc0	; 192
   04AA C0                 1278 	.db #0xc0	; 192
   04AB 6A                 1279 	.db #0x6a	; 106	'j'
   04AC 95                 1280 	.db #0x95	; 149
   04AD C0                 1281 	.db #0xc0	; 192
   04AE C0                 1282 	.db #0xc0	; 192
   04AF 6A                 1283 	.db #0x6a	; 106	'j'
   04B0 15                 1284 	.db #0x15	; 21
   04B1 6A                 1285 	.db #0x6a	; 106	'j'
   04B2 95                 1286 	.db #0x95	; 149
   04B3 2A                 1287 	.db #0x2a	; 42
   04B4 15                 1288 	.db #0x15	; 21
   04B5 6A                 1289 	.db #0x6a	; 106	'j'
   04B6 95                 1290 	.db #0x95	; 149
   04B7 2A                 1291 	.db #0x2a	; 42
   04B8 95                 1292 	.db #0x95	; 149
   04B9 6A                 1293 	.db #0x6a	; 106	'j'
   04BA 95                 1294 	.db #0x95	; 149
   04BB 6A                 1295 	.db #0x6a	; 106	'j'
   04BC 95                 1296 	.db #0x95	; 149
   04BD 6A                 1297 	.db #0x6a	; 106	'j'
   04BE 95                 1298 	.db #0x95	; 149
   04BF 6A                 1299 	.db #0x6a	; 106	'j'
   04C0 00                 1300 	.db #0x00	; 0
   04C1 40                 1301 	.db #0x40	; 64
   04C2 80                 1302 	.db #0x80	; 128
   04C3 00                 1303 	.db #0x00	; 0
   04C4 00                 1304 	.db #0x00	; 0
   04C5 40                 1305 	.db #0x40	; 64
   04C6 80                 1306 	.db #0x80	; 128
   04C7 00                 1307 	.db #0x00	; 0
   04C8 00                 1308 	.db #0x00	; 0
   04C9 C0                 1309 	.db #0xc0	; 192
   04CA C0                 1310 	.db #0xc0	; 192
   04CB 00                 1311 	.db #0x00	; 0
   04CC 00                 1312 	.db #0x00	; 0
   04CD C0                 1313 	.db #0xc0	; 192
   04CE C0                 1314 	.db #0xc0	; 192
   04CF 00                 1315 	.db #0x00	; 0
   04D0                    1316 _cannons_sp_19:
   04D0 68                 1317 	.db #0x68	; 104	'h'
   04D1 40                 1318 	.db #0x40	; 64
   04D2 40                 1319 	.db #0x40	; 64
   04D3 14                 1320 	.db #0x14	; 20
   04D4 68                 1321 	.db #0x68	; 104	'h'
   04D5 40                 1322 	.db #0x40	; 64
   04D6 40                 1323 	.db #0x40	; 64
   04D7 14                 1324 	.db #0x14	; 20
   04D8 14                 1325 	.db #0x14	; 20
   04D9 3F                 1326 	.db #0x3f	; 63
   04DA 3F                 1327 	.db #0x3f	; 63
   04DB 28                 1328 	.db #0x28	; 40
   04DC 14                 1329 	.db #0x14	; 20
   04DD 3F                 1330 	.db #0x3f	; 63
   04DE 3F                 1331 	.db #0x3f	; 63
   04DF 28                 1332 	.db #0x28	; 40
   04E0 40                 1333 	.db #0x40	; 64
   04E1 68                 1334 	.db #0x68	; 104	'h'
   04E2 3E                 1335 	.db #0x3e	; 62
   04E3 40                 1336 	.db #0x40	; 64
   04E4 C0                 1337 	.db #0xc0	; 192
   04E5 68                 1338 	.db #0x68	; 104	'h'
   04E6 3E                 1339 	.db #0x3e	; 62
   04E7 40                 1340 	.db #0x40	; 64
   04E8 C0                 1341 	.db #0xc0	; 192
   04E9 94                 1342 	.db #0x94	; 148
   04EA 68                 1343 	.db #0x68	; 104	'h'
   04EB C0                 1344 	.db #0xc0	; 192
   04EC C0                 1345 	.db #0xc0	; 192
   04ED 94                 1346 	.db #0x94	; 148
   04EE 68                 1347 	.db #0x68	; 104	'h'
   04EF C0                 1348 	.db #0xc0	; 192
   04F0 C0                 1349 	.db #0xc0	; 192
   04F1 94                 1350 	.db #0x94	; 148
   04F2 68                 1351 	.db #0x68	; 104	'h'
   04F3 C0                 1352 	.db #0xc0	; 192
   04F4 C0                 1353 	.db #0xc0	; 192
   04F5 94                 1354 	.db #0x94	; 148
   04F6 68                 1355 	.db #0x68	; 104	'h'
   04F7 C0                 1356 	.db #0xc0	; 192
   04F8 C0                 1357 	.db #0xc0	; 192
   04F9 68                 1358 	.db #0x68	; 104	'h'
   04FA 3E                 1359 	.db #0x3e	; 62
   04FB 40                 1360 	.db #0x40	; 64
   04FC 40                 1361 	.db #0x40	; 64
   04FD 68                 1362 	.db #0x68	; 104	'h'
   04FE 3E                 1363 	.db #0x3e	; 62
   04FF 40                 1364 	.db #0x40	; 64
   0500 14                 1365 	.db #0x14	; 20
   0501 3F                 1366 	.db #0x3f	; 63
   0502 3F                 1367 	.db #0x3f	; 63
   0503 28                 1368 	.db #0x28	; 40
   0504 14                 1369 	.db #0x14	; 20
   0505 3F                 1370 	.db #0x3f	; 63
   0506 3F                 1371 	.db #0x3f	; 63
   0507 28                 1372 	.db #0x28	; 40
   0508 68                 1373 	.db #0x68	; 104	'h'
   0509 40                 1374 	.db #0x40	; 64
   050A 40                 1375 	.db #0x40	; 64
   050B 14                 1376 	.db #0x14	; 20
   050C 68                 1377 	.db #0x68	; 104	'h'
   050D 40                 1378 	.db #0x40	; 64
   050E 40                 1379 	.db #0x40	; 64
   050F 14                 1380 	.db #0x14	; 20
                           1381 	.area _INITIALIZER
                           1382 	.area _CABS (ABS)
